[ 2016-05-31T16:12:32+08:00 ] 221.4.215.219 /wikewechat/
INFO: [ app_begin ] --START--
INFO: Run Behavior\ReadHtmlCacheBehavior [ RunTime:0.000066s ]
INFO: [ app_begin ] --END-- [ RunTime:0.000199s ]
NOTIC: [8] A session had already been started - ignoring session_start() /var/www/html/wikewechat/APP/Home/Controller/IndexController.class.php 第 4 行.
NOTIC: [8] A session had already been started - ignoring session_start() /var/www/html/wikewechat/APP/Home/Controller/IndexController.class.php 第 12 行.
SQL: SHOW COLUMNS FROM `wike_direction` [ RunTime:0.0100s ]
SQL: SELECT * FROM `wike_direction`  [ RunTime:0.0308s ]
SQL: SHOW COLUMNS FROM `wike_type` [ RunTime:0.0098s ]
SQL: SELECT * FROM `wike_type` WHERE ( did=1 )  [ RunTime:0.0105s ]
SQL: SELECT * FROM `wike_type` WHERE ( did=2 )  [ RunTime:0.0093s ]
SQL: SELECT * FROM `wike_type` WHERE ( did=3 )  [ RunTime:0.0093s ]
SQL: SELECT * FROM `wike_type` WHERE ( did=4 )  [ RunTime:0.0094s ]
SQL: SELECT * FROM `wike_type` WHERE ( did=5 )  [ RunTime:0.0094s ]
DEBUG: session:Array
(
)

NOTIC: [8] Undefined index: stu_id /var/www/html/wikewechat/APP/Home/Controller/IndexController.class.php 第 24 行.
NOTIC: [8] Undefined index: stu_id /var/www/html/wikewechat/APP/Home/Controller/IndexController.class.php 第 27 行.
INFO: [ view_parse ] --START--
INFO: [ template_filter ] --START--
INFO: Run Behavior\ContentReplaceBehavior [ RunTime:0.000037s ]
INFO: [ template_filter ] --END-- [ RunTime:0.000082s ]
NOTIC: [8] Use of undefined constant name - assumed 'name' /var/www/html/wikewechat/APP/Runtime/Cache/Home/a59b5e3d0bfe1e0eebc9ef04a084f7b9.php 第 119 行.
NOTIC: [8] Use of undefined constant course - assumed 'course' /var/www/html/wikewechat/APP/Runtime/Cache/Home/a59b5e3d0bfe1e0eebc9ef04a084f7b9.php 第 121 行.
NOTIC: [8] Use of undefined constant course - assumed 'course' /var/www/html/wikewechat/APP/Runtime/Cache/Home/a59b5e3d0bfe1e0eebc9ef04a084f7b9.php 第 121 行.
NOTIC: [8] Use of undefined constant id - assumed 'id' /var/www/html/wikewechat/APP/Runtime/Cache/Home/a59b5e3d0bfe1e0eebc9ef04a084f7b9.php 第 121 行.
NOTIC: [8] Use of undefined constant id - assumed 'id' /var/www/html/wikewechat/APP/Runtime/Cache/Home/a59b5e3d0bfe1e0eebc9ef04a084f7b9.php 第 121 行.
NOTIC: [8] Use of undefined constant name - assumed 'name' /var/www/html/wikewechat/APP/Runtime/Cache/Home/a59b5e3d0bfe1e0eebc9ef04a084f7b9.php 第 123 行.
NOTIC: [8] Use of undefined constant tdev - assumed 'tdev' /var/www/html/wikewechat/APP/Runtime/Cache/Home/a59b5e3d0bfe1e0eebc9ef04a084f7b9.php 第 125 行.
NOTIC: [8] Use of undefined constant id - assumed 'id' /var/www/html/wikewechat/APP/Runtime/Cache/Home/a59b5e3d0bfe1e0eebc9ef04a084f7b9.php 第 121 行.
NOTIC: [8] Use of undefined constant id - assumed 'id' /var/www/html/wikewechat/APP/Runtime/Cache/Home/a59b5e3d0bfe1e0eebc9ef04a084f7b9.php 第 121 行.
NOTIC: [8] Use of undefined constant name - assumed 'name' /var/www/html/wikewechat/APP/Runtime/Cache/Home/a59b5e3d0bfe1e0eebc9ef04a084f7b9.php 第 123 行.
NOTIC: [8] Use of undefined constant tdev - assumed 'tdev' /var/www/html/wikewechat/APP/Runtime/Cache/Home/a59b5e3d0bfe1e0eebc9ef04a084f7b9.php 第 125 行.
NOTIC: [8] Use of undefined constant id - assumed 'id' /var/www/html/wikewechat/APP/Runtime/Cache/Home/a59b5e3d0bfe1e0eebc9ef04a084f7b9.php 第 121 行.
NOTIC: [8] Use of undefined constant id - assumed 'id' /var/www/html/wikewechat/APP/Runtime/Cache/Home/a59b5e3d0bfe1e0eebc9ef04a084f7b9.php 第 121 行.
NOTIC: [8] Use of undefined constant name - assumed 'name' /var/www/html/wikewechat/APP/Runtime/Cache/Home/a59b5e3d0bfe1e0eebc9ef04a084f7b9.php 第 123 行.
NOTIC: [8] Use of undefined constant tdev - assumed 'tdev' /var/www/html/wikewechat/APP/Runtime/Cache/Home/a59b5e3d0bfe1e0eebc9ef04a084f7b9.php 第 125 行.
NOTIC: [8] Use of undefined constant name - assumed 'name' /var/www/html/wikewechat/APP/Runtime/Cache/Home/a59b5e3d0bfe1e0eebc9ef04a084f7b9.php 第 119 行.
NOTIC: [8] Use of undefined constant course - assumed 'course' /var/www/html/wikewechat/APP/Runtime/Cache/Home/a59b5e3d0bfe1e0eebc9ef04a084f7b9.php 第 121 行.
NOTIC: [8] Use of undefined constant course - assumed 'course' /var/www/html/wikewechat/APP/Runtime/Cache/Home/a59b5e3d0bfe1e0eebc9ef04a084f7b9.php 第 121 行.
NOTIC: [8] Use of undefined constant id - assumed 'id' /var/www/html/wikewechat/APP/Runtime/Cache/Home/a59b5e3d0bfe1e0eebc9ef04a084f7b9.php 第 121 行.
NOTIC: [8] Use of undefined constant id - assumed 'id' /var/www/html/wikewechat/APP/Runtime/Cache/Home/a59b5e3d0bfe1e0eebc9ef04a084f7b9.php 第 121 行.
NOTIC: [8] Use of undefined constant name - assumed 'name' /var/www/html/wikewechat/APP/Runtime/Cache/Home/a59b5e3d0bfe1e0eebc9ef04a084f7b9.php 第 123 行.
NOTIC: [8] Use of undefined constant tdev - assumed 'tdev' /var/www/html/wikewechat/APP/Runtime/Cache/Home/a59b5e3d0bfe1e0eebc9ef04a084f7b9.php 第 125 行.
NOTIC: [8] Use of undefined constant id - assumed 'id' /var/www/html/wikewechat/APP/Runtime/Cache/Home/a59b5e3d0bfe1e0eebc9ef04a084f7b9.php 第 121 行.
NOTIC: [8] Use of undefined constant id - assumed 'id' /var/www/html/wikewechat/APP/Runtime/Cache/Home/a59b5e3d0bfe1e0eebc9ef04a084f7b9.php 第 121 行.
NOTIC: [8] Use of undefined constant name - assumed 'name' /var/www/html/wikewechat/APP/Runtime/Cache/Home/a59b5e3d0bfe1e0eebc9ef04a084f7b9.php 第 123 行.
NOTIC: [8] Use of undefined constant tdev - assumed 'tdev' /var/www/html/wikewechat/APP/Runtime/Cache/Home/a59b5e3d0bfe1e0eebc9ef04a084f7b9.php 第 125 行.
NOTIC: [8] Use of undefined constant id - assumed 'id' /var/www/html/wikewechat/APP/Runtime/Cache/Home/a59b5e3d0bfe1e0eebc9ef04a084f7b9.php 第 121 行.
NOTIC: [8] Use of undefined constant id - assumed 'id' /var/www/html/wikewechat/APP/Runtime/Cache/Home/a59b5e3d0bfe1e0eebc9ef04a084f7b9.php 第 121 行.
NOTIC: [8] Use of undefined constant name - assumed 'name' /var/www/html/wikewechat/APP/Runtime/Cache/Home/a59b5e3d0bfe1e0eebc9ef04a084f7b9.php 第 123 行.
NOTIC: [8] Use of undefined constant tdev - assumed 'tdev' /var/www/html/wikewechat/APP/Runtime/Cache/Home/a59b5e3d0bfe1e0eebc9ef04a084f7b9.php 第 125 行.
NOTIC: [8] Use of undefined constant name - assumed 'name' /var/www/html/wikewechat/APP/Runtime/Cache/Home/a59b5e3d0bfe1e0eebc9ef04a084f7b9.php 第 119 行.
NOTIC: [8] Use of undefined constant course - assumed 'course' /var/www/html/wikewechat/APP/Runtime/Cache/Home/a59b5e3d0bfe1e0eebc9ef04a084f7b9.php 第 121 行.
NOTIC: [8] Use of undefined constant course - assumed 'course' /var/www/html/wikewechat/APP/Runtime/Cache/Home/a59b5e3d0bfe1e0eebc9ef04a084f7b9.php 第 121 行.
NOTIC: [8] Use of undefined constant id - assumed 'id' /var/www/html/wikewechat/APP/Runtime/Cache/Home/a59b5e3d0bfe1e0eebc9ef04a084f7b9.php 第 121 行.
NOTIC: [8] Use of undefined constant id - assumed 'id' /var/www/html/wikewechat/APP/Runtime/Cache/Home/a59b5e3d0bfe1e0eebc9ef04a084f7b9.php 第 121 行.
NOTIC: [8] Use of undefined constant name - assumed 'name' /var/www/html/wikewechat/APP/Runtime/Cache/Home/a59b5e3d0bfe1e0eebc9ef04a084f7b9.php 第 123 行.
NOTIC: [8] Use of undefined constant tdev - assumed 'tdev' /var/www/html/wikewechat/APP/Runtime/Cache/Home/a59b5e3d0bfe1e0eebc9ef04a084f7b9.php 第 125 行.
NOTIC: [8] Use of undefined constant id - assumed 'id' /var/www/html/wikewechat/APP/Runtime/Cache/Home/a59b5e3d0bfe1e0eebc9ef04a084f7b9.php 第 121 行.
NOTIC: [8] Use of undefined constant id - assumed 'id' /var/www/html/wikewechat/APP/Runtime/Cache/Home/a59b5e3d0bfe1e0eebc9ef04a084f7b9.php 第 121 行.
NOTIC: [8] Use of undefined constant name - assumed 'name' /var/www/html/wikewechat/APP/Runtime/Cache/Home/a59b5e3d0bfe1e0eebc9ef04a084f7b9.php 第 123 行.
NOTIC: [8] Use of undefined constant tdev - assumed 'tdev' /var/www/html/wikewechat/APP/Runtime/Cache/Home/a59b5e3d0bfe1e0eebc9ef04a084f7b9.php 第 125 行.
NOTIC: [8] Use of undefined constant name - assumed 'name' /var/www/html/wikewechat/APP/Runtime/Cache/Home/a59b5e3d0bfe1e0eebc9ef04a084f7b9.php 第 119 行.
NOTIC: [8] Use of undefined constant course - assumed 'course' /var/www/html/wikewechat/APP/Runtime/Cache/Home/a59b5e3d0bfe1e0eebc9ef04a084f7b9.php 第 121 行.
NOTIC: [8] Use of undefined constant course - assumed 'course' /var/www/html/wikewechat/APP/Runtime/Cache/Home/a59b5e3d0bfe1e0eebc9ef04a084f7b9.php 第 121 行.
NOTIC: [8] Use of undefined constant id - assumed 'id' /var/www/html/wikewechat/APP/Runtime/Cache/Home/a59b5e3d0bfe1e0eebc9ef04a084f7b9.php 第 121 行.
NOTIC: [8] Use of undefined constant id - assumed 'id' /var/www/html/wikewechat/APP/Runtime/Cache/Home/a59b5e3d0bfe1e0eebc9ef04a084f7b9.php 第 121 行.
NOTIC: [8] Use of undefined constant name - assumed 'name' /var/www/html/wikewechat/APP/Runtime/Cache/Home/a59b5e3d0bfe1e0eebc9ef04a084f7b9.php 第 123 行.
NOTIC: [8] Use of undefined constant tdev - assumed 'tdev' /var/www/html/wikewechat/APP/Runtime/Cache/Home/a59b5e3d0bfe1e0eebc9ef04a084f7b9.php 第 125 行.
NOTIC: [8] Use of undefined constant name - assumed 'name' /var/www/html/wikewechat/APP/Runtime/Cache/Home/a59b5e3d0bfe1e0eebc9ef04a084f7b9.php 第 119 行.
NOTIC: [8] Use of undefined constant course - assumed 'course' /var/www/html/wikewechat/APP/Runtime/Cache/Home/a59b5e3d0bfe1e0eebc9ef04a084f7b9.php 第 121 行.
NOTIC: [8] Use of undefined constant course - assumed 'course' /var/www/html/wikewechat/APP/Runtime/Cache/Home/a59b5e3d0bfe1e0eebc9ef04a084f7b9.php 第 121 行.
NOTIC: [8] Use of undefined constant id - assumed 'id' /var/www/html/wikewechat/APP/Runtime/Cache/Home/a59b5e3d0bfe1e0eebc9ef04a084f7b9.php 第 121 行.
NOTIC: [8] Use of undefined constant id - assumed 'id' /var/www/html/wikewechat/APP/Runtime/Cache/Home/a59b5e3d0bfe1e0eebc9ef04a084f7b9.php 第 121 行.
NOTIC: [8] Use of undefined constant name - assumed 'name' /var/www/html/wikewechat/APP/Runtime/Cache/Home/a59b5e3d0bfe1e0eebc9ef04a084f7b9.php 第 123 行.
NOTIC: [8] Use of undefined constant tdev - assumed 'tdev' /var/www/html/wikewechat/APP/Runtime/Cache/Home/a59b5e3d0bfe1e0eebc9ef04a084f7b9.php 第 125 行.
INFO: Run Behavior\ParseTemplateBehavior [ RunTime:0.006152s ]
INFO: [ view_parse ] --END-- [ RunTime:0.006202s ]
INFO: [ view_filter ] --START--
INFO: Run Behavior\WriteHtmlCacheBehavior [ RunTime:0.000064s ]
INFO: [ view_filter ] --END-- [ RunTime:0.000117s ]
INFO: [ app_end ] --START--
INFO: Run Behavior\ShowPageTraceBehavior [ RunTime:0.000061s ]
INFO: [ app_end ] --END-- [ RunTime:0.000104s ]

[ 2016-05-31T16:25:39+08:00 ] 221.4.215.219 /wikewechat/
INFO: [ app_begin ] --START--
INFO: Run Behavior\ReadHtmlCacheBehavior [ RunTime:0.000048s ]
INFO: [ app_begin ] --END-- [ RunTime:0.000121s ]
NOTIC: [8] A session had already been started - ignoring session_start() /var/www/html/wikewechat/APP/Home/Controller/IndexController.class.php 第 4 行.
NOTIC: [8] A session had already been started - ignoring session_start() /var/www/html/wikewechat/APP/Home/Controller/IndexController.class.php 第 12 行.
SQL: SHOW COLUMNS FROM `wike_direction` [ RunTime:0.0128s ]
SQL: SELECT * FROM `wike_direction`  [ RunTime:0.0096s ]
SQL: SHOW COLUMNS FROM `wike_type` [ RunTime:0.0100s ]
SQL: SELECT * FROM `wike_type` WHERE ( did=1 )  [ RunTime:0.0096s ]
SQL: SELECT * FROM `wike_type` WHERE ( did=2 )  [ RunTime:0.0097s ]
SQL: SELECT * FROM `wike_type` WHERE ( did=3 )  [ RunTime:0.0097s ]
SQL: SELECT * FROM `wike_type` WHERE ( did=4 )  [ RunTime:0.0097s ]
SQL: SELECT * FROM `wike_type` WHERE ( did=5 )  [ RunTime:0.0097s ]
DEBUG: session:Array
(
)

NOTIC: [8] Undefined index: stu_id /var/www/html/wikewechat/APP/Home/Controller/IndexController.class.php 第 24 行.
NOTIC: [8] Undefined index: stu_id /var/www/html/wikewechat/APP/Home/Controller/IndexController.class.php 第 27 行.
INFO: [ view_parse ] --START--
INFO: [ template_filter ] --START--
INFO: Run Behavior\ContentReplaceBehavior [ RunTime:0.000036s ]
INFO: [ template_filter ] --END-- [ RunTime:0.000076s ]
NOTIC: [8] Use of undefined constant name - assumed 'name' /var/www/html/wikewechat/APP/Runtime/Cache/Home/a59b5e3d0bfe1e0eebc9ef04a084f7b9.php 第 119 行.
NOTIC: [8] Use of undefined constant course - assumed 'course' /var/www/html/wikewechat/APP/Runtime/Cache/Home/a59b5e3d0bfe1e0eebc9ef04a084f7b9.php 第 121 行.
NOTIC: [8] Use of undefined constant course - assumed 'course' /var/www/html/wikewechat/APP/Runtime/Cache/Home/a59b5e3d0bfe1e0eebc9ef04a084f7b9.php 第 121 行.
NOTIC: [8] Use of undefined constant id - assumed 'id' /var/www/html/wikewechat/APP/Runtime/Cache/Home/a59b5e3d0bfe1e0eebc9ef04a084f7b9.php 第 121 行.
NOTIC: [8] Use of undefined constant id - assumed 'id' /var/www/html/wikewechat/APP/Runtime/Cache/Home/a59b5e3d0bfe1e0eebc9ef04a084f7b9.php 第 121 行.
NOTIC: [8] Use of undefined constant name - assumed 'name' /var/www/html/wikewechat/APP/Runtime/Cache/Home/a59b5e3d0bfe1e0eebc9ef04a084f7b9.php 第 123 行.
NOTIC: [8] Use of undefined constant tdev - assumed 'tdev' /var/www/html/wikewechat/APP/Runtime/Cache/Home/a59b5e3d0bfe1e0eebc9ef04a084f7b9.php 第 125 行.
NOTIC: [8] Use of undefined constant id - assumed 'id' /var/www/html/wikewechat/APP/Runtime/Cache/Home/a59b5e3d0bfe1e0eebc9ef04a084f7b9.php 第 121 行.
NOTIC: [8] Use of undefined constant id - assumed 'id' /var/www/html/wikewechat/APP/Runtime/Cache/Home/a59b5e3d0bfe1e0eebc9ef04a084f7b9.php 第 121 行.
NOTIC: [8] Use of undefined constant name - assumed 'name' /var/www/html/wikewechat/APP/Runtime/Cache/Home/a59b5e3d0bfe1e0eebc9ef04a084f7b9.php 第 123 行.
NOTIC: [8] Use of undefined constant tdev - assumed 'tdev' /var/www/html/wikewechat/APP/Runtime/Cache/Home/a59b5e3d0bfe1e0eebc9ef04a084f7b9.php 第 125 行.
NOTIC: [8] Use of undefined constant id - assumed 'id' /var/www/html/wikewechat/APP/Runtime/Cache/Home/a59b5e3d0bfe1e0eebc9ef04a084f7b9.php 第 121 行.
NOTIC: [8] Use of undefined constant id - assumed 'id' /var/www/html/wikewechat/APP/Runtime/Cache/Home/a59b5e3d0bfe1e0eebc9ef04a084f7b9.php 第 121 行.
NOTIC: [8] Use of undefined constant name - assumed 'name' /var/www/html/wikewechat/APP/Runtime/Cache/Home/a59b5e3d0bfe1e0eebc9ef04a084f7b9.php 第 123 行.
NOTIC: [8] Use of undefined constant tdev - assumed 'tdev' /var/www/html/wikewechat/APP/Runtime/Cache/Home/a59b5e3d0bfe1e0eebc9ef04a084f7b9.php 第 125 行.
NOTIC: [8] Use of undefined constant name - assumed 'name' /var/www/html/wikewechat/APP/Runtime/Cache/Home/a59b5e3d0bfe1e0eebc9ef04a084f7b9.php 第 119 行.
NOTIC: [8] Use of undefined constant course - assumed 'course' /var/www/html/wikewechat/APP/Runtime/Cache/Home/a59b5e3d0bfe1e0eebc9ef04a084f7b9.php 第 121 行.
NOTIC: [8] Use of undefined constant course - assumed 'course' /var/www/html/wikewechat/APP/Runtime/Cache/Home/a59b5e3d0bfe1e0eebc9ef04a084f7b9.php 第 121 行.
NOTIC: [8] Use of undefined constant id - assumed 'id' /var/www/html/wikewechat/APP/Runtime/Cache/Home/a59b5e3d0bfe1e0eebc9ef04a084f7b9.php 第 121 行.
NOTIC: [8] Use of undefined constant id - assumed 'id' /var/www/html/wikewechat/APP/Runtime/Cache/Home/a59b5e3d0bfe1e0eebc9ef04a084f7b9.php 第 121 行.
NOTIC: [8] Use of undefined constant name - assumed 'name' /var/www/html/wikewechat/APP/Runtime/Cache/Home/a59b5e3d0bfe1e0eebc9ef04a084f7b9.php 第 123 行.
NOTIC: [8] Use of undefined constant tdev - assumed 'tdev' /var/www/html/wikewechat/APP/Runtime/Cache/Home/a59b5e3d0bfe1e0eebc9ef04a084f7b9.php 第 125 行.
NOTIC: [8] Use of undefined constant id - assumed 'id' /var/www/html/wikewechat/APP/Runtime/Cache/Home/a59b5e3d0bfe1e0eebc9ef04a084f7b9.php 第 121 行.
NOTIC: [8] Use of undefined constant id - assumed 'id' /var/www/html/wikewechat/APP/Runtime/Cache/Home/a59b5e3d0bfe1e0eebc9ef04a084f7b9.php 第 121 行.
NOTIC: [8] Use of undefined constant name - assumed 'name' /var/www/html/wikewechat/APP/Runtime/Cache/Home/a59b5e3d0bfe1e0eebc9ef04a084f7b9.php 第 123 行.
NOTIC: [8] Use of undefined constant tdev - assumed 'tdev' /var/www/html/wikewechat/APP/Runtime/Cache/Home/a59b5e3d0bfe1e0eebc9ef04a084f7b9.php 第 125 行.
NOTIC: [8] Use of undefined constant id - assumed 'id' /var/www/html/wikewechat/APP/Runtime/Cache/Home/a59b5e3d0bfe1e0eebc9ef04a084f7b9.php 第 121 行.
NOTIC: [8] Use of undefined constant id - assumed 'id' /var/www/html/wikewechat/APP/Runtime/Cache/Home/a59b5e3d0bfe1e0eebc9ef04a084f7b9.php 第 121 行.
NOTIC: [8] Use of undefined constant name - assumed 'name' /var/www/html/wikewechat/APP/Runtime/Cache/Home/a59b5e3d0bfe1e0eebc9ef04a084f7b9.php 第 123 行.
NOTIC: [8] Use of undefined constant tdev - assumed 'tdev' /var/www/html/wikewechat/APP/Runtime/Cache/Home/a59b5e3d0bfe1e0eebc9ef04a084f7b9.php 第 125 行.
NOTIC: [8] Use of undefined constant name - assumed 'name' /var/www/html/wikewechat/APP/Runtime/Cache/Home/a59b5e3d0bfe1e0eebc9ef04a084f7b9.php 第 119 行.
NOTIC: [8] Use of undefined constant course - assumed 'course' /var/www/html/wikewechat/APP/Runtime/Cache/Home/a59b5e3d0bfe1e0eebc9ef04a084f7b9.php 第 121 行.
NOTIC: [8] Use of undefined constant course - assumed 'course' /var/www/html/wikewechat/APP/Runtime/Cache/Home/a59b5e3d0bfe1e0eebc9ef04a084f7b9.php 第 121 行.
NOTIC: [8] Use of undefined constant id - assumed 'id' /var/www/html/wikewechat/APP/Runtime/Cache/Home/a59b5e3d0bfe1e0eebc9ef04a084f7b9.php 第 121 行.
NOTIC: [8] Use of undefined constant id - assumed 'id' /var/www/html/wikewechat/APP/Runtime/Cache/Home/a59b5e3d0bfe1e0eebc9ef04a084f7b9.php 第 121 行.
NOTIC: [8] Use of undefined constant name - assumed 'name' /var/www/html/wikewechat/APP/Runtime/Cache/Home/a59b5e3d0bfe1e0eebc9ef04a084f7b9.php 第 123 行.
NOTIC: [8] Use of undefined constant tdev - assumed 'tdev' /var/www/html/wikewechat/APP/Runtime/Cache/Home/a59b5e3d0bfe1e0eebc9ef04a084f7b9.php 第 125 行.
NOTIC: [8] Use of undefined constant id - assumed 'id' /var/www/html/wikewechat/APP/Runtime/Cache/Home/a59b5e3d0bfe1e0eebc9ef04a084f7b9.php 第 121 行.
NOTIC: [8] Use of undefined constant id - assumed 'id' /var/www/html/wikewechat/APP/Runtime/Cache/Home/a59b5e3d0bfe1e0eebc9ef04a084f7b9.php 第 121 行.
NOTIC: [8] Use of undefined constant name - assumed 'name' /var/www/html/wikewechat/APP/Runtime/Cache/Home/a59b5e3d0bfe1e0eebc9ef04a084f7b9.php 第 123 行.
NOTIC: [8] Use of undefined constant tdev - assumed 'tdev' /var/www/html/wikewechat/APP/Runtime/Cache/Home/a59b5e3d0bfe1e0eebc9ef04a084f7b9.php 第 125 行.
NOTIC: [8] Use of undefined constant name - assumed 'name' /var/www/html/wikewechat/APP/Runtime/Cache/Home/a59b5e3d0bfe1e0eebc9ef04a084f7b9.php 第 119 行.
NOTIC: [8] Use of undefined constant course - assumed 'course' /var/www/html/wikewechat/APP/Runtime/Cache/Home/a59b5e3d0bfe1e0eebc9ef04a084f7b9.php 第 121 行.
NOTIC: [8] Use of undefined constant course - assumed 'course' /var/www/html/wikewechat/APP/Runtime/Cache/Home/a59b5e3d0bfe1e0eebc9ef04a084f7b9.php 第 121 行.
NOTIC: [8] Use of undefined constant id - assumed 'id' /var/www/html/wikewechat/APP/Runtime/Cache/Home/a59b5e3d0bfe1e0eebc9ef04a084f7b9.php 第 121 行.
NOTIC: [8] Use of undefined constant id - assumed 'id' /var/www/html/wikewechat/APP/Runtime/Cache/Home/a59b5e3d0bfe1e0eebc9ef04a084f7b9.php 第 121 行.
NOTIC: [8] Use of undefined constant name - assumed 'name' /var/www/html/wikewechat/APP/Runtime/Cache/Home/a59b5e3d0bfe1e0eebc9ef04a084f7b9.php 第 123 行.
NOTIC: [8] Use of undefined constant tdev - assumed 'tdev' /var/www/html/wikewechat/APP/Runtime/Cache/Home/a59b5e3d0bfe1e0eebc9ef04a084f7b9.php 第 125 行.
NOTIC: [8] Use of undefined constant name - assumed 'name' /var/www/html/wikewechat/APP/Runtime/Cache/Home/a59b5e3d0bfe1e0eebc9ef04a084f7b9.php 第 119 行.
NOTIC: [8] Use of undefined constant course - assumed 'course' /var/www/html/wikewechat/APP/Runtime/Cache/Home/a59b5e3d0bfe1e0eebc9ef04a084f7b9.php 第 121 行.
NOTIC: [8] Use of undefined constant course - assumed 'course' /var/www/html/wikewechat/APP/Runtime/Cache/Home/a59b5e3d0bfe1e0eebc9ef04a084f7b9.php 第 121 行.
NOTIC: [8] Use of undefined constant id - assumed 'id' /var/www/html/wikewechat/APP/Runtime/Cache/Home/a59b5e3d0bfe1e0eebc9ef04a084f7b9.php 第 121 行.
NOTIC: [8] Use of undefined constant id - assumed 'id' /var/www/html/wikewechat/APP/Runtime/Cache/Home/a59b5e3d0bfe1e0eebc9ef04a084f7b9.php 第 121 行.
NOTIC: [8] Use of undefined constant name - assumed 'name' /var/www/html/wikewechat/APP/Runtime/Cache/Home/a59b5e3d0bfe1e0eebc9ef04a084f7b9.php 第 123 行.
NOTIC: [8] Use of undefined constant tdev - assumed 'tdev' /var/www/html/wikewechat/APP/Runtime/Cache/Home/a59b5e3d0bfe1e0eebc9ef04a084f7b9.php 第 125 行.
INFO: Run Behavior\ParseTemplateBehavior [ RunTime:0.006585s ]
INFO: [ view_parse ] --END-- [ RunTime:0.006629s ]
INFO: [ view_filter ] --START--
INFO: Run Behavior\WriteHtmlCacheBehavior [ RunTime:0.000041s ]
INFO: [ view_filter ] --END-- [ RunTime:0.000068s ]
INFO: [ app_end ] --START--
INFO: Run Behavior\ShowPageTraceBehavior [ RunTime:0.000047s ]
INFO: [ app_end ] --END-- [ RunTime:0.000079s ]

