[ 2016-06-06T17:33:37+08:00 ] 221.4.215.212 /wikewechat/
INFO: [ app_begin ] --START--
INFO: Run Behavior\ReadHtmlCacheBehavior [ RunTime:0.001088s ]
INFO: [ app_begin ] --END-- [ RunTime:0.005877s ]
NOTIC: [8] A session had already been started - ignoring session_start() /var/www/html/wikewechat/APP/Home/Controller/IndexController.class.php 第 4 行.
NOTIC: [8] A session had already been started - ignoring session_start() /var/www/html/wikewechat/APP/Home/Controller/IndexController.class.php 第 12 行.
SQL: SHOW COLUMNS FROM `wike_direction` [ RunTime:0.0093s ]
SQL: SELECT * FROM `wike_direction`  [ RunTime:0.0207s ]
SQL: SHOW COLUMNS FROM `wike_type` [ RunTime:0.0094s ]
SQL: SELECT * FROM `wike_type` WHERE ( did=1 )  [ RunTime:0.0435s ]
SQL: SELECT * FROM `wike_type` WHERE ( did=2 )  [ RunTime:0.0089s ]
SQL: SELECT * FROM `wike_type` WHERE ( did=3 )  [ RunTime:0.0089s ]
SQL: SELECT * FROM `wike_type` WHERE ( did=4 )  [ RunTime:0.0090s ]
SQL: SELECT * FROM `wike_type` WHERE ( did=5 )  [ RunTime:0.0088s ]
DEBUG: session:Array
(
)

INFO: [ view_parse ] --START--
INFO: [ template_filter ] --START--
INFO: Run Behavior\ContentReplaceBehavior [ RunTime:0.000040s ]
INFO: [ template_filter ] --END-- [ RunTime:0.000101s ]
NOTIC: [8] Use of undefined constant name - assumed 'name' /var/www/html/wikewechat/APP/Runtime/Cache/Home/a59b5e3d0bfe1e0eebc9ef04a084f7b9.php 第 119 行.
NOTIC: [8] Use of undefined constant course - assumed 'course' /var/www/html/wikewechat/APP/Runtime/Cache/Home/a59b5e3d0bfe1e0eebc9ef04a084f7b9.php 第 121 行.
NOTIC: [8] Use of undefined constant course - assumed 'course' /var/www/html/wikewechat/APP/Runtime/Cache/Home/a59b5e3d0bfe1e0eebc9ef04a084f7b9.php 第 121 行.
NOTIC: [8] Use of undefined constant id - assumed 'id' /var/www/html/wikewechat/APP/Runtime/Cache/Home/a59b5e3d0bfe1e0eebc9ef04a084f7b9.php 第 121 行.
NOTIC: [8] Use of undefined constant id - assumed 'id' /var/www/html/wikewechat/APP/Runtime/Cache/Home/a59b5e3d0bfe1e0eebc9ef04a084f7b9.php 第 121 行.
NOTIC: [8] Use of undefined constant name - assumed 'name' /var/www/html/wikewechat/APP/Runtime/Cache/Home/a59b5e3d0bfe1e0eebc9ef04a084f7b9.php 第 123 行.
NOTIC: [8] Use of undefined constant tdev - assumed 'tdev' /var/www/html/wikewechat/APP/Runtime/Cache/Home/a59b5e3d0bfe1e0eebc9ef04a084f7b9.php 第 125 行.
NOTIC: [8] Use of undefined constant id - assumed 'id' /var/www/html/wikewechat/APP/Runtime/Cache/Home/a59b5e3d0bfe1e0eebc9ef04a084f7b9.php 第 121 行.
NOTIC: [8] Use of undefined constant id - assumed 'id' /var/www/html/wikewechat/APP/Runtime/Cache/Home/a59b5e3d0bfe1e0eebc9ef04a084f7b9.php 第 121 行.
NOTIC: [8] Use of undefined constant name - assumed 'name' /var/www/html/wikewechat/APP/Runtime/Cache/Home/a59b5e3d0bfe1e0eebc9ef04a084f7b9.php 第 123 行.
NOTIC: [8] Use of undefined constant tdev - assumed 'tdev' /var/www/html/wikewechat/APP/Runtime/Cache/Home/a59b5e3d0bfe1e0eebc9ef04a084f7b9.php 第 125 行.
NOTIC: [8] Use of undefined constant id - assumed 'id' /var/www/html/wikewechat/APP/Runtime/Cache/Home/a59b5e3d0bfe1e0eebc9ef04a084f7b9.php 第 121 行.
NOTIC: [8] Use of undefined constant id - assumed 'id' /var/www/html/wikewechat/APP/Runtime/Cache/Home/a59b5e3d0bfe1e0eebc9ef04a084f7b9.php 第 121 行.
NOTIC: [8] Use of undefined constant name - assumed 'name' /var/www/html/wikewechat/APP/Runtime/Cache/Home/a59b5e3d0bfe1e0eebc9ef04a084f7b9.php 第 123 行.
NOTIC: [8] Use of undefined constant tdev - assumed 'tdev' /var/www/html/wikewechat/APP/Runtime/Cache/Home/a59b5e3d0bfe1e0eebc9ef04a084f7b9.php 第 125 行.
NOTIC: [8] Use of undefined constant name - assumed 'name' /var/www/html/wikewechat/APP/Runtime/Cache/Home/a59b5e3d0bfe1e0eebc9ef04a084f7b9.php 第 119 行.
NOTIC: [8] Use of undefined constant course - assumed 'course' /var/www/html/wikewechat/APP/Runtime/Cache/Home/a59b5e3d0bfe1e0eebc9ef04a084f7b9.php 第 121 行.
NOTIC: [8] Use of undefined constant course - assumed 'course' /var/www/html/wikewechat/APP/Runtime/Cache/Home/a59b5e3d0bfe1e0eebc9ef04a084f7b9.php 第 121 行.
NOTIC: [8] Use of undefined constant id - assumed 'id' /var/www/html/wikewechat/APP/Runtime/Cache/Home/a59b5e3d0bfe1e0eebc9ef04a084f7b9.php 第 121 行.
NOTIC: [8] Use of undefined constant id - assumed 'id' /var/www/html/wikewechat/APP/Runtime/Cache/Home/a59b5e3d0bfe1e0eebc9ef04a084f7b9.php 第 121 行.
NOTIC: [8] Use of undefined constant name - assumed 'name' /var/www/html/wikewechat/APP/Runtime/Cache/Home/a59b5e3d0bfe1e0eebc9ef04a084f7b9.php 第 123 行.
NOTIC: [8] Use of undefined constant tdev - assumed 'tdev' /var/www/html/wikewechat/APP/Runtime/Cache/Home/a59b5e3d0bfe1e0eebc9ef04a084f7b9.php 第 125 行.
NOTIC: [8] Use of undefined constant id - assumed 'id' /var/www/html/wikewechat/APP/Runtime/Cache/Home/a59b5e3d0bfe1e0eebc9ef04a084f7b9.php 第 121 行.
NOTIC: [8] Use of undefined constant id - assumed 'id' /var/www/html/wikewechat/APP/Runtime/Cache/Home/a59b5e3d0bfe1e0eebc9ef04a084f7b9.php 第 121 行.
NOTIC: [8] Use of undefined constant name - assumed 'name' /var/www/html/wikewechat/APP/Runtime/Cache/Home/a59b5e3d0bfe1e0eebc9ef04a084f7b9.php 第 123 行.
NOTIC: [8] Use of undefined constant tdev - assumed 'tdev' /var/www/html/wikewechat/APP/Runtime/Cache/Home/a59b5e3d0bfe1e0eebc9ef04a084f7b9.php 第 125 行.
NOTIC: [8] Use of undefined constant id - assumed 'id' /var/www/html/wikewechat/APP/Runtime/Cache/Home/a59b5e3d0bfe1e0eebc9ef04a084f7b9.php 第 121 行.
NOTIC: [8] Use of undefined constant id - assumed 'id' /var/www/html/wikewechat/APP/Runtime/Cache/Home/a59b5e3d0bfe1e0eebc9ef04a084f7b9.php 第 121 行.
NOTIC: [8] Use of undefined constant name - assumed 'name' /var/www/html/wikewechat/APP/Runtime/Cache/Home/a59b5e3d0bfe1e0eebc9ef04a084f7b9.php 第 123 行.
NOTIC: [8] Use of undefined constant tdev - assumed 'tdev' /var/www/html/wikewechat/APP/Runtime/Cache/Home/a59b5e3d0bfe1e0eebc9ef04a084f7b9.php 第 125 行.
NOTIC: [8] Use of undefined constant name - assumed 'name' /var/www/html/wikewechat/APP/Runtime/Cache/Home/a59b5e3d0bfe1e0eebc9ef04a084f7b9.php 第 119 行.
NOTIC: [8] Use of undefined constant course - assumed 'course' /var/www/html/wikewechat/APP/Runtime/Cache/Home/a59b5e3d0bfe1e0eebc9ef04a084f7b9.php 第 121 行.
NOTIC: [8] Use of undefined constant course - assumed 'course' /var/www/html/wikewechat/APP/Runtime/Cache/Home/a59b5e3d0bfe1e0eebc9ef04a084f7b9.php 第 121 行.
NOTIC: [8] Use of undefined constant id - assumed 'id' /var/www/html/wikewechat/APP/Runtime/Cache/Home/a59b5e3d0bfe1e0eebc9ef04a084f7b9.php 第 121 行.
NOTIC: [8] Use of undefined constant id - assumed 'id' /var/www/html/wikewechat/APP/Runtime/Cache/Home/a59b5e3d0bfe1e0eebc9ef04a084f7b9.php 第 121 行.
NOTIC: [8] Use of undefined constant name - assumed 'name' /var/www/html/wikewechat/APP/Runtime/Cache/Home/a59b5e3d0bfe1e0eebc9ef04a084f7b9.php 第 123 行.
NOTIC: [8] Use of undefined constant tdev - assumed 'tdev' /var/www/html/wikewechat/APP/Runtime/Cache/Home/a59b5e3d0bfe1e0eebc9ef04a084f7b9.php 第 125 行.
NOTIC: [8] Use of undefined constant id - assumed 'id' /var/www/html/wikewechat/APP/Runtime/Cache/Home/a59b5e3d0bfe1e0eebc9ef04a084f7b9.php 第 121 行.
NOTIC: [8] Use of undefined constant id - assumed 'id' /var/www/html/wikewechat/APP/Runtime/Cache/Home/a59b5e3d0bfe1e0eebc9ef04a084f7b9.php 第 121 行.
NOTIC: [8] Use of undefined constant name - assumed 'name' /var/www/html/wikewechat/APP/Runtime/Cache/Home/a59b5e3d0bfe1e0eebc9ef04a084f7b9.php 第 123 行.
NOTIC: [8] Use of undefined constant tdev - assumed 'tdev' /var/www/html/wikewechat/APP/Runtime/Cache/Home/a59b5e3d0bfe1e0eebc9ef04a084f7b9.php 第 125 行.
NOTIC: [8] Use of undefined constant name - assumed 'name' /var/www/html/wikewechat/APP/Runtime/Cache/Home/a59b5e3d0bfe1e0eebc9ef04a084f7b9.php 第 119 行.
NOTIC: [8] Use of undefined constant course - assumed 'course' /var/www/html/wikewechat/APP/Runtime/Cache/Home/a59b5e3d0bfe1e0eebc9ef04a084f7b9.php 第 121 行.
NOTIC: [8] Use of undefined constant course - assumed 'course' /var/www/html/wikewechat/APP/Runtime/Cache/Home/a59b5e3d0bfe1e0eebc9ef04a084f7b9.php 第 121 行.
NOTIC: [8] Use of undefined constant id - assumed 'id' /var/www/html/wikewechat/APP/Runtime/Cache/Home/a59b5e3d0bfe1e0eebc9ef04a084f7b9.php 第 121 行.
NOTIC: [8] Use of undefined constant id - assumed 'id' /var/www/html/wikewechat/APP/Runtime/Cache/Home/a59b5e3d0bfe1e0eebc9ef04a084f7b9.php 第 121 行.
NOTIC: [8] Use of undefined constant name - assumed 'name' /var/www/html/wikewechat/APP/Runtime/Cache/Home/a59b5e3d0bfe1e0eebc9ef04a084f7b9.php 第 123 行.
NOTIC: [8] Use of undefined constant tdev - assumed 'tdev' /var/www/html/wikewechat/APP/Runtime/Cache/Home/a59b5e3d0bfe1e0eebc9ef04a084f7b9.php 第 125 行.
NOTIC: [8] Use of undefined constant name - assumed 'name' /var/www/html/wikewechat/APP/Runtime/Cache/Home/a59b5e3d0bfe1e0eebc9ef04a084f7b9.php 第 119 行.
NOTIC: [8] Use of undefined constant course - assumed 'course' /var/www/html/wikewechat/APP/Runtime/Cache/Home/a59b5e3d0bfe1e0eebc9ef04a084f7b9.php 第 121 行.
NOTIC: [8] Use of undefined constant course - assumed 'course' /var/www/html/wikewechat/APP/Runtime/Cache/Home/a59b5e3d0bfe1e0eebc9ef04a084f7b9.php 第 121 行.
NOTIC: [8] Use of undefined constant id - assumed 'id' /var/www/html/wikewechat/APP/Runtime/Cache/Home/a59b5e3d0bfe1e0eebc9ef04a084f7b9.php 第 121 行.
NOTIC: [8] Use of undefined constant id - assumed 'id' /var/www/html/wikewechat/APP/Runtime/Cache/Home/a59b5e3d0bfe1e0eebc9ef04a084f7b9.php 第 121 行.
NOTIC: [8] Use of undefined constant name - assumed 'name' /var/www/html/wikewechat/APP/Runtime/Cache/Home/a59b5e3d0bfe1e0eebc9ef04a084f7b9.php 第 123 行.
NOTIC: [8] Use of undefined constant tdev - assumed 'tdev' /var/www/html/wikewechat/APP/Runtime/Cache/Home/a59b5e3d0bfe1e0eebc9ef04a084f7b9.php 第 125 行.
INFO: Run Behavior\ParseTemplateBehavior [ RunTime:0.018919s ]
INFO: [ view_parse ] --END-- [ RunTime:0.018964s ]
INFO: [ view_filter ] --START--
INFO: Run Behavior\WriteHtmlCacheBehavior [ RunTime:0.000598s ]
INFO: [ view_filter ] --END-- [ RunTime:0.000708s ]
INFO: [ app_end ] --START--
INFO: Run Behavior\ShowPageTraceBehavior [ RunTime:0.000955s ]
INFO: [ app_end ] --END-- [ RunTime:0.000994s ]

[ 2016-06-06T17:33:42+08:00 ] 221.4.215.212 /wikewechat/Home/User/info.html
INFO: [ app_begin ] --START--
INFO: Run Behavior\ReadHtmlCacheBehavior [ RunTime:0.000050s ]
INFO: [ app_begin ] --END-- [ RunTime:0.000120s ]
NOTIC: [8] A session had already been started - ignoring session_start() /var/www/html/wikewechat/APP/Home/Controller/UserController.class.php 第 15 行.
SQL: select Name,SID,College,Specialty,Grade,Class from student_information where SID='zhbit0201' [ RunTime:0.0097s ]
INFO: [ view_parse ] --START--
INFO: [ template_filter ] --START--
INFO: Run Behavior\ContentReplaceBehavior [ RunTime:0.000036s ]
INFO: [ template_filter ] --END-- [ RunTime:0.000089s ]
NOTIC: [8] Use of undefined constant headimgurl - assumed 'headimgurl' /var/www/html/wikewechat/APP/Runtime/Cache/Home/166098b8e9fcf6b2a0fb50b17754b4ba.php 第 74 行.
NOTIC: [8] Undefined index: headimgurl /var/www/html/wikewechat/APP/Runtime/Cache/Home/166098b8e9fcf6b2a0fb50b17754b4ba.php 第 74 行.
NOTIC: [8] Undefined offset: 0 /var/www/html/wikewechat/APP/Runtime/Cache/Home/166098b8e9fcf6b2a0fb50b17754b4ba.php 第 78 行.
NOTIC: [8] Undefined offset: 0 /var/www/html/wikewechat/APP/Runtime/Cache/Home/166098b8e9fcf6b2a0fb50b17754b4ba.php 第 82 行.
NOTIC: [8] Undefined offset: 0 /var/www/html/wikewechat/APP/Runtime/Cache/Home/166098b8e9fcf6b2a0fb50b17754b4ba.php 第 86 行.
NOTIC: [8] Undefined offset: 0 /var/www/html/wikewechat/APP/Runtime/Cache/Home/166098b8e9fcf6b2a0fb50b17754b4ba.php 第 90 行.
NOTIC: [8] Undefined offset: 0 /var/www/html/wikewechat/APP/Runtime/Cache/Home/166098b8e9fcf6b2a0fb50b17754b4ba.php 第 94 行.
NOTIC: [8] Undefined offset: 0 /var/www/html/wikewechat/APP/Runtime/Cache/Home/166098b8e9fcf6b2a0fb50b17754b4ba.php 第 98 行.
INFO: Run Behavior\ParseTemplateBehavior [ RunTime:0.024126s ]
INFO: [ view_parse ] --END-- [ RunTime:0.024168s ]
INFO: [ view_filter ] --START--
INFO: Run Behavior\WriteHtmlCacheBehavior [ RunTime:0.000047s ]
INFO: [ view_filter ] --END-- [ RunTime:0.000075s ]
INFO: [ app_end ] --START--
INFO: Run Behavior\ShowPageTraceBehavior [ RunTime:0.000047s ]
INFO: [ app_end ] --END-- [ RunTime:0.000077s ]

[ 2016-06-06T17:34:55+08:00 ] 221.4.215.212 /wikewechat/
INFO: [ app_begin ] --START--
INFO: Run Behavior\ReadHtmlCacheBehavior [ RunTime:0.000048s ]
INFO: [ app_begin ] --END-- [ RunTime:0.000120s ]
NOTIC: [8] A session had already been started - ignoring session_start() /var/www/html/wikewechat/APP/Home/Controller/IndexController.class.php 第 4 行.
NOTIC: [8] A session had already been started - ignoring session_start() /var/www/html/wikewechat/APP/Home/Controller/IndexController.class.php 第 12 行.
SQL: SHOW COLUMNS FROM `wike_direction` [ RunTime:0.0103s ]
SQL: SELECT * FROM `wike_direction`  [ RunTime:0.0095s ]
SQL: SHOW COLUMNS FROM `wike_type` [ RunTime:0.0102s ]
SQL: SELECT * FROM `wike_type` WHERE ( did=1 )  [ RunTime:0.0096s ]
SQL: SELECT * FROM `wike_type` WHERE ( did=2 )  [ RunTime:0.0096s ]
SQL: SELECT * FROM `wike_type` WHERE ( did=3 )  [ RunTime:0.0095s ]
SQL: SELECT * FROM `wike_type` WHERE ( did=4 )  [ RunTime:0.0094s ]
SQL: SELECT * FROM `wike_type` WHERE ( did=5 )  [ RunTime:0.0094s ]
DEBUG: session:Array
(
)

INFO: [ view_parse ] --START--
INFO: [ template_filter ] --START--
INFO: Run Behavior\ContentReplaceBehavior [ RunTime:0.000040s ]
INFO: [ template_filter ] --END-- [ RunTime:0.000084s ]
NOTIC: [8] Use of undefined constant name - assumed 'name' /var/www/html/wikewechat/APP/Runtime/Cache/Home/a59b5e3d0bfe1e0eebc9ef04a084f7b9.php 第 119 行.
NOTIC: [8] Use of undefined constant course - assumed 'course' /var/www/html/wikewechat/APP/Runtime/Cache/Home/a59b5e3d0bfe1e0eebc9ef04a084f7b9.php 第 121 行.
NOTIC: [8] Use of undefined constant course - assumed 'course' /var/www/html/wikewechat/APP/Runtime/Cache/Home/a59b5e3d0bfe1e0eebc9ef04a084f7b9.php 第 121 行.
NOTIC: [8] Use of undefined constant id - assumed 'id' /var/www/html/wikewechat/APP/Runtime/Cache/Home/a59b5e3d0bfe1e0eebc9ef04a084f7b9.php 第 121 行.
NOTIC: [8] Use of undefined constant id - assumed 'id' /var/www/html/wikewechat/APP/Runtime/Cache/Home/a59b5e3d0bfe1e0eebc9ef04a084f7b9.php 第 121 行.
NOTIC: [8] Use of undefined constant name - assumed 'name' /var/www/html/wikewechat/APP/Runtime/Cache/Home/a59b5e3d0bfe1e0eebc9ef04a084f7b9.php 第 123 行.
NOTIC: [8] Use of undefined constant tdev - assumed 'tdev' /var/www/html/wikewechat/APP/Runtime/Cache/Home/a59b5e3d0bfe1e0eebc9ef04a084f7b9.php 第 125 行.
NOTIC: [8] Use of undefined constant id - assumed 'id' /var/www/html/wikewechat/APP/Runtime/Cache/Home/a59b5e3d0bfe1e0eebc9ef04a084f7b9.php 第 121 行.
NOTIC: [8] Use of undefined constant id - assumed 'id' /var/www/html/wikewechat/APP/Runtime/Cache/Home/a59b5e3d0bfe1e0eebc9ef04a084f7b9.php 第 121 行.
NOTIC: [8] Use of undefined constant name - assumed 'name' /var/www/html/wikewechat/APP/Runtime/Cache/Home/a59b5e3d0bfe1e0eebc9ef04a084f7b9.php 第 123 行.
NOTIC: [8] Use of undefined constant tdev - assumed 'tdev' /var/www/html/wikewechat/APP/Runtime/Cache/Home/a59b5e3d0bfe1e0eebc9ef04a084f7b9.php 第 125 行.
NOTIC: [8] Use of undefined constant id - assumed 'id' /var/www/html/wikewechat/APP/Runtime/Cache/Home/a59b5e3d0bfe1e0eebc9ef04a084f7b9.php 第 121 行.
NOTIC: [8] Use of undefined constant id - assumed 'id' /var/www/html/wikewechat/APP/Runtime/Cache/Home/a59b5e3d0bfe1e0eebc9ef04a084f7b9.php 第 121 行.
NOTIC: [8] Use of undefined constant name - assumed 'name' /var/www/html/wikewechat/APP/Runtime/Cache/Home/a59b5e3d0bfe1e0eebc9ef04a084f7b9.php 第 123 行.
NOTIC: [8] Use of undefined constant tdev - assumed 'tdev' /var/www/html/wikewechat/APP/Runtime/Cache/Home/a59b5e3d0bfe1e0eebc9ef04a084f7b9.php 第 125 行.
NOTIC: [8] Use of undefined constant name - assumed 'name' /var/www/html/wikewechat/APP/Runtime/Cache/Home/a59b5e3d0bfe1e0eebc9ef04a084f7b9.php 第 119 行.
NOTIC: [8] Use of undefined constant course - assumed 'course' /var/www/html/wikewechat/APP/Runtime/Cache/Home/a59b5e3d0bfe1e0eebc9ef04a084f7b9.php 第 121 行.
NOTIC: [8] Use of undefined constant course - assumed 'course' /var/www/html/wikewechat/APP/Runtime/Cache/Home/a59b5e3d0bfe1e0eebc9ef04a084f7b9.php 第 121 行.
NOTIC: [8] Use of undefined constant id - assumed 'id' /var/www/html/wikewechat/APP/Runtime/Cache/Home/a59b5e3d0bfe1e0eebc9ef04a084f7b9.php 第 121 行.
NOTIC: [8] Use of undefined constant id - assumed 'id' /var/www/html/wikewechat/APP/Runtime/Cache/Home/a59b5e3d0bfe1e0eebc9ef04a084f7b9.php 第 121 行.
NOTIC: [8] Use of undefined constant name - assumed 'name' /var/www/html/wikewechat/APP/Runtime/Cache/Home/a59b5e3d0bfe1e0eebc9ef04a084f7b9.php 第 123 行.
NOTIC: [8] Use of undefined constant tdev - assumed 'tdev' /var/www/html/wikewechat/APP/Runtime/Cache/Home/a59b5e3d0bfe1e0eebc9ef04a084f7b9.php 第 125 行.
NOTIC: [8] Use of undefined constant id - assumed 'id' /var/www/html/wikewechat/APP/Runtime/Cache/Home/a59b5e3d0bfe1e0eebc9ef04a084f7b9.php 第 121 行.
NOTIC: [8] Use of undefined constant id - assumed 'id' /var/www/html/wikewechat/APP/Runtime/Cache/Home/a59b5e3d0bfe1e0eebc9ef04a084f7b9.php 第 121 行.
NOTIC: [8] Use of undefined constant name - assumed 'name' /var/www/html/wikewechat/APP/Runtime/Cache/Home/a59b5e3d0bfe1e0eebc9ef04a084f7b9.php 第 123 行.
NOTIC: [8] Use of undefined constant tdev - assumed 'tdev' /var/www/html/wikewechat/APP/Runtime/Cache/Home/a59b5e3d0bfe1e0eebc9ef04a084f7b9.php 第 125 行.
NOTIC: [8] Use of undefined constant id - assumed 'id' /var/www/html/wikewechat/APP/Runtime/Cache/Home/a59b5e3d0bfe1e0eebc9ef04a084f7b9.php 第 121 行.
NOTIC: [8] Use of undefined constant id - assumed 'id' /var/www/html/wikewechat/APP/Runtime/Cache/Home/a59b5e3d0bfe1e0eebc9ef04a084f7b9.php 第 121 行.
NOTIC: [8] Use of undefined constant name - assumed 'name' /var/www/html/wikewechat/APP/Runtime/Cache/Home/a59b5e3d0bfe1e0eebc9ef04a084f7b9.php 第 123 行.
NOTIC: [8] Use of undefined constant tdev - assumed 'tdev' /var/www/html/wikewechat/APP/Runtime/Cache/Home/a59b5e3d0bfe1e0eebc9ef04a084f7b9.php 第 125 行.
NOTIC: [8] Use of undefined constant name - assumed 'name' /var/www/html/wikewechat/APP/Runtime/Cache/Home/a59b5e3d0bfe1e0eebc9ef04a084f7b9.php 第 119 行.
NOTIC: [8] Use of undefined constant course - assumed 'course' /var/www/html/wikewechat/APP/Runtime/Cache/Home/a59b5e3d0bfe1e0eebc9ef04a084f7b9.php 第 121 行.
NOTIC: [8] Use of undefined constant course - assumed 'course' /var/www/html/wikewechat/APP/Runtime/Cache/Home/a59b5e3d0bfe1e0eebc9ef04a084f7b9.php 第 121 行.
NOTIC: [8] Use of undefined constant id - assumed 'id' /var/www/html/wikewechat/APP/Runtime/Cache/Home/a59b5e3d0bfe1e0eebc9ef04a084f7b9.php 第 121 行.
NOTIC: [8] Use of undefined constant id - assumed 'id' /var/www/html/wikewechat/APP/Runtime/Cache/Home/a59b5e3d0bfe1e0eebc9ef04a084f7b9.php 第 121 行.
NOTIC: [8] Use of undefined constant name - assumed 'name' /var/www/html/wikewechat/APP/Runtime/Cache/Home/a59b5e3d0bfe1e0eebc9ef04a084f7b9.php 第 123 行.
NOTIC: [8] Use of undefined constant tdev - assumed 'tdev' /var/www/html/wikewechat/APP/Runtime/Cache/Home/a59b5e3d0bfe1e0eebc9ef04a084f7b9.php 第 125 行.
NOTIC: [8] Use of undefined constant id - assumed 'id' /var/www/html/wikewechat/APP/Runtime/Cache/Home/a59b5e3d0bfe1e0eebc9ef04a084f7b9.php 第 121 行.
NOTIC: [8] Use of undefined constant id - assumed 'id' /var/www/html/wikewechat/APP/Runtime/Cache/Home/a59b5e3d0bfe1e0eebc9ef04a084f7b9.php 第 121 行.
NOTIC: [8] Use of undefined constant name - assumed 'name' /var/www/html/wikewechat/APP/Runtime/Cache/Home/a59b5e3d0bfe1e0eebc9ef04a084f7b9.php 第 123 行.
NOTIC: [8] Use of undefined constant tdev - assumed 'tdev' /var/www/html/wikewechat/APP/Runtime/Cache/Home/a59b5e3d0bfe1e0eebc9ef04a084f7b9.php 第 125 行.
NOTIC: [8] Use of undefined constant name - assumed 'name' /var/www/html/wikewechat/APP/Runtime/Cache/Home/a59b5e3d0bfe1e0eebc9ef04a084f7b9.php 第 119 行.
NOTIC: [8] Use of undefined constant course - assumed 'course' /var/www/html/wikewechat/APP/Runtime/Cache/Home/a59b5e3d0bfe1e0eebc9ef04a084f7b9.php 第 121 行.
NOTIC: [8] Use of undefined constant course - assumed 'course' /var/www/html/wikewechat/APP/Runtime/Cache/Home/a59b5e3d0bfe1e0eebc9ef04a084f7b9.php 第 121 行.
NOTIC: [8] Use of undefined constant id - assumed 'id' /var/www/html/wikewechat/APP/Runtime/Cache/Home/a59b5e3d0bfe1e0eebc9ef04a084f7b9.php 第 121 行.
NOTIC: [8] Use of undefined constant id - assumed 'id' /var/www/html/wikewechat/APP/Runtime/Cache/Home/a59b5e3d0bfe1e0eebc9ef04a084f7b9.php 第 121 行.
NOTIC: [8] Use of undefined constant name - assumed 'name' /var/www/html/wikewechat/APP/Runtime/Cache/Home/a59b5e3d0bfe1e0eebc9ef04a084f7b9.php 第 123 行.
NOTIC: [8] Use of undefined constant tdev - assumed 'tdev' /var/www/html/wikewechat/APP/Runtime/Cache/Home/a59b5e3d0bfe1e0eebc9ef04a084f7b9.php 第 125 行.
NOTIC: [8] Use of undefined constant name - assumed 'name' /var/www/html/wikewechat/APP/Runtime/Cache/Home/a59b5e3d0bfe1e0eebc9ef04a084f7b9.php 第 119 行.
NOTIC: [8] Use of undefined constant course - assumed 'course' /var/www/html/wikewechat/APP/Runtime/Cache/Home/a59b5e3d0bfe1e0eebc9ef04a084f7b9.php 第 121 行.
NOTIC: [8] Use of undefined constant course - assumed 'course' /var/www/html/wikewechat/APP/Runtime/Cache/Home/a59b5e3d0bfe1e0eebc9ef04a084f7b9.php 第 121 行.
NOTIC: [8] Use of undefined constant id - assumed 'id' /var/www/html/wikewechat/APP/Runtime/Cache/Home/a59b5e3d0bfe1e0eebc9ef04a084f7b9.php 第 121 行.
NOTIC: [8] Use of undefined constant id - assumed 'id' /var/www/html/wikewechat/APP/Runtime/Cache/Home/a59b5e3d0bfe1e0eebc9ef04a084f7b9.php 第 121 行.
NOTIC: [8] Use of undefined constant name - assumed 'name' /var/www/html/wikewechat/APP/Runtime/Cache/Home/a59b5e3d0bfe1e0eebc9ef04a084f7b9.php 第 123 行.
NOTIC: [8] Use of undefined constant tdev - assumed 'tdev' /var/www/html/wikewechat/APP/Runtime/Cache/Home/a59b5e3d0bfe1e0eebc9ef04a084f7b9.php 第 125 行.
INFO: Run Behavior\ParseTemplateBehavior [ RunTime:0.006347s ]
INFO: [ view_parse ] --END-- [ RunTime:0.006398s ]
INFO: [ view_filter ] --START--
INFO: Run Behavior\WriteHtmlCacheBehavior [ RunTime:0.000051s ]
INFO: [ view_filter ] --END-- [ RunTime:0.000080s ]
INFO: [ app_end ] --START--
INFO: Run Behavior\ShowPageTraceBehavior [ RunTime:0.000059s ]
INFO: [ app_end ] --END-- [ RunTime:0.000094s ]

[ 2016-06-06T17:34:59+08:00 ] 221.4.215.212 /wikewechat/Home/User/info.html
INFO: [ app_begin ] --START--
INFO: Run Behavior\ReadHtmlCacheBehavior [ RunTime:0.000048s ]
INFO: [ app_begin ] --END-- [ RunTime:0.000114s ]
NOTIC: [8] A session had already been started - ignoring session_start() /var/www/html/wikewechat/APP/Home/Controller/UserController.class.php 第 15 行.
SQL: select Name,SID,College,Specialty,Grade,Class from student_information where SID='130201031035' [ RunTime:0.0089s ]
INFO: [ view_parse ] --START--
INFO: [ template_filter ] --START--
INFO: Run Behavior\ContentReplaceBehavior [ RunTime:0.000032s ]
INFO: [ template_filter ] --END-- [ RunTime:0.000070s ]
NOTIC: [8] Use of undefined constant headimgurl - assumed 'headimgurl' /var/www/html/wikewechat/APP/Runtime/Cache/Home/166098b8e9fcf6b2a0fb50b17754b4ba.php 第 74 行.
NOTIC: [8] Undefined index: headimgurl /var/www/html/wikewechat/APP/Runtime/Cache/Home/166098b8e9fcf6b2a0fb50b17754b4ba.php 第 74 行.
INFO: Run Behavior\ParseTemplateBehavior [ RunTime:0.003080s ]
INFO: [ view_parse ] --END-- [ RunTime:0.003119s ]
INFO: [ view_filter ] --START--
INFO: Run Behavior\WriteHtmlCacheBehavior [ RunTime:0.000039s ]
INFO: [ view_filter ] --END-- [ RunTime:0.000067s ]
INFO: [ app_end ] --START--
INFO: Run Behavior\ShowPageTraceBehavior [ RunTime:0.000046s ]
INFO: [ app_end ] --END-- [ RunTime:0.000077s ]

[ 2016-06-06T17:35:04+08:00 ] 221.4.215.212 /wikewechat/Home/Index/index.html
INFO: [ app_begin ] --START--
INFO: Run Behavior\ReadHtmlCacheBehavior [ RunTime:0.000049s ]
INFO: [ app_begin ] --END-- [ RunTime:0.000109s ]
NOTIC: [8] A session had already been started - ignoring session_start() /var/www/html/wikewechat/APP/Home/Controller/IndexController.class.php 第 4 行.
NOTIC: [8] A session had already been started - ignoring session_start() /var/www/html/wikewechat/APP/Home/Controller/IndexController.class.php 第 12 行.
SQL: SHOW COLUMNS FROM `wike_direction` [ RunTime:0.0111s ]
SQL: SELECT * FROM `wike_direction`  [ RunTime:0.0104s ]
SQL: SHOW COLUMNS FROM `wike_type` [ RunTime:0.0107s ]
SQL: SELECT * FROM `wike_type` WHERE ( did=1 )  [ RunTime:0.0106s ]
SQL: SELECT * FROM `wike_type` WHERE ( did=2 )  [ RunTime:0.0106s ]
SQL: SELECT * FROM `wike_type` WHERE ( did=3 )  [ RunTime:0.0105s ]
SQL: SELECT * FROM `wike_type` WHERE ( did=4 )  [ RunTime:0.0105s ]
SQL: SELECT * FROM `wike_type` WHERE ( did=5 )  [ RunTime:0.0105s ]
DEBUG: session:Array
(
    [stu_id] => 130201031035
)

NOTIC: [8] Undefined index: stu_id /var/www/html/wikewechat/APP/Home/Controller/IndexController.class.php 第 24 行.
INFO: [ view_parse ] --START--
INFO: [ template_filter ] --START--
INFO: Run Behavior\ContentReplaceBehavior [ RunTime:0.000056s ]
INFO: [ template_filter ] --END-- [ RunTime:0.000116s ]
NOTIC: [8] Use of undefined constant name - assumed 'name' /var/www/html/wikewechat/APP/Runtime/Cache/Home/a59b5e3d0bfe1e0eebc9ef04a084f7b9.php 第 119 行.
NOTIC: [8] Use of undefined constant course - assumed 'course' /var/www/html/wikewechat/APP/Runtime/Cache/Home/a59b5e3d0bfe1e0eebc9ef04a084f7b9.php 第 121 行.
NOTIC: [8] Use of undefined constant course - assumed 'course' /var/www/html/wikewechat/APP/Runtime/Cache/Home/a59b5e3d0bfe1e0eebc9ef04a084f7b9.php 第 121 行.
NOTIC: [8] Use of undefined constant id - assumed 'id' /var/www/html/wikewechat/APP/Runtime/Cache/Home/a59b5e3d0bfe1e0eebc9ef04a084f7b9.php 第 121 行.
NOTIC: [8] Use of undefined constant id - assumed 'id' /var/www/html/wikewechat/APP/Runtime/Cache/Home/a59b5e3d0bfe1e0eebc9ef04a084f7b9.php 第 121 行.
NOTIC: [8] Use of undefined constant name - assumed 'name' /var/www/html/wikewechat/APP/Runtime/Cache/Home/a59b5e3d0bfe1e0eebc9ef04a084f7b9.php 第 123 行.
NOTIC: [8] Use of undefined constant tdev - assumed 'tdev' /var/www/html/wikewechat/APP/Runtime/Cache/Home/a59b5e3d0bfe1e0eebc9ef04a084f7b9.php 第 125 行.
NOTIC: [8] Use of undefined constant id - assumed 'id' /var/www/html/wikewechat/APP/Runtime/Cache/Home/a59b5e3d0bfe1e0eebc9ef04a084f7b9.php 第 121 行.
NOTIC: [8] Use of undefined constant id - assumed 'id' /var/www/html/wikewechat/APP/Runtime/Cache/Home/a59b5e3d0bfe1e0eebc9ef04a084f7b9.php 第 121 行.
NOTIC: [8] Use of undefined constant name - assumed 'name' /var/www/html/wikewechat/APP/Runtime/Cache/Home/a59b5e3d0bfe1e0eebc9ef04a084f7b9.php 第 123 行.
NOTIC: [8] Use of undefined constant tdev - assumed 'tdev' /var/www/html/wikewechat/APP/Runtime/Cache/Home/a59b5e3d0bfe1e0eebc9ef04a084f7b9.php 第 125 行.
NOTIC: [8] Use of undefined constant id - assumed 'id' /var/www/html/wikewechat/APP/Runtime/Cache/Home/a59b5e3d0bfe1e0eebc9ef04a084f7b9.php 第 121 行.
NOTIC: [8] Use of undefined constant id - assumed 'id' /var/www/html/wikewechat/APP/Runtime/Cache/Home/a59b5e3d0bfe1e0eebc9ef04a084f7b9.php 第 121 行.
NOTIC: [8] Use of undefined constant name - assumed 'name' /var/www/html/wikewechat/APP/Runtime/Cache/Home/a59b5e3d0bfe1e0eebc9ef04a084f7b9.php 第 123 行.
NOTIC: [8] Use of undefined constant tdev - assumed 'tdev' /var/www/html/wikewechat/APP/Runtime/Cache/Home/a59b5e3d0bfe1e0eebc9ef04a084f7b9.php 第 125 行.
NOTIC: [8] Use of undefined constant name - assumed 'name' /var/www/html/wikewechat/APP/Runtime/Cache/Home/a59b5e3d0bfe1e0eebc9ef04a084f7b9.php 第 119 行.
NOTIC: [8] Use of undefined constant course - assumed 'course' /var/www/html/wikewechat/APP/Runtime/Cache/Home/a59b5e3d0bfe1e0eebc9ef04a084f7b9.php 第 121 行.
NOTIC: [8] Use of undefined constant course - assumed 'course' /var/www/html/wikewechat/APP/Runtime/Cache/Home/a59b5e3d0bfe1e0eebc9ef04a084f7b9.php 第 121 行.
NOTIC: [8] Use of undefined constant id - assumed 'id' /var/www/html/wikewechat/APP/Runtime/Cache/Home/a59b5e3d0bfe1e0eebc9ef04a084f7b9.php 第 121 行.
NOTIC: [8] Use of undefined constant id - assumed 'id' /var/www/html/wikewechat/APP/Runtime/Cache/Home/a59b5e3d0bfe1e0eebc9ef04a084f7b9.php 第 121 行.
NOTIC: [8] Use of undefined constant name - assumed 'name' /var/www/html/wikewechat/APP/Runtime/Cache/Home/a59b5e3d0bfe1e0eebc9ef04a084f7b9.php 第 123 行.
NOTIC: [8] Use of undefined constant tdev - assumed 'tdev' /var/www/html/wikewechat/APP/Runtime/Cache/Home/a59b5e3d0bfe1e0eebc9ef04a084f7b9.php 第 125 行.
NOTIC: [8] Use of undefined constant id - assumed 'id' /var/www/html/wikewechat/APP/Runtime/Cache/Home/a59b5e3d0bfe1e0eebc9ef04a084f7b9.php 第 121 行.
NOTIC: [8] Use of undefined constant id - assumed 'id' /var/www/html/wikewechat/APP/Runtime/Cache/Home/a59b5e3d0bfe1e0eebc9ef04a084f7b9.php 第 121 行.
NOTIC: [8] Use of undefined constant name - assumed 'name' /var/www/html/wikewechat/APP/Runtime/Cache/Home/a59b5e3d0bfe1e0eebc9ef04a084f7b9.php 第 123 行.
NOTIC: [8] Use of undefined constant tdev - assumed 'tdev' /var/www/html/wikewechat/APP/Runtime/Cache/Home/a59b5e3d0bfe1e0eebc9ef04a084f7b9.php 第 125 行.
NOTIC: [8] Use of undefined constant id - assumed 'id' /var/www/html/wikewechat/APP/Runtime/Cache/Home/a59b5e3d0bfe1e0eebc9ef04a084f7b9.php 第 121 行.
NOTIC: [8] Use of undefined constant id - assumed 'id' /var/www/html/wikewechat/APP/Runtime/Cache/Home/a59b5e3d0bfe1e0eebc9ef04a084f7b9.php 第 121 行.
NOTIC: [8] Use of undefined constant name - assumed 'name' /var/www/html/wikewechat/APP/Runtime/Cache/Home/a59b5e3d0bfe1e0eebc9ef04a084f7b9.php 第 123 行.
NOTIC: [8] Use of undefined constant tdev - assumed 'tdev' /var/www/html/wikewechat/APP/Runtime/Cache/Home/a59b5e3d0bfe1e0eebc9ef04a084f7b9.php 第 125 行.
NOTIC: [8] Use of undefined constant name - assumed 'name' /var/www/html/wikewechat/APP/Runtime/Cache/Home/a59b5e3d0bfe1e0eebc9ef04a084f7b9.php 第 119 行.
NOTIC: [8] Use of undefined constant course - assumed 'course' /var/www/html/wikewechat/APP/Runtime/Cache/Home/a59b5e3d0bfe1e0eebc9ef04a084f7b9.php 第 121 行.
NOTIC: [8] Use of undefined constant course - assumed 'course' /var/www/html/wikewechat/APP/Runtime/Cache/Home/a59b5e3d0bfe1e0eebc9ef04a084f7b9.php 第 121 行.
NOTIC: [8] Use of undefined constant id - assumed 'id' /var/www/html/wikewechat/APP/Runtime/Cache/Home/a59b5e3d0bfe1e0eebc9ef04a084f7b9.php 第 121 行.
NOTIC: [8] Use of undefined constant id - assumed 'id' /var/www/html/wikewechat/APP/Runtime/Cache/Home/a59b5e3d0bfe1e0eebc9ef04a084f7b9.php 第 121 行.
NOTIC: [8] Use of undefined constant name - assumed 'name' /var/www/html/wikewechat/APP/Runtime/Cache/Home/a59b5e3d0bfe1e0eebc9ef04a084f7b9.php 第 123 行.
NOTIC: [8] Use of undefined constant tdev - assumed 'tdev' /var/www/html/wikewechat/APP/Runtime/Cache/Home/a59b5e3d0bfe1e0eebc9ef04a084f7b9.php 第 125 行.
NOTIC: [8] Use of undefined constant id - assumed 'id' /var/www/html/wikewechat/APP/Runtime/Cache/Home/a59b5e3d0bfe1e0eebc9ef04a084f7b9.php 第 121 行.
NOTIC: [8] Use of undefined constant id - assumed 'id' /var/www/html/wikewechat/APP/Runtime/Cache/Home/a59b5e3d0bfe1e0eebc9ef04a084f7b9.php 第 121 行.
NOTIC: [8] Use of undefined constant name - assumed 'name' /var/www/html/wikewechat/APP/Runtime/Cache/Home/a59b5e3d0bfe1e0eebc9ef04a084f7b9.php 第 123 行.
NOTIC: [8] Use of undefined constant tdev - assumed 'tdev' /var/www/html/wikewechat/APP/Runtime/Cache/Home/a59b5e3d0bfe1e0eebc9ef04a084f7b9.php 第 125 行.
NOTIC: [8] Use of undefined constant name - assumed 'name' /var/www/html/wikewechat/APP/Runtime/Cache/Home/a59b5e3d0bfe1e0eebc9ef04a084f7b9.php 第 119 行.
NOTIC: [8] Use of undefined constant course - assumed 'course' /var/www/html/wikewechat/APP/Runtime/Cache/Home/a59b5e3d0bfe1e0eebc9ef04a084f7b9.php 第 121 行.
NOTIC: [8] Use of undefined constant course - assumed 'course' /var/www/html/wikewechat/APP/Runtime/Cache/Home/a59b5e3d0bfe1e0eebc9ef04a084f7b9.php 第 121 行.
NOTIC: [8] Use of undefined constant id - assumed 'id' /var/www/html/wikewechat/APP/Runtime/Cache/Home/a59b5e3d0bfe1e0eebc9ef04a084f7b9.php 第 121 行.
NOTIC: [8] Use of undefined constant id - assumed 'id' /var/www/html/wikewechat/APP/Runtime/Cache/Home/a59b5e3d0bfe1e0eebc9ef04a084f7b9.php 第 121 行.
NOTIC: [8] Use of undefined constant name - assumed 'name' /var/www/html/wikewechat/APP/Runtime/Cache/Home/a59b5e3d0bfe1e0eebc9ef04a084f7b9.php 第 123 行.
NOTIC: [8] Use of undefined constant tdev - assumed 'tdev' /var/www/html/wikewechat/APP/Runtime/Cache/Home/a59b5e3d0bfe1e0eebc9ef04a084f7b9.php 第 125 行.
NOTIC: [8] Use of undefined constant name - assumed 'name' /var/www/html/wikewechat/APP/Runtime/Cache/Home/a59b5e3d0bfe1e0eebc9ef04a084f7b9.php 第 119 行.
NOTIC: [8] Use of undefined constant course - assumed 'course' /var/www/html/wikewechat/APP/Runtime/Cache/Home/a59b5e3d0bfe1e0eebc9ef04a084f7b9.php 第 121 行.
NOTIC: [8] Use of undefined constant course - assumed 'course' /var/www/html/wikewechat/APP/Runtime/Cache/Home/a59b5e3d0bfe1e0eebc9ef04a084f7b9.php 第 121 行.
NOTIC: [8] Use of undefined constant id - assumed 'id' /var/www/html/wikewechat/APP/Runtime/Cache/Home/a59b5e3d0bfe1e0eebc9ef04a084f7b9.php 第 121 行.
NOTIC: [8] Use of undefined constant id - assumed 'id' /var/www/html/wikewechat/APP/Runtime/Cache/Home/a59b5e3d0bfe1e0eebc9ef04a084f7b9.php 第 121 行.
NOTIC: [8] Use of undefined constant name - assumed 'name' /var/www/html/wikewechat/APP/Runtime/Cache/Home/a59b5e3d0bfe1e0eebc9ef04a084f7b9.php 第 123 行.
NOTIC: [8] Use of undefined constant tdev - assumed 'tdev' /var/www/html/wikewechat/APP/Runtime/Cache/Home/a59b5e3d0bfe1e0eebc9ef04a084f7b9.php 第 125 行.
INFO: Run Behavior\ParseTemplateBehavior [ RunTime:0.005755s ]
INFO: [ view_parse ] --END-- [ RunTime:0.005792s ]
INFO: [ view_filter ] --START--
INFO: Run Behavior\WriteHtmlCacheBehavior [ RunTime:0.000039s ]
INFO: [ view_filter ] --END-- [ RunTime:0.000086s ]
INFO: [ app_end ] --START--
INFO: Run Behavior\ShowPageTraceBehavior [ RunTime:0.000039s ]
INFO: [ app_end ] --END-- [ RunTime:0.000073s ]

[ 2016-06-06T17:35:08+08:00 ] 221.4.215.212 /wikewechat/Home/Course/course/id/4.html
INFO: [ app_begin ] --START--
INFO: Run Behavior\ReadHtmlCacheBehavior [ RunTime:0.000037s ]
INFO: [ app_begin ] --END-- [ RunTime:0.000102s ]
SQL: SHOW COLUMNS FROM `wike_course` [ RunTime:0.0107s ]
SQL: SELECT COUNT(*) AS tp_count FROM `wike_course` WHERE ( type=4 ) LIMIT 1   [ RunTime:0.0240s ]
SQL: SELECT * FROM `wike_course` WHERE ( type=4 ) ORDER BY id asc LIMIT 0,10   [ RunTime:0.0102s ]
INFO: [ view_parse ] --START--
INFO: [ template_filter ] --START--
INFO: Run Behavior\ContentReplaceBehavior [ RunTime:0.000035s ]
INFO: [ template_filter ] --END-- [ RunTime:0.000084s ]
NOTIC: [8] Use of undefined constant id - assumed 'id' /var/www/html/wikewechat/APP/Runtime/Cache/Home/45bde7b4f4d140873a5c46301455f372.php 第 68 行.
NOTIC: [8] Use of undefined constant pdev - assumed 'pdev' /var/www/html/wikewechat/APP/Runtime/Cache/Home/45bde7b4f4d140873a5c46301455f372.php 第 69 行.
NOTIC: [8] Use of undefined constant id - assumed 'id' /var/www/html/wikewechat/APP/Runtime/Cache/Home/45bde7b4f4d140873a5c46301455f372.php 第 74 行.
NOTIC: [8] Use of undefined constant cname - assumed 'cname' /var/www/html/wikewechat/APP/Runtime/Cache/Home/45bde7b4f4d140873a5c46301455f372.php 第 74 行.
NOTIC: [8] Use of undefined constant unum - assumed 'unum' /var/www/html/wikewechat/APP/Runtime/Cache/Home/45bde7b4f4d140873a5c46301455f372.php 第 79 行.
NOTIC: [8] Use of undefined constant describtion - assumed 'describtion' /var/www/html/wikewechat/APP/Runtime/Cache/Home/45bde7b4f4d140873a5c46301455f372.php 第 82 行.
INFO: Run Behavior\ParseTemplateBehavior [ RunTime:0.009324s ]
INFO: [ view_parse ] --END-- [ RunTime:0.009361s ]
INFO: [ view_filter ] --START--
INFO: Run Behavior\WriteHtmlCacheBehavior [ RunTime:0.000035s ]
INFO: [ view_filter ] --END-- [ RunTime:0.000069s ]
INFO: [ app_end ] --START--
INFO: Run Behavior\ShowPageTraceBehavior [ RunTime:0.000035s ]
INFO: [ app_end ] --END-- [ RunTime:0.000065s ]

[ 2016-06-06T17:35:10+08:00 ] 221.4.215.212 /wikewechat/Home/Course/chapter/id/4.html
INFO: [ app_begin ] --START--
INFO: Run Behavior\ReadHtmlCacheBehavior [ RunTime:0.000050s ]
INFO: [ app_begin ] --END-- [ RunTime:0.000135s ]
NOTIC: [8] A session had already been started - ignoring session_start() /var/www/html/wikewechat/APP/Home/Controller/CourseController.class.php 第 46 行.
SQL: SHOW COLUMNS FROM `wike_stu_course` [ RunTime:0.0098s ]
SQL: SELECT * FROM `wike_stu_course` WHERE `stu_id` = '130201031035' AND `course_id` = 4  [ RunTime:0.0346s ]
ERR: SQLSTATE[23000]: Integrity constraint violation: 1048 Column 'stu_id' cannot be null

[ 2016-06-06T17:35:16+08:00 ] 221.4.215.212 /wikewechat/Home/Course/course/id/3.html
INFO: [ app_begin ] --START--
INFO: Run Behavior\ReadHtmlCacheBehavior [ RunTime:0.000053s ]
INFO: [ app_begin ] --END-- [ RunTime:0.000135s ]
SQL: SHOW COLUMNS FROM `wike_course` [ RunTime:0.0095s ]
SQL: SELECT COUNT(*) AS tp_count FROM `wike_course` WHERE ( type=3 ) LIMIT 1   [ RunTime:0.0089s ]
SQL: SELECT * FROM `wike_course` WHERE ( type=3 ) ORDER BY id asc LIMIT 0,10   [ RunTime:0.0089s ]
INFO: [ view_parse ] --START--
INFO: [ template_filter ] --START--
INFO: Run Behavior\ContentReplaceBehavior [ RunTime:0.000034s ]
INFO: [ template_filter ] --END-- [ RunTime:0.000074s ]
NOTIC: [8] Use of undefined constant id - assumed 'id' /var/www/html/wikewechat/APP/Runtime/Cache/Home/45bde7b4f4d140873a5c46301455f372.php 第 68 行.
NOTIC: [8] Use of undefined constant pdev - assumed 'pdev' /var/www/html/wikewechat/APP/Runtime/Cache/Home/45bde7b4f4d140873a5c46301455f372.php 第 69 行.
NOTIC: [8] Use of undefined constant id - assumed 'id' /var/www/html/wikewechat/APP/Runtime/Cache/Home/45bde7b4f4d140873a5c46301455f372.php 第 74 行.
NOTIC: [8] Use of undefined constant cname - assumed 'cname' /var/www/html/wikewechat/APP/Runtime/Cache/Home/45bde7b4f4d140873a5c46301455f372.php 第 74 行.
NOTIC: [8] Use of undefined constant unum - assumed 'unum' /var/www/html/wikewechat/APP/Runtime/Cache/Home/45bde7b4f4d140873a5c46301455f372.php 第 79 行.
NOTIC: [8] Use of undefined constant describtion - assumed 'describtion' /var/www/html/wikewechat/APP/Runtime/Cache/Home/45bde7b4f4d140873a5c46301455f372.php 第 82 行.
INFO: Run Behavior\ParseTemplateBehavior [ RunTime:0.004493s ]
INFO: [ view_parse ] --END-- [ RunTime:0.004529s ]
INFO: [ view_filter ] --START--
INFO: Run Behavior\WriteHtmlCacheBehavior [ RunTime:0.000041s ]
INFO: [ view_filter ] --END-- [ RunTime:0.000068s ]
INFO: [ app_end ] --START--
INFO: Run Behavior\ShowPageTraceBehavior [ RunTime:0.000044s ]
INFO: [ app_end ] --END-- [ RunTime:0.000073s ]

[ 2016-06-06T17:35:17+08:00 ] 221.4.215.212 /wikewechat/Home/Course/chapter/id/1.html
INFO: [ app_begin ] --START--
INFO: Run Behavior\ReadHtmlCacheBehavior [ RunTime:0.000043s ]
INFO: [ app_begin ] --END-- [ RunTime:0.000093s ]
NOTIC: [8] A session had already been started - ignoring session_start() /var/www/html/wikewechat/APP/Home/Controller/CourseController.class.php 第 46 行.
SQL: SHOW COLUMNS FROM `wike_stu_course` [ RunTime:0.0107s ]
SQL: SELECT * FROM `wike_stu_course` WHERE `stu_id` = '130201031035' AND `course_id` = 1  [ RunTime:0.0106s ]
SQL: SHOW COLUMNS FROM `wike_course` [ RunTime:0.0106s ]
SQL: SELECT * FROM `wike_course` WHERE ( id=1 )  [ RunTime:0.0101s ]
SQL: SHOW COLUMNS FROM `wike_chapter` [ RunTime:0.0106s ]
SQL: SELECT * FROM `wike_chapter` WHERE ( cid=1 )  [ RunTime:0.0282s ]
NOTIC: [8] A session had already been started - ignoring session_start() /var/www/html/wikewechat/APP/Home/Service/IndexService.class.php 第 32 行.
SQL: SHOW COLUMNS FROM `wike_cvideo` [ RunTime:0.0107s ]
SQL: SELECT * FROM `wike_cvideo` WHERE ( cid=1 and chid=1 )  [ RunTime:0.0154s ]
SQL: SHOW COLUMNS FROM `wike_stu_chapter` [ RunTime:0.0138s ]
SQL: SELECT `status` FROM `wike_stu_chapter` WHERE `stu_id` = '130201031035' AND `cid` = 1 AND `chid` = 1 AND `cvideo_id` = 3 LIMIT 1   [ RunTime:0.0102s ]
SQL: SELECT `status` FROM `wike_stu_chapter` WHERE `stu_id` = '130201031035' AND `cid` = 1 AND `chid` = 1 AND `cvideo_id` = 12 LIMIT 1   [ RunTime:0.0100s ]
SQL: SELECT * FROM `wike_cvideo` WHERE ( cid=1 and chid=2 )  [ RunTime:0.0101s ]
SQL: SELECT `status` FROM `wike_stu_chapter` WHERE `stu_id` = '130201031035' AND `cid` = 1 AND `chid` = 2 AND `cvideo_id` = 4 LIMIT 1   [ RunTime:0.0102s ]
SQL: SELECT * FROM `wike_cvideo` WHERE ( cid=1 and chid=3 )  [ RunTime:0.0100s ]
SQL: SELECT `status` FROM `wike_stu_chapter` WHERE `stu_id` = '130201031035' AND `cid` = 1 AND `chid` = 3 AND `cvideo_id` = 5 LIMIT 1   [ RunTime:0.0101s ]
SQL: SELECT `status` FROM `wike_stu_chapter` WHERE `stu_id` = '130201031035' AND `cid` = 1 AND `chid` = 3 AND `cvideo_id` = 8 LIMIT 1   [ RunTime:0.0101s ]
INFO: [ view_parse ] --START--
INFO: [ template_filter ] --START--
INFO: Run Behavior\ContentReplaceBehavior [ RunTime:0.000055s ]
INFO: [ template_filter ] --END-- [ RunTime:0.000113s ]
NOTIC: [8] Use of undefined constant cname - assumed 'cname' /var/www/html/wikewechat/APP/Runtime/Cache/Home/bb3c173d664cb2192e245d9b700fc637.php 第 69 行.
NOTIC: [8] Use of undefined constant unum - assumed 'unum' /var/www/html/wikewechat/APP/Runtime/Cache/Home/bb3c173d664cb2192e245d9b700fc637.php 第 72 行.
NOTIC: [8] Use of undefined constant pdev - assumed 'pdev' /var/www/html/wikewechat/APP/Runtime/Cache/Home/bb3c173d664cb2192e245d9b700fc637.php 第 76 行.
NOTIC: [8] Use of undefined constant chname - assumed 'chname' /var/www/html/wikewechat/APP/Runtime/Cache/Home/bb3c173d664cb2192e245d9b700fc637.php 第 125 行.
NOTIC: [8] Use of undefined constant cvideo - assumed 'cvideo' /var/www/html/wikewechat/APP/Runtime/Cache/Home/bb3c173d664cb2192e245d9b700fc637.php 第 129 行.
NOTIC: [8] Use of undefined constant cvideo - assumed 'cvideo' /var/www/html/wikewechat/APP/Runtime/Cache/Home/bb3c173d664cb2192e245d9b700fc637.php 第 129 行.
NOTIC: [8] Use of undefined constant vdev - assumed 'vdev' /var/www/html/wikewechat/APP/Runtime/Cache/Home/bb3c173d664cb2192e245d9b700fc637.php 第 129 行.
NOTIC: [8] Use of undefined constant id - assumed 'id' /var/www/html/wikewechat/APP/Runtime/Cache/Home/bb3c173d664cb2192e245d9b700fc637.php 第 129 行.
NOTIC: [8] Use of undefined constant cid - assumed 'cid' /var/www/html/wikewechat/APP/Runtime/Cache/Home/bb3c173d664cb2192e245d9b700fc637.php 第 129 行.
NOTIC: [8] Use of undefined constant chid - assumed 'chid' /var/www/html/wikewechat/APP/Runtime/Cache/Home/bb3c173d664cb2192e245d9b700fc637.php 第 129 行.
NOTIC: [8] Use of undefined constant status - assumed 'status' /var/www/html/wikewechat/APP/Runtime/Cache/Home/bb3c173d664cb2192e245d9b700fc637.php 第 133 行.
NOTIC: [8] Use of undefined constant vdev - assumed 'vdev' /var/www/html/wikewechat/APP/Runtime/Cache/Home/bb3c173d664cb2192e245d9b700fc637.php 第 129 行.
NOTIC: [8] Use of undefined constant id - assumed 'id' /var/www/html/wikewechat/APP/Runtime/Cache/Home/bb3c173d664cb2192e245d9b700fc637.php 第 129 行.
NOTIC: [8] Use of undefined constant cid - assumed 'cid' /var/www/html/wikewechat/APP/Runtime/Cache/Home/bb3c173d664cb2192e245d9b700fc637.php 第 129 行.
NOTIC: [8] Use of undefined constant chid - assumed 'chid' /var/www/html/wikewechat/APP/Runtime/Cache/Home/bb3c173d664cb2192e245d9b700fc637.php 第 129 行.
NOTIC: [8] Use of undefined constant status - assumed 'status' /var/www/html/wikewechat/APP/Runtime/Cache/Home/bb3c173d664cb2192e245d9b700fc637.php 第 133 行.
NOTIC: [8] Use of undefined constant chname - assumed 'chname' /var/www/html/wikewechat/APP/Runtime/Cache/Home/bb3c173d664cb2192e245d9b700fc637.php 第 125 行.
NOTIC: [8] Use of undefined constant cvideo - assumed 'cvideo' /var/www/html/wikewechat/APP/Runtime/Cache/Home/bb3c173d664cb2192e245d9b700fc637.php 第 129 行.
NOTIC: [8] Use of undefined constant cvideo - assumed 'cvideo' /var/www/html/wikewechat/APP/Runtime/Cache/Home/bb3c173d664cb2192e245d9b700fc637.php 第 129 行.
NOTIC: [8] Use of undefined constant vdev - assumed 'vdev' /var/www/html/wikewechat/APP/Runtime/Cache/Home/bb3c173d664cb2192e245d9b700fc637.php 第 129 行.
NOTIC: [8] Use of undefined constant id - assumed 'id' /var/www/html/wikewechat/APP/Runtime/Cache/Home/bb3c173d664cb2192e245d9b700fc637.php 第 129 行.
NOTIC: [8] Use of undefined constant cid - assumed 'cid' /var/www/html/wikewechat/APP/Runtime/Cache/Home/bb3c173d664cb2192e245d9b700fc637.php 第 129 行.
NOTIC: [8] Use of undefined constant chid - assumed 'chid' /var/www/html/wikewechat/APP/Runtime/Cache/Home/bb3c173d664cb2192e245d9b700fc637.php 第 129 行.
NOTIC: [8] Use of undefined constant status - assumed 'status' /var/www/html/wikewechat/APP/Runtime/Cache/Home/bb3c173d664cb2192e245d9b700fc637.php 第 133 行.
NOTIC: [8] Use of undefined constant chname - assumed 'chname' /var/www/html/wikewechat/APP/Runtime/Cache/Home/bb3c173d664cb2192e245d9b700fc637.php 第 125 行.
NOTIC: [8] Use of undefined constant cvideo - assumed 'cvideo' /var/www/html/wikewechat/APP/Runtime/Cache/Home/bb3c173d664cb2192e245d9b700fc637.php 第 129 行.
NOTIC: [8] Use of undefined constant cvideo - assumed 'cvideo' /var/www/html/wikewechat/APP/Runtime/Cache/Home/bb3c173d664cb2192e245d9b700fc637.php 第 129 行.
NOTIC: [8] Use of undefined constant vdev - assumed 'vdev' /var/www/html/wikewechat/APP/Runtime/Cache/Home/bb3c173d664cb2192e245d9b700fc637.php 第 129 行.
NOTIC: [8] Use of undefined constant id - assumed 'id' /var/www/html/wikewechat/APP/Runtime/Cache/Home/bb3c173d664cb2192e245d9b700fc637.php 第 129 行.
NOTIC: [8] Use of undefined constant cid - assumed 'cid' /var/www/html/wikewechat/APP/Runtime/Cache/Home/bb3c173d664cb2192e245d9b700fc637.php 第 129 行.
NOTIC: [8] Use of undefined constant chid - assumed 'chid' /var/www/html/wikewechat/APP/Runtime/Cache/Home/bb3c173d664cb2192e245d9b700fc637.php 第 129 行.
NOTIC: [8] Use of undefined constant status - assumed 'status' /var/www/html/wikewechat/APP/Runtime/Cache/Home/bb3c173d664cb2192e245d9b700fc637.php 第 133 行.
NOTIC: [8] Use of undefined constant vdev - assumed 'vdev' /var/www/html/wikewechat/APP/Runtime/Cache/Home/bb3c173d664cb2192e245d9b700fc637.php 第 129 行.
NOTIC: [8] Use of undefined constant id - assumed 'id' /var/www/html/wikewechat/APP/Runtime/Cache/Home/bb3c173d664cb2192e245d9b700fc637.php 第 129 行.
NOTIC: [8] Use of undefined constant cid - assumed 'cid' /var/www/html/wikewechat/APP/Runtime/Cache/Home/bb3c173d664cb2192e245d9b700fc637.php 第 129 行.
NOTIC: [8] Use of undefined constant chid - assumed 'chid' /var/www/html/wikewechat/APP/Runtime/Cache/Home/bb3c173d664cb2192e245d9b700fc637.php 第 129 行.
NOTIC: [8] Use of undefined constant status - assumed 'status' /var/www/html/wikewechat/APP/Runtime/Cache/Home/bb3c173d664cb2192e245d9b700fc637.php 第 133 行.
NOTIC: [8] Use of undefined constant cname - assumed 'cname' /var/www/html/wikewechat/APP/Runtime/Cache/Home/bb3c173d664cb2192e245d9b700fc637.php 第 141 行.
NOTIC: [8] Use of undefined constant describtion - assumed 'describtion' /var/www/html/wikewechat/APP/Runtime/Cache/Home/bb3c173d664cb2192e245d9b700fc637.php 第 143 行.
INFO: Run Behavior\ParseTemplateBehavior [ RunTime:0.029774s ]
INFO: [ view_parse ] --END-- [ RunTime:0.029821s ]
INFO: [ view_filter ] --START--
INFO: Run Behavior\WriteHtmlCacheBehavior [ RunTime:0.000032s ]
INFO: [ view_filter ] --END-- [ RunTime:0.000061s ]
INFO: [ app_end ] --START--
INFO: Run Behavior\ShowPageTraceBehavior [ RunTime:0.000034s ]
INFO: [ app_end ] --END-- [ RunTime:0.000068s ]

[ 2016-06-06T17:35:21+08:00 ] 221.4.215.212 /wikewechat/Home/Course/getTestPoint.html?vid=3&cid=1&chid=1
INFO: [ app_begin ] --START--
INFO: Run Behavior\ReadHtmlCacheBehavior [ RunTime:0.000061s ]
INFO: [ app_begin ] --END-- [ RunTime:0.000140s ]
SQL: SHOW COLUMNS FROM `wike_course` [ RunTime:0.0113s ]
NOTIC: [8] A session had already been started - ignoring session_start() /var/www/html/wikewechat/APP/Home/Model/CourseModel.class.php 第 135 行.
SQL: SHOW COLUMNS FROM `wike_stu_chapter` [ RunTime:0.0113s ]
SQL: SELECT `status` FROM `wike_stu_chapter` WHERE ( cvideo_id=3 ) LIMIT 1   [ RunTime:0.0105s ]
SQL: SHOW COLUMNS FROM `wike_ctest` [ RunTime:0.0109s ]
SQL: SELECT * FROM `wike_ctest` WHERE `cvideo_id` = '3'  [ RunTime:0.0106s ]

[ 2016-06-06T17:35:25+08:00 ] 221.4.215.212 /wikewechat/Home/Course/getTestPoint.html?vid=12&cid=1&chid=1
INFO: [ app_begin ] --START--
INFO: Run Behavior\ReadHtmlCacheBehavior [ RunTime:0.000037s ]
INFO: [ app_begin ] --END-- [ RunTime:0.000102s ]
SQL: SHOW COLUMNS FROM `wike_course` [ RunTime:0.0109s ]
NOTIC: [8] A session had already been started - ignoring session_start() /var/www/html/wikewechat/APP/Home/Model/CourseModel.class.php 第 135 行.
SQL: SHOW COLUMNS FROM `wike_stu_chapter` [ RunTime:0.0107s ]
SQL: SELECT `status` FROM `wike_stu_chapter` WHERE ( cvideo_id=12 ) LIMIT 1   [ RunTime:0.0105s ]
SQL: insert into wike_stu_chapter(stu_id,status,chid,cid,cvideo_id) values('130201031035',1,1,1,12) [ RunTime:0.0205s ]
SQL: SHOW COLUMNS FROM `wike_ctest` [ RunTime:0.0110s ]
SQL: SELECT * FROM `wike_ctest` WHERE `cvideo_id` = '12'  [ RunTime:0.0106s ]

[ 2016-06-06T17:35:25+08:00 ] 221.4.215.212 /wikewechat/Home/Course/getTestPoint.html?vid=12&cid=1&chid=1
INFO: [ app_begin ] --START--
INFO: Run Behavior\ReadHtmlCacheBehavior [ RunTime:0.000030s ]
INFO: [ app_begin ] --END-- [ RunTime:0.000073s ]
SQL: SHOW COLUMNS FROM `wike_course` [ RunTime:0.0110s ]
NOTIC: [8] A session had already been started - ignoring session_start() /var/www/html/wikewechat/APP/Home/Model/CourseModel.class.php 第 135 行.
SQL: SHOW COLUMNS FROM `wike_stu_chapter` [ RunTime:0.0106s ]
SQL: SELECT `status` FROM `wike_stu_chapter` WHERE ( cvideo_id=12 ) LIMIT 1   [ RunTime:0.0102s ]
SQL: SHOW COLUMNS FROM `wike_ctest` [ RunTime:0.0106s ]
SQL: SELECT * FROM `wike_ctest` WHERE `cvideo_id` = '12'  [ RunTime:0.0102s ]

[ 2016-06-06T17:35:27+08:00 ] 221.4.215.212 /wikewechat/Home/Course/getTestPoint.html?vid=4&cid=1&chid=2
INFO: [ app_begin ] --START--
INFO: Run Behavior\ReadHtmlCacheBehavior [ RunTime:0.000032s ]
INFO: [ app_begin ] --END-- [ RunTime:0.000087s ]
SQL: SHOW COLUMNS FROM `wike_course` [ RunTime:0.0103s ]
NOTIC: [8] A session had already been started - ignoring session_start() /var/www/html/wikewechat/APP/Home/Model/CourseModel.class.php 第 135 行.
SQL: SHOW COLUMNS FROM `wike_stu_chapter` [ RunTime:0.0104s ]
SQL: SELECT `status` FROM `wike_stu_chapter` WHERE ( cvideo_id=4 ) LIMIT 1   [ RunTime:0.0098s ]
SQL: insert into wike_stu_chapter(stu_id,status,chid,cid,cvideo_id) values('130201031035',1,2,1,4) [ RunTime:0.0113s ]
SQL: SHOW COLUMNS FROM `wike_ctest` [ RunTime:0.0102s ]
SQL: SELECT * FROM `wike_ctest` WHERE `cvideo_id` = '4'  [ RunTime:0.0102s ]

[ 2016-06-06T17:35:37+08:00 ] 221.4.215.212 /wikewechat/
INFO: [ app_begin ] --START--
INFO: Run Behavior\ReadHtmlCacheBehavior [ RunTime:0.000045s ]
INFO: [ app_begin ] --END-- [ RunTime:0.000117s ]
NOTIC: [8] A session had already been started - ignoring session_start() /var/www/html/wikewechat/APP/Home/Controller/IndexController.class.php 第 4 行.
NOTIC: [8] A session had already been started - ignoring session_start() /var/www/html/wikewechat/APP/Home/Controller/IndexController.class.php 第 12 行.
SQL: SHOW COLUMNS FROM `wike_direction` [ RunTime:0.0109s ]
SQL: SELECT * FROM `wike_direction`  [ RunTime:0.0098s ]
SQL: SHOW COLUMNS FROM `wike_type` [ RunTime:0.0101s ]
SQL: SELECT * FROM `wike_type` WHERE ( did=1 )  [ RunTime:0.0098s ]
SQL: SELECT * FROM `wike_type` WHERE ( did=2 )  [ RunTime:0.0097s ]
SQL: SELECT * FROM `wike_type` WHERE ( did=3 )  [ RunTime:0.0097s ]
SQL: SELECT * FROM `wike_type` WHERE ( did=4 )  [ RunTime:0.0096s ]
SQL: SELECT * FROM `wike_type` WHERE ( did=5 )  [ RunTime:0.0096s ]
DEBUG: session:Array
(
    [stu_id] => 130201031035
)

INFO: [ view_parse ] --START--
INFO: [ template_filter ] --START--
INFO: Run Behavior\ContentReplaceBehavior [ RunTime:0.000041s ]
INFO: [ template_filter ] --END-- [ RunTime:0.000130s ]
NOTIC: [8] Use of undefined constant name - assumed 'name' /var/www/html/wikewechat/APP/Runtime/Cache/Home/a59b5e3d0bfe1e0eebc9ef04a084f7b9.php 第 119 行.
NOTIC: [8] Use of undefined constant course - assumed 'course' /var/www/html/wikewechat/APP/Runtime/Cache/Home/a59b5e3d0bfe1e0eebc9ef04a084f7b9.php 第 121 行.
NOTIC: [8] Use of undefined constant course - assumed 'course' /var/www/html/wikewechat/APP/Runtime/Cache/Home/a59b5e3d0bfe1e0eebc9ef04a084f7b9.php 第 121 行.
NOTIC: [8] Use of undefined constant id - assumed 'id' /var/www/html/wikewechat/APP/Runtime/Cache/Home/a59b5e3d0bfe1e0eebc9ef04a084f7b9.php 第 121 行.
NOTIC: [8] Use of undefined constant id - assumed 'id' /var/www/html/wikewechat/APP/Runtime/Cache/Home/a59b5e3d0bfe1e0eebc9ef04a084f7b9.php 第 121 行.
NOTIC: [8] Use of undefined constant name - assumed 'name' /var/www/html/wikewechat/APP/Runtime/Cache/Home/a59b5e3d0bfe1e0eebc9ef04a084f7b9.php 第 123 行.
NOTIC: [8] Use of undefined constant tdev - assumed 'tdev' /var/www/html/wikewechat/APP/Runtime/Cache/Home/a59b5e3d0bfe1e0eebc9ef04a084f7b9.php 第 125 行.
NOTIC: [8] Use of undefined constant id - assumed 'id' /var/www/html/wikewechat/APP/Runtime/Cache/Home/a59b5e3d0bfe1e0eebc9ef04a084f7b9.php 第 121 行.
NOTIC: [8] Use of undefined constant id - assumed 'id' /var/www/html/wikewechat/APP/Runtime/Cache/Home/a59b5e3d0bfe1e0eebc9ef04a084f7b9.php 第 121 行.
NOTIC: [8] Use of undefined constant name - assumed 'name' /var/www/html/wikewechat/APP/Runtime/Cache/Home/a59b5e3d0bfe1e0eebc9ef04a084f7b9.php 第 123 行.
NOTIC: [8] Use of undefined constant tdev - assumed 'tdev' /var/www/html/wikewechat/APP/Runtime/Cache/Home/a59b5e3d0bfe1e0eebc9ef04a084f7b9.php 第 125 行.
NOTIC: [8] Use of undefined constant id - assumed 'id' /var/www/html/wikewechat/APP/Runtime/Cache/Home/a59b5e3d0bfe1e0eebc9ef04a084f7b9.php 第 121 行.
NOTIC: [8] Use of undefined constant id - assumed 'id' /var/www/html/wikewechat/APP/Runtime/Cache/Home/a59b5e3d0bfe1e0eebc9ef04a084f7b9.php 第 121 行.
NOTIC: [8] Use of undefined constant name - assumed 'name' /var/www/html/wikewechat/APP/Runtime/Cache/Home/a59b5e3d0bfe1e0eebc9ef04a084f7b9.php 第 123 行.
NOTIC: [8] Use of undefined constant tdev - assumed 'tdev' /var/www/html/wikewechat/APP/Runtime/Cache/Home/a59b5e3d0bfe1e0eebc9ef04a084f7b9.php 第 125 行.
NOTIC: [8] Use of undefined constant name - assumed 'name' /var/www/html/wikewechat/APP/Runtime/Cache/Home/a59b5e3d0bfe1e0eebc9ef04a084f7b9.php 第 119 行.
NOTIC: [8] Use of undefined constant course - assumed 'course' /var/www/html/wikewechat/APP/Runtime/Cache/Home/a59b5e3d0bfe1e0eebc9ef04a084f7b9.php 第 121 行.
NOTIC: [8] Use of undefined constant course - assumed 'course' /var/www/html/wikewechat/APP/Runtime/Cache/Home/a59b5e3d0bfe1e0eebc9ef04a084f7b9.php 第 121 行.
NOTIC: [8] Use of undefined constant id - assumed 'id' /var/www/html/wikewechat/APP/Runtime/Cache/Home/a59b5e3d0bfe1e0eebc9ef04a084f7b9.php 第 121 行.
NOTIC: [8] Use of undefined constant id - assumed 'id' /var/www/html/wikewechat/APP/Runtime/Cache/Home/a59b5e3d0bfe1e0eebc9ef04a084f7b9.php 第 121 行.
NOTIC: [8] Use of undefined constant name - assumed 'name' /var/www/html/wikewechat/APP/Runtime/Cache/Home/a59b5e3d0bfe1e0eebc9ef04a084f7b9.php 第 123 行.
NOTIC: [8] Use of undefined constant tdev - assumed 'tdev' /var/www/html/wikewechat/APP/Runtime/Cache/Home/a59b5e3d0bfe1e0eebc9ef04a084f7b9.php 第 125 行.
NOTIC: [8] Use of undefined constant id - assumed 'id' /var/www/html/wikewechat/APP/Runtime/Cache/Home/a59b5e3d0bfe1e0eebc9ef04a084f7b9.php 第 121 行.
NOTIC: [8] Use of undefined constant id - assumed 'id' /var/www/html/wikewechat/APP/Runtime/Cache/Home/a59b5e3d0bfe1e0eebc9ef04a084f7b9.php 第 121 行.
NOTIC: [8] Use of undefined constant name - assumed 'name' /var/www/html/wikewechat/APP/Runtime/Cache/Home/a59b5e3d0bfe1e0eebc9ef04a084f7b9.php 第 123 行.
NOTIC: [8] Use of undefined constant tdev - assumed 'tdev' /var/www/html/wikewechat/APP/Runtime/Cache/Home/a59b5e3d0bfe1e0eebc9ef04a084f7b9.php 第 125 行.
NOTIC: [8] Use of undefined constant id - assumed 'id' /var/www/html/wikewechat/APP/Runtime/Cache/Home/a59b5e3d0bfe1e0eebc9ef04a084f7b9.php 第 121 行.
NOTIC: [8] Use of undefined constant id - assumed 'id' /var/www/html/wikewechat/APP/Runtime/Cache/Home/a59b5e3d0bfe1e0eebc9ef04a084f7b9.php 第 121 行.
NOTIC: [8] Use of undefined constant name - assumed 'name' /var/www/html/wikewechat/APP/Runtime/Cache/Home/a59b5e3d0bfe1e0eebc9ef04a084f7b9.php 第 123 行.
NOTIC: [8] Use of undefined constant tdev - assumed 'tdev' /var/www/html/wikewechat/APP/Runtime/Cache/Home/a59b5e3d0bfe1e0eebc9ef04a084f7b9.php 第 125 行.
NOTIC: [8] Use of undefined constant name - assumed 'name' /var/www/html/wikewechat/APP/Runtime/Cache/Home/a59b5e3d0bfe1e0eebc9ef04a084f7b9.php 第 119 行.
NOTIC: [8] Use of undefined constant course - assumed 'course' /var/www/html/wikewechat/APP/Runtime/Cache/Home/a59b5e3d0bfe1e0eebc9ef04a084f7b9.php 第 121 行.
NOTIC: [8] Use of undefined constant course - assumed 'course' /var/www/html/wikewechat/APP/Runtime/Cache/Home/a59b5e3d0bfe1e0eebc9ef04a084f7b9.php 第 121 行.
NOTIC: [8] Use of undefined constant id - assumed 'id' /var/www/html/wikewechat/APP/Runtime/Cache/Home/a59b5e3d0bfe1e0eebc9ef04a084f7b9.php 第 121 行.
NOTIC: [8] Use of undefined constant id - assumed 'id' /var/www/html/wikewechat/APP/Runtime/Cache/Home/a59b5e3d0bfe1e0eebc9ef04a084f7b9.php 第 121 行.
NOTIC: [8] Use of undefined constant name - assumed 'name' /var/www/html/wikewechat/APP/Runtime/Cache/Home/a59b5e3d0bfe1e0eebc9ef04a084f7b9.php 第 123 行.
NOTIC: [8] Use of undefined constant tdev - assumed 'tdev' /var/www/html/wikewechat/APP/Runtime/Cache/Home/a59b5e3d0bfe1e0eebc9ef04a084f7b9.php 第 125 行.
NOTIC: [8] Use of undefined constant id - assumed 'id' /var/www/html/wikewechat/APP/Runtime/Cache/Home/a59b5e3d0bfe1e0eebc9ef04a084f7b9.php 第 121 行.
NOTIC: [8] Use of undefined constant id - assumed 'id' /var/www/html/wikewechat/APP/Runtime/Cache/Home/a59b5e3d0bfe1e0eebc9ef04a084f7b9.php 第 121 行.
NOTIC: [8] Use of undefined constant name - assumed 'name' /var/www/html/wikewechat/APP/Runtime/Cache/Home/a59b5e3d0bfe1e0eebc9ef04a084f7b9.php 第 123 行.
NOTIC: [8] Use of undefined constant tdev - assumed 'tdev' /var/www/html/wikewechat/APP/Runtime/Cache/Home/a59b5e3d0bfe1e0eebc9ef04a084f7b9.php 第 125 行.
NOTIC: [8] Use of undefined constant name - assumed 'name' /var/www/html/wikewechat/APP/Runtime/Cache/Home/a59b5e3d0bfe1e0eebc9ef04a084f7b9.php 第 119 行.
NOTIC: [8] Use of undefined constant course - assumed 'course' /var/www/html/wikewechat/APP/Runtime/Cache/Home/a59b5e3d0bfe1e0eebc9ef04a084f7b9.php 第 121 行.
NOTIC: [8] Use of undefined constant course - assumed 'course' /var/www/html/wikewechat/APP/Runtime/Cache/Home/a59b5e3d0bfe1e0eebc9ef04a084f7b9.php 第 121 行.
NOTIC: [8] Use of undefined constant id - assumed 'id' /var/www/html/wikewechat/APP/Runtime/Cache/Home/a59b5e3d0bfe1e0eebc9ef04a084f7b9.php 第 121 行.
NOTIC: [8] Use of undefined constant id - assumed 'id' /var/www/html/wikewechat/APP/Runtime/Cache/Home/a59b5e3d0bfe1e0eebc9ef04a084f7b9.php 第 121 行.
NOTIC: [8] Use of undefined constant name - assumed 'name' /var/www/html/wikewechat/APP/Runtime/Cache/Home/a59b5e3d0bfe1e0eebc9ef04a084f7b9.php 第 123 行.
NOTIC: [8] Use of undefined constant tdev - assumed 'tdev' /var/www/html/wikewechat/APP/Runtime/Cache/Home/a59b5e3d0bfe1e0eebc9ef04a084f7b9.php 第 125 行.
NOTIC: [8] Use of undefined constant name - assumed 'name' /var/www/html/wikewechat/APP/Runtime/Cache/Home/a59b5e3d0bfe1e0eebc9ef04a084f7b9.php 第 119 行.
NOTIC: [8] Use of undefined constant course - assumed 'course' /var/www/html/wikewechat/APP/Runtime/Cache/Home/a59b5e3d0bfe1e0eebc9ef04a084f7b9.php 第 121 行.
NOTIC: [8] Use of undefined constant course - assumed 'course' /var/www/html/wikewechat/APP/Runtime/Cache/Home/a59b5e3d0bfe1e0eebc9ef04a084f7b9.php 第 121 行.
NOTIC: [8] Use of undefined constant id - assumed 'id' /var/www/html/wikewechat/APP/Runtime/Cache/Home/a59b5e3d0bfe1e0eebc9ef04a084f7b9.php 第 121 行.
NOTIC: [8] Use of undefined constant id - assumed 'id' /var/www/html/wikewechat/APP/Runtime/Cache/Home/a59b5e3d0bfe1e0eebc9ef04a084f7b9.php 第 121 行.
NOTIC: [8] Use of undefined constant name - assumed 'name' /var/www/html/wikewechat/APP/Runtime/Cache/Home/a59b5e3d0bfe1e0eebc9ef04a084f7b9.php 第 123 行.
NOTIC: [8] Use of undefined constant tdev - assumed 'tdev' /var/www/html/wikewechat/APP/Runtime/Cache/Home/a59b5e3d0bfe1e0eebc9ef04a084f7b9.php 第 125 行.
INFO: Run Behavior\ParseTemplateBehavior [ RunTime:0.006613s ]
INFO: [ view_parse ] --END-- [ RunTime:0.006659s ]
INFO: [ view_filter ] --START--
INFO: Run Behavior\WriteHtmlCacheBehavior [ RunTime:0.000046s ]
INFO: [ view_filter ] --END-- [ RunTime:0.000074s ]
INFO: [ app_end ] --START--
INFO: Run Behavior\ShowPageTraceBehavior [ RunTime:0.000049s ]
INFO: [ app_end ] --END-- [ RunTime:0.000083s ]

[ 2016-06-06T17:35:40+08:00 ] 221.4.215.212 /wikewechat/Home/Course/course/id/5.html
INFO: [ app_begin ] --START--
INFO: Run Behavior\ReadHtmlCacheBehavior [ RunTime:0.000033s ]
INFO: [ app_begin ] --END-- [ RunTime:0.000090s ]
SQL: SHOW COLUMNS FROM `wike_course` [ RunTime:0.0108s ]
SQL: SELECT COUNT(*) AS tp_count FROM `wike_course` WHERE ( type=5 ) LIMIT 1   [ RunTime:0.0098s ]
SQL: SELECT * FROM `wike_course` WHERE ( type=5 ) ORDER BY id asc LIMIT 0,10   [ RunTime:0.0098s ]
INFO: [ view_parse ] --START--
INFO: [ template_filter ] --START--
INFO: Run Behavior\ContentReplaceBehavior [ RunTime:0.000032s ]
INFO: [ template_filter ] --END-- [ RunTime:0.000070s ]
NOTIC: [8] Use of undefined constant id - assumed 'id' /var/www/html/wikewechat/APP/Runtime/Cache/Home/45bde7b4f4d140873a5c46301455f372.php 第 68 行.
NOTIC: [8] Use of undefined constant pdev - assumed 'pdev' /var/www/html/wikewechat/APP/Runtime/Cache/Home/45bde7b4f4d140873a5c46301455f372.php 第 69 行.
NOTIC: [8] Use of undefined constant id - assumed 'id' /var/www/html/wikewechat/APP/Runtime/Cache/Home/45bde7b4f4d140873a5c46301455f372.php 第 74 行.
NOTIC: [8] Use of undefined constant cname - assumed 'cname' /var/www/html/wikewechat/APP/Runtime/Cache/Home/45bde7b4f4d140873a5c46301455f372.php 第 74 行.
NOTIC: [8] Use of undefined constant unum - assumed 'unum' /var/www/html/wikewechat/APP/Runtime/Cache/Home/45bde7b4f4d140873a5c46301455f372.php 第 79 行.
NOTIC: [8] Use of undefined constant describtion - assumed 'describtion' /var/www/html/wikewechat/APP/Runtime/Cache/Home/45bde7b4f4d140873a5c46301455f372.php 第 82 行.
NOTIC: [8] Use of undefined constant id - assumed 'id' /var/www/html/wikewechat/APP/Runtime/Cache/Home/45bde7b4f4d140873a5c46301455f372.php 第 68 行.
NOTIC: [8] Use of undefined constant pdev - assumed 'pdev' /var/www/html/wikewechat/APP/Runtime/Cache/Home/45bde7b4f4d140873a5c46301455f372.php 第 69 行.
NOTIC: [8] Use of undefined constant id - assumed 'id' /var/www/html/wikewechat/APP/Runtime/Cache/Home/45bde7b4f4d140873a5c46301455f372.php 第 74 行.
NOTIC: [8] Use of undefined constant cname - assumed 'cname' /var/www/html/wikewechat/APP/Runtime/Cache/Home/45bde7b4f4d140873a5c46301455f372.php 第 74 行.
NOTIC: [8] Use of undefined constant unum - assumed 'unum' /var/www/html/wikewechat/APP/Runtime/Cache/Home/45bde7b4f4d140873a5c46301455f372.php 第 79 行.
NOTIC: [8] Use of undefined constant describtion - assumed 'describtion' /var/www/html/wikewechat/APP/Runtime/Cache/Home/45bde7b4f4d140873a5c46301455f372.php 第 82 行.
INFO: Run Behavior\ParseTemplateBehavior [ RunTime:0.003565s ]
INFO: [ view_parse ] --END-- [ RunTime:0.003602s ]
INFO: [ view_filter ] --START--
INFO: Run Behavior\WriteHtmlCacheBehavior [ RunTime:0.000035s ]
INFO: [ view_filter ] --END-- [ RunTime:0.000063s ]
INFO: [ app_end ] --START--
INFO: Run Behavior\ShowPageTraceBehavior [ RunTime:0.000033s ]
INFO: [ app_end ] --END-- [ RunTime:0.000062s ]

[ 2016-06-06T17:35:42+08:00 ] 221.4.215.212 /wikewechat/Home/Course/chapter/id/7.html
INFO: [ app_begin ] --START--
INFO: Run Behavior\ReadHtmlCacheBehavior [ RunTime:0.000040s ]
INFO: [ app_begin ] --END-- [ RunTime:0.000104s ]
NOTIC: [8] A session had already been started - ignoring session_start() /var/www/html/wikewechat/APP/Home/Controller/CourseController.class.php 第 46 行.
SQL: SHOW COLUMNS FROM `wike_stu_course` [ RunTime:0.0099s ]
SQL: SELECT * FROM `wike_stu_course` WHERE `stu_id` = '130201031035' AND `course_id` = 7  [ RunTime:0.0095s ]
ERR: SQLSTATE[23000]: Integrity constraint violation: 1048 Column 'stu_id' cannot be null

[ 2016-06-06T17:35:48+08:00 ] 221.4.215.212 /wikewechat/
INFO: [ app_begin ] --START--
INFO: Run Behavior\ReadHtmlCacheBehavior [ RunTime:0.000033s ]
INFO: [ app_begin ] --END-- [ RunTime:0.000100s ]
NOTIC: [8] A session had already been started - ignoring session_start() /var/www/html/wikewechat/APP/Home/Controller/IndexController.class.php 第 4 行.
NOTIC: [8] A session had already been started - ignoring session_start() /var/www/html/wikewechat/APP/Home/Controller/IndexController.class.php 第 12 行.
SQL: SHOW COLUMNS FROM `wike_direction` [ RunTime:0.0137s ]
SQL: SELECT * FROM `wike_direction`  [ RunTime:0.0106s ]
SQL: SHOW COLUMNS FROM `wike_type` [ RunTime:0.0113s ]
SQL: SELECT * FROM `wike_type` WHERE ( did=1 )  [ RunTime:0.0106s ]
SQL: SELECT * FROM `wike_type` WHERE ( did=2 )  [ RunTime:0.0108s ]
SQL: SELECT * FROM `wike_type` WHERE ( did=3 )  [ RunTime:0.0106s ]
SQL: SELECT * FROM `wike_type` WHERE ( did=4 )  [ RunTime:0.0107s ]
SQL: SELECT * FROM `wike_type` WHERE ( did=5 )  [ RunTime:0.0106s ]
DEBUG: session:Array
(
    [stu_id] => 130201031035
)

INFO: [ view_parse ] --START--
INFO: [ template_filter ] --START--
INFO: Run Behavior\ContentReplaceBehavior [ RunTime:0.000051s ]
INFO: [ template_filter ] --END-- [ RunTime:0.000093s ]
NOTIC: [8] Use of undefined constant name - assumed 'name' /var/www/html/wikewechat/APP/Runtime/Cache/Home/a59b5e3d0bfe1e0eebc9ef04a084f7b9.php 第 119 行.
NOTIC: [8] Use of undefined constant course - assumed 'course' /var/www/html/wikewechat/APP/Runtime/Cache/Home/a59b5e3d0bfe1e0eebc9ef04a084f7b9.php 第 121 行.
NOTIC: [8] Use of undefined constant course - assumed 'course' /var/www/html/wikewechat/APP/Runtime/Cache/Home/a59b5e3d0bfe1e0eebc9ef04a084f7b9.php 第 121 行.
NOTIC: [8] Use of undefined constant id - assumed 'id' /var/www/html/wikewechat/APP/Runtime/Cache/Home/a59b5e3d0bfe1e0eebc9ef04a084f7b9.php 第 121 行.
NOTIC: [8] Use of undefined constant id - assumed 'id' /var/www/html/wikewechat/APP/Runtime/Cache/Home/a59b5e3d0bfe1e0eebc9ef04a084f7b9.php 第 121 行.
NOTIC: [8] Use of undefined constant name - assumed 'name' /var/www/html/wikewechat/APP/Runtime/Cache/Home/a59b5e3d0bfe1e0eebc9ef04a084f7b9.php 第 123 行.
NOTIC: [8] Use of undefined constant tdev - assumed 'tdev' /var/www/html/wikewechat/APP/Runtime/Cache/Home/a59b5e3d0bfe1e0eebc9ef04a084f7b9.php 第 125 行.
NOTIC: [8] Use of undefined constant id - assumed 'id' /var/www/html/wikewechat/APP/Runtime/Cache/Home/a59b5e3d0bfe1e0eebc9ef04a084f7b9.php 第 121 行.
NOTIC: [8] Use of undefined constant id - assumed 'id' /var/www/html/wikewechat/APP/Runtime/Cache/Home/a59b5e3d0bfe1e0eebc9ef04a084f7b9.php 第 121 行.
NOTIC: [8] Use of undefined constant name - assumed 'name' /var/www/html/wikewechat/APP/Runtime/Cache/Home/a59b5e3d0bfe1e0eebc9ef04a084f7b9.php 第 123 行.
NOTIC: [8] Use of undefined constant tdev - assumed 'tdev' /var/www/html/wikewechat/APP/Runtime/Cache/Home/a59b5e3d0bfe1e0eebc9ef04a084f7b9.php 第 125 行.
NOTIC: [8] Use of undefined constant id - assumed 'id' /var/www/html/wikewechat/APP/Runtime/Cache/Home/a59b5e3d0bfe1e0eebc9ef04a084f7b9.php 第 121 行.
NOTIC: [8] Use of undefined constant id - assumed 'id' /var/www/html/wikewechat/APP/Runtime/Cache/Home/a59b5e3d0bfe1e0eebc9ef04a084f7b9.php 第 121 行.
NOTIC: [8] Use of undefined constant name - assumed 'name' /var/www/html/wikewechat/APP/Runtime/Cache/Home/a59b5e3d0bfe1e0eebc9ef04a084f7b9.php 第 123 行.
NOTIC: [8] Use of undefined constant tdev - assumed 'tdev' /var/www/html/wikewechat/APP/Runtime/Cache/Home/a59b5e3d0bfe1e0eebc9ef04a084f7b9.php 第 125 行.
NOTIC: [8] Use of undefined constant name - assumed 'name' /var/www/html/wikewechat/APP/Runtime/Cache/Home/a59b5e3d0bfe1e0eebc9ef04a084f7b9.php 第 119 行.
NOTIC: [8] Use of undefined constant course - assumed 'course' /var/www/html/wikewechat/APP/Runtime/Cache/Home/a59b5e3d0bfe1e0eebc9ef04a084f7b9.php 第 121 行.
NOTIC: [8] Use of undefined constant course - assumed 'course' /var/www/html/wikewechat/APP/Runtime/Cache/Home/a59b5e3d0bfe1e0eebc9ef04a084f7b9.php 第 121 行.
NOTIC: [8] Use of undefined constant id - assumed 'id' /var/www/html/wikewechat/APP/Runtime/Cache/Home/a59b5e3d0bfe1e0eebc9ef04a084f7b9.php 第 121 行.
NOTIC: [8] Use of undefined constant id - assumed 'id' /var/www/html/wikewechat/APP/Runtime/Cache/Home/a59b5e3d0bfe1e0eebc9ef04a084f7b9.php 第 121 行.
NOTIC: [8] Use of undefined constant name - assumed 'name' /var/www/html/wikewechat/APP/Runtime/Cache/Home/a59b5e3d0bfe1e0eebc9ef04a084f7b9.php 第 123 行.
NOTIC: [8] Use of undefined constant tdev - assumed 'tdev' /var/www/html/wikewechat/APP/Runtime/Cache/Home/a59b5e3d0bfe1e0eebc9ef04a084f7b9.php 第 125 行.
NOTIC: [8] Use of undefined constant id - assumed 'id' /var/www/html/wikewechat/APP/Runtime/Cache/Home/a59b5e3d0bfe1e0eebc9ef04a084f7b9.php 第 121 行.
NOTIC: [8] Use of undefined constant id - assumed 'id' /var/www/html/wikewechat/APP/Runtime/Cache/Home/a59b5e3d0bfe1e0eebc9ef04a084f7b9.php 第 121 行.
NOTIC: [8] Use of undefined constant name - assumed 'name' /var/www/html/wikewechat/APP/Runtime/Cache/Home/a59b5e3d0bfe1e0eebc9ef04a084f7b9.php 第 123 行.
NOTIC: [8] Use of undefined constant tdev - assumed 'tdev' /var/www/html/wikewechat/APP/Runtime/Cache/Home/a59b5e3d0bfe1e0eebc9ef04a084f7b9.php 第 125 行.
NOTIC: [8] Use of undefined constant id - assumed 'id' /var/www/html/wikewechat/APP/Runtime/Cache/Home/a59b5e3d0bfe1e0eebc9ef04a084f7b9.php 第 121 行.
NOTIC: [8] Use of undefined constant id - assumed 'id' /var/www/html/wikewechat/APP/Runtime/Cache/Home/a59b5e3d0bfe1e0eebc9ef04a084f7b9.php 第 121 行.
NOTIC: [8] Use of undefined constant name - assumed 'name' /var/www/html/wikewechat/APP/Runtime/Cache/Home/a59b5e3d0bfe1e0eebc9ef04a084f7b9.php 第 123 行.
NOTIC: [8] Use of undefined constant tdev - assumed 'tdev' /var/www/html/wikewechat/APP/Runtime/Cache/Home/a59b5e3d0bfe1e0eebc9ef04a084f7b9.php 第 125 行.
NOTIC: [8] Use of undefined constant name - assumed 'name' /var/www/html/wikewechat/APP/Runtime/Cache/Home/a59b5e3d0bfe1e0eebc9ef04a084f7b9.php 第 119 行.
NOTIC: [8] Use of undefined constant course - assumed 'course' /var/www/html/wikewechat/APP/Runtime/Cache/Home/a59b5e3d0bfe1e0eebc9ef04a084f7b9.php 第 121 行.
NOTIC: [8] Use of undefined constant course - assumed 'course' /var/www/html/wikewechat/APP/Runtime/Cache/Home/a59b5e3d0bfe1e0eebc9ef04a084f7b9.php 第 121 行.
NOTIC: [8] Use of undefined constant id - assumed 'id' /var/www/html/wikewechat/APP/Runtime/Cache/Home/a59b5e3d0bfe1e0eebc9ef04a084f7b9.php 第 121 行.
NOTIC: [8] Use of undefined constant id - assumed 'id' /var/www/html/wikewechat/APP/Runtime/Cache/Home/a59b5e3d0bfe1e0eebc9ef04a084f7b9.php 第 121 行.
NOTIC: [8] Use of undefined constant name - assumed 'name' /var/www/html/wikewechat/APP/Runtime/Cache/Home/a59b5e3d0bfe1e0eebc9ef04a084f7b9.php 第 123 行.
NOTIC: [8] Use of undefined constant tdev - assumed 'tdev' /var/www/html/wikewechat/APP/Runtime/Cache/Home/a59b5e3d0bfe1e0eebc9ef04a084f7b9.php 第 125 行.
NOTIC: [8] Use of undefined constant id - assumed 'id' /var/www/html/wikewechat/APP/Runtime/Cache/Home/a59b5e3d0bfe1e0eebc9ef04a084f7b9.php 第 121 行.
NOTIC: [8] Use of undefined constant id - assumed 'id' /var/www/html/wikewechat/APP/Runtime/Cache/Home/a59b5e3d0bfe1e0eebc9ef04a084f7b9.php 第 121 行.
NOTIC: [8] Use of undefined constant name - assumed 'name' /var/www/html/wikewechat/APP/Runtime/Cache/Home/a59b5e3d0bfe1e0eebc9ef04a084f7b9.php 第 123 行.
NOTIC: [8] Use of undefined constant tdev - assumed 'tdev' /var/www/html/wikewechat/APP/Runtime/Cache/Home/a59b5e3d0bfe1e0eebc9ef04a084f7b9.php 第 125 行.
NOTIC: [8] Use of undefined constant name - assumed 'name' /var/www/html/wikewechat/APP/Runtime/Cache/Home/a59b5e3d0bfe1e0eebc9ef04a084f7b9.php 第 119 行.
NOTIC: [8] Use of undefined constant course - assumed 'course' /var/www/html/wikewechat/APP/Runtime/Cache/Home/a59b5e3d0bfe1e0eebc9ef04a084f7b9.php 第 121 行.
NOTIC: [8] Use of undefined constant course - assumed 'course' /var/www/html/wikewechat/APP/Runtime/Cache/Home/a59b5e3d0bfe1e0eebc9ef04a084f7b9.php 第 121 行.
NOTIC: [8] Use of undefined constant id - assumed 'id' /var/www/html/wikewechat/APP/Runtime/Cache/Home/a59b5e3d0bfe1e0eebc9ef04a084f7b9.php 第 121 行.
NOTIC: [8] Use of undefined constant id - assumed 'id' /var/www/html/wikewechat/APP/Runtime/Cache/Home/a59b5e3d0bfe1e0eebc9ef04a084f7b9.php 第 121 行.
NOTIC: [8] Use of undefined constant name - assumed 'name' /var/www/html/wikewechat/APP/Runtime/Cache/Home/a59b5e3d0bfe1e0eebc9ef04a084f7b9.php 第 123 行.
NOTIC: [8] Use of undefined constant tdev - assumed 'tdev' /var/www/html/wikewechat/APP/Runtime/Cache/Home/a59b5e3d0bfe1e0eebc9ef04a084f7b9.php 第 125 行.
NOTIC: [8] Use of undefined constant name - assumed 'name' /var/www/html/wikewechat/APP/Runtime/Cache/Home/a59b5e3d0bfe1e0eebc9ef04a084f7b9.php 第 119 行.
NOTIC: [8] Use of undefined constant course - assumed 'course' /var/www/html/wikewechat/APP/Runtime/Cache/Home/a59b5e3d0bfe1e0eebc9ef04a084f7b9.php 第 121 行.
NOTIC: [8] Use of undefined constant course - assumed 'course' /var/www/html/wikewechat/APP/Runtime/Cache/Home/a59b5e3d0bfe1e0eebc9ef04a084f7b9.php 第 121 行.
NOTIC: [8] Use of undefined constant id - assumed 'id' /var/www/html/wikewechat/APP/Runtime/Cache/Home/a59b5e3d0bfe1e0eebc9ef04a084f7b9.php 第 121 行.
NOTIC: [8] Use of undefined constant id - assumed 'id' /var/www/html/wikewechat/APP/Runtime/Cache/Home/a59b5e3d0bfe1e0eebc9ef04a084f7b9.php 第 121 行.
NOTIC: [8] Use of undefined constant name - assumed 'name' /var/www/html/wikewechat/APP/Runtime/Cache/Home/a59b5e3d0bfe1e0eebc9ef04a084f7b9.php 第 123 行.
NOTIC: [8] Use of undefined constant tdev - assumed 'tdev' /var/www/html/wikewechat/APP/Runtime/Cache/Home/a59b5e3d0bfe1e0eebc9ef04a084f7b9.php 第 125 行.
INFO: Run Behavior\ParseTemplateBehavior [ RunTime:0.006318s ]
INFO: [ view_parse ] --END-- [ RunTime:0.006361s ]
INFO: [ view_filter ] --START--
INFO: Run Behavior\WriteHtmlCacheBehavior [ RunTime:0.000040s ]
INFO: [ view_filter ] --END-- [ RunTime:0.000067s ]
INFO: [ app_end ] --START--
INFO: Run Behavior\ShowPageTraceBehavior [ RunTime:0.000065s ]
INFO: [ app_end ] --END-- [ RunTime:0.000099s ]

[ 2016-06-06T17:35:50+08:00 ] 221.4.215.212 /wikewechat/Home/Course/course/id/4.html
INFO: [ app_begin ] --START--
INFO: Run Behavior\ReadHtmlCacheBehavior [ RunTime:0.000036s ]
INFO: [ app_begin ] --END-- [ RunTime:0.000150s ]
SQL: SHOW COLUMNS FROM `wike_course` [ RunTime:0.0098s ]
SQL: SELECT COUNT(*) AS tp_count FROM `wike_course` WHERE ( type=4 ) LIMIT 1   [ RunTime:0.0093s ]
SQL: SELECT * FROM `wike_course` WHERE ( type=4 ) ORDER BY id asc LIMIT 0,10   [ RunTime:0.0094s ]
INFO: [ view_parse ] --START--
INFO: [ template_filter ] --START--
INFO: Run Behavior\ContentReplaceBehavior [ RunTime:0.000033s ]
INFO: [ template_filter ] --END-- [ RunTime:0.000072s ]
NOTIC: [8] Use of undefined constant id - assumed 'id' /var/www/html/wikewechat/APP/Runtime/Cache/Home/45bde7b4f4d140873a5c46301455f372.php 第 68 行.
NOTIC: [8] Use of undefined constant pdev - assumed 'pdev' /var/www/html/wikewechat/APP/Runtime/Cache/Home/45bde7b4f4d140873a5c46301455f372.php 第 69 行.
NOTIC: [8] Use of undefined constant id - assumed 'id' /var/www/html/wikewechat/APP/Runtime/Cache/Home/45bde7b4f4d140873a5c46301455f372.php 第 74 行.
NOTIC: [8] Use of undefined constant cname - assumed 'cname' /var/www/html/wikewechat/APP/Runtime/Cache/Home/45bde7b4f4d140873a5c46301455f372.php 第 74 行.
NOTIC: [8] Use of undefined constant unum - assumed 'unum' /var/www/html/wikewechat/APP/Runtime/Cache/Home/45bde7b4f4d140873a5c46301455f372.php 第 79 行.
NOTIC: [8] Use of undefined constant describtion - assumed 'describtion' /var/www/html/wikewechat/APP/Runtime/Cache/Home/45bde7b4f4d140873a5c46301455f372.php 第 82 行.
INFO: Run Behavior\ParseTemplateBehavior [ RunTime:0.003962s ]
INFO: [ view_parse ] --END-- [ RunTime:0.004010s ]
INFO: [ view_filter ] --START--
INFO: Run Behavior\WriteHtmlCacheBehavior [ RunTime:0.000047s ]
INFO: [ view_filter ] --END-- [ RunTime:0.000083s ]
INFO: [ app_end ] --START--
INFO: Run Behavior\ShowPageTraceBehavior [ RunTime:0.000034s ]
INFO: [ app_end ] --END-- [ RunTime:0.000062s ]

[ 2016-06-06T17:35:52+08:00 ] 221.4.215.212 /wikewechat/Home/Course/chapter/id/4.html
INFO: [ app_begin ] --START--
INFO: Run Behavior\ReadHtmlCacheBehavior [ RunTime:0.000032s ]
INFO: [ app_begin ] --END-- [ RunTime:0.000079s ]
NOTIC: [8] A session had already been started - ignoring session_start() /var/www/html/wikewechat/APP/Home/Controller/CourseController.class.php 第 46 行.
SQL: SHOW COLUMNS FROM `wike_stu_course` [ RunTime:0.0106s ]
SQL: SELECT * FROM `wike_stu_course` WHERE `stu_id` = '130201031035' AND `course_id` = 4  [ RunTime:0.0101s ]
ERR: SQLSTATE[23000]: Integrity constraint violation: 1048 Column 'stu_id' cannot be null

[ 2016-06-06T19:27:04+08:00 ] 120.197.196.75 /wikewechat/
INFO: [ app_begin ] --START--
INFO: Run Behavior\ReadHtmlCacheBehavior [ RunTime:0.000061s ]
INFO: [ app_begin ] --END-- [ RunTime:0.000159s ]
NOTIC: [8] A session had already been started - ignoring session_start() /var/www/html/wikewechat/APP/Home/Controller/IndexController.class.php 第 4 行.
NOTIC: [8] A session had already been started - ignoring session_start() /var/www/html/wikewechat/APP/Home/Controller/IndexController.class.php 第 12 行.
SQL: SHOW COLUMNS FROM `wike_direction` [ RunTime:0.0529s ]
SQL: SELECT * FROM `wike_direction`  [ RunTime:0.0097s ]
SQL: SHOW COLUMNS FROM `wike_type` [ RunTime:0.0103s ]
SQL: SELECT * FROM `wike_type` WHERE ( did=1 )  [ RunTime:0.0100s ]
SQL: SELECT * FROM `wike_type` WHERE ( did=2 )  [ RunTime:0.0099s ]
SQL: SELECT * FROM `wike_type` WHERE ( did=3 )  [ RunTime:0.0099s ]
SQL: SELECT * FROM `wike_type` WHERE ( did=4 )  [ RunTime:0.0100s ]
SQL: SELECT * FROM `wike_type` WHERE ( did=5 )  [ RunTime:0.0100s ]
DEBUG: session:Array
(
)

INFO: [ view_parse ] --START--
INFO: [ template_filter ] --START--
INFO: Run Behavior\ContentReplaceBehavior [ RunTime:0.000038s ]
INFO: [ template_filter ] --END-- [ RunTime:0.000078s ]
NOTIC: [8] Use of undefined constant name - assumed 'name' /var/www/html/wikewechat/APP/Runtime/Cache/Home/a59b5e3d0bfe1e0eebc9ef04a084f7b9.php 第 119 行.
NOTIC: [8] Use of undefined constant course - assumed 'course' /var/www/html/wikewechat/APP/Runtime/Cache/Home/a59b5e3d0bfe1e0eebc9ef04a084f7b9.php 第 121 行.
NOTIC: [8] Use of undefined constant course - assumed 'course' /var/www/html/wikewechat/APP/Runtime/Cache/Home/a59b5e3d0bfe1e0eebc9ef04a084f7b9.php 第 121 行.
NOTIC: [8] Use of undefined constant id - assumed 'id' /var/www/html/wikewechat/APP/Runtime/Cache/Home/a59b5e3d0bfe1e0eebc9ef04a084f7b9.php 第 121 行.
NOTIC: [8] Use of undefined constant id - assumed 'id' /var/www/html/wikewechat/APP/Runtime/Cache/Home/a59b5e3d0bfe1e0eebc9ef04a084f7b9.php 第 121 行.
NOTIC: [8] Use of undefined constant name - assumed 'name' /var/www/html/wikewechat/APP/Runtime/Cache/Home/a59b5e3d0bfe1e0eebc9ef04a084f7b9.php 第 123 行.
NOTIC: [8] Use of undefined constant tdev - assumed 'tdev' /var/www/html/wikewechat/APP/Runtime/Cache/Home/a59b5e3d0bfe1e0eebc9ef04a084f7b9.php 第 125 行.
NOTIC: [8] Use of undefined constant id - assumed 'id' /var/www/html/wikewechat/APP/Runtime/Cache/Home/a59b5e3d0bfe1e0eebc9ef04a084f7b9.php 第 121 行.
NOTIC: [8] Use of undefined constant id - assumed 'id' /var/www/html/wikewechat/APP/Runtime/Cache/Home/a59b5e3d0bfe1e0eebc9ef04a084f7b9.php 第 121 行.
NOTIC: [8] Use of undefined constant name - assumed 'name' /var/www/html/wikewechat/APP/Runtime/Cache/Home/a59b5e3d0bfe1e0eebc9ef04a084f7b9.php 第 123 行.
NOTIC: [8] Use of undefined constant tdev - assumed 'tdev' /var/www/html/wikewechat/APP/Runtime/Cache/Home/a59b5e3d0bfe1e0eebc9ef04a084f7b9.php 第 125 行.
NOTIC: [8] Use of undefined constant id - assumed 'id' /var/www/html/wikewechat/APP/Runtime/Cache/Home/a59b5e3d0bfe1e0eebc9ef04a084f7b9.php 第 121 行.
NOTIC: [8] Use of undefined constant id - assumed 'id' /var/www/html/wikewechat/APP/Runtime/Cache/Home/a59b5e3d0bfe1e0eebc9ef04a084f7b9.php 第 121 行.
NOTIC: [8] Use of undefined constant name - assumed 'name' /var/www/html/wikewechat/APP/Runtime/Cache/Home/a59b5e3d0bfe1e0eebc9ef04a084f7b9.php 第 123 行.
NOTIC: [8] Use of undefined constant tdev - assumed 'tdev' /var/www/html/wikewechat/APP/Runtime/Cache/Home/a59b5e3d0bfe1e0eebc9ef04a084f7b9.php 第 125 行.
NOTIC: [8] Use of undefined constant name - assumed 'name' /var/www/html/wikewechat/APP/Runtime/Cache/Home/a59b5e3d0bfe1e0eebc9ef04a084f7b9.php 第 119 行.
NOTIC: [8] Use of undefined constant course - assumed 'course' /var/www/html/wikewechat/APP/Runtime/Cache/Home/a59b5e3d0bfe1e0eebc9ef04a084f7b9.php 第 121 行.
NOTIC: [8] Use of undefined constant course - assumed 'course' /var/www/html/wikewechat/APP/Runtime/Cache/Home/a59b5e3d0bfe1e0eebc9ef04a084f7b9.php 第 121 行.
NOTIC: [8] Use of undefined constant id - assumed 'id' /var/www/html/wikewechat/APP/Runtime/Cache/Home/a59b5e3d0bfe1e0eebc9ef04a084f7b9.php 第 121 行.
NOTIC: [8] Use of undefined constant id - assumed 'id' /var/www/html/wikewechat/APP/Runtime/Cache/Home/a59b5e3d0bfe1e0eebc9ef04a084f7b9.php 第 121 行.
NOTIC: [8] Use of undefined constant name - assumed 'name' /var/www/html/wikewechat/APP/Runtime/Cache/Home/a59b5e3d0bfe1e0eebc9ef04a084f7b9.php 第 123 行.
NOTIC: [8] Use of undefined constant tdev - assumed 'tdev' /var/www/html/wikewechat/APP/Runtime/Cache/Home/a59b5e3d0bfe1e0eebc9ef04a084f7b9.php 第 125 行.
NOTIC: [8] Use of undefined constant id - assumed 'id' /var/www/html/wikewechat/APP/Runtime/Cache/Home/a59b5e3d0bfe1e0eebc9ef04a084f7b9.php 第 121 行.
NOTIC: [8] Use of undefined constant id - assumed 'id' /var/www/html/wikewechat/APP/Runtime/Cache/Home/a59b5e3d0bfe1e0eebc9ef04a084f7b9.php 第 121 行.
NOTIC: [8] Use of undefined constant name - assumed 'name' /var/www/html/wikewechat/APP/Runtime/Cache/Home/a59b5e3d0bfe1e0eebc9ef04a084f7b9.php 第 123 行.
NOTIC: [8] Use of undefined constant tdev - assumed 'tdev' /var/www/html/wikewechat/APP/Runtime/Cache/Home/a59b5e3d0bfe1e0eebc9ef04a084f7b9.php 第 125 行.
NOTIC: [8] Use of undefined constant id - assumed 'id' /var/www/html/wikewechat/APP/Runtime/Cache/Home/a59b5e3d0bfe1e0eebc9ef04a084f7b9.php 第 121 行.
NOTIC: [8] Use of undefined constant id - assumed 'id' /var/www/html/wikewechat/APP/Runtime/Cache/Home/a59b5e3d0bfe1e0eebc9ef04a084f7b9.php 第 121 行.
NOTIC: [8] Use of undefined constant name - assumed 'name' /var/www/html/wikewechat/APP/Runtime/Cache/Home/a59b5e3d0bfe1e0eebc9ef04a084f7b9.php 第 123 行.
NOTIC: [8] Use of undefined constant tdev - assumed 'tdev' /var/www/html/wikewechat/APP/Runtime/Cache/Home/a59b5e3d0bfe1e0eebc9ef04a084f7b9.php 第 125 行.
NOTIC: [8] Use of undefined constant name - assumed 'name' /var/www/html/wikewechat/APP/Runtime/Cache/Home/a59b5e3d0bfe1e0eebc9ef04a084f7b9.php 第 119 行.
NOTIC: [8] Use of undefined constant course - assumed 'course' /var/www/html/wikewechat/APP/Runtime/Cache/Home/a59b5e3d0bfe1e0eebc9ef04a084f7b9.php 第 121 行.
NOTIC: [8] Use of undefined constant course - assumed 'course' /var/www/html/wikewechat/APP/Runtime/Cache/Home/a59b5e3d0bfe1e0eebc9ef04a084f7b9.php 第 121 行.
NOTIC: [8] Use of undefined constant id - assumed 'id' /var/www/html/wikewechat/APP/Runtime/Cache/Home/a59b5e3d0bfe1e0eebc9ef04a084f7b9.php 第 121 行.
NOTIC: [8] Use of undefined constant id - assumed 'id' /var/www/html/wikewechat/APP/Runtime/Cache/Home/a59b5e3d0bfe1e0eebc9ef04a084f7b9.php 第 121 行.
NOTIC: [8] Use of undefined constant name - assumed 'name' /var/www/html/wikewechat/APP/Runtime/Cache/Home/a59b5e3d0bfe1e0eebc9ef04a084f7b9.php 第 123 行.
NOTIC: [8] Use of undefined constant tdev - assumed 'tdev' /var/www/html/wikewechat/APP/Runtime/Cache/Home/a59b5e3d0bfe1e0eebc9ef04a084f7b9.php 第 125 行.
NOTIC: [8] Use of undefined constant id - assumed 'id' /var/www/html/wikewechat/APP/Runtime/Cache/Home/a59b5e3d0bfe1e0eebc9ef04a084f7b9.php 第 121 行.
NOTIC: [8] Use of undefined constant id - assumed 'id' /var/www/html/wikewechat/APP/Runtime/Cache/Home/a59b5e3d0bfe1e0eebc9ef04a084f7b9.php 第 121 行.
NOTIC: [8] Use of undefined constant name - assumed 'name' /var/www/html/wikewechat/APP/Runtime/Cache/Home/a59b5e3d0bfe1e0eebc9ef04a084f7b9.php 第 123 行.
NOTIC: [8] Use of undefined constant tdev - assumed 'tdev' /var/www/html/wikewechat/APP/Runtime/Cache/Home/a59b5e3d0bfe1e0eebc9ef04a084f7b9.php 第 125 行.
NOTIC: [8] Use of undefined constant name - assumed 'name' /var/www/html/wikewechat/APP/Runtime/Cache/Home/a59b5e3d0bfe1e0eebc9ef04a084f7b9.php 第 119 行.
NOTIC: [8] Use of undefined constant course - assumed 'course' /var/www/html/wikewechat/APP/Runtime/Cache/Home/a59b5e3d0bfe1e0eebc9ef04a084f7b9.php 第 121 行.
NOTIC: [8] Use of undefined constant course - assumed 'course' /var/www/html/wikewechat/APP/Runtime/Cache/Home/a59b5e3d0bfe1e0eebc9ef04a084f7b9.php 第 121 行.
NOTIC: [8] Use of undefined constant id - assumed 'id' /var/www/html/wikewechat/APP/Runtime/Cache/Home/a59b5e3d0bfe1e0eebc9ef04a084f7b9.php 第 121 行.
NOTIC: [8] Use of undefined constant id - assumed 'id' /var/www/html/wikewechat/APP/Runtime/Cache/Home/a59b5e3d0bfe1e0eebc9ef04a084f7b9.php 第 121 行.
NOTIC: [8] Use of undefined constant name - assumed 'name' /var/www/html/wikewechat/APP/Runtime/Cache/Home/a59b5e3d0bfe1e0eebc9ef04a084f7b9.php 第 123 行.
NOTIC: [8] Use of undefined constant tdev - assumed 'tdev' /var/www/html/wikewechat/APP/Runtime/Cache/Home/a59b5e3d0bfe1e0eebc9ef04a084f7b9.php 第 125 行.
NOTIC: [8] Use of undefined constant name - assumed 'name' /var/www/html/wikewechat/APP/Runtime/Cache/Home/a59b5e3d0bfe1e0eebc9ef04a084f7b9.php 第 119 行.
NOTIC: [8] Use of undefined constant course - assumed 'course' /var/www/html/wikewechat/APP/Runtime/Cache/Home/a59b5e3d0bfe1e0eebc9ef04a084f7b9.php 第 121 行.
NOTIC: [8] Use of undefined constant course - assumed 'course' /var/www/html/wikewechat/APP/Runtime/Cache/Home/a59b5e3d0bfe1e0eebc9ef04a084f7b9.php 第 121 行.
NOTIC: [8] Use of undefined constant id - assumed 'id' /var/www/html/wikewechat/APP/Runtime/Cache/Home/a59b5e3d0bfe1e0eebc9ef04a084f7b9.php 第 121 行.
NOTIC: [8] Use of undefined constant id - assumed 'id' /var/www/html/wikewechat/APP/Runtime/Cache/Home/a59b5e3d0bfe1e0eebc9ef04a084f7b9.php 第 121 行.
NOTIC: [8] Use of undefined constant name - assumed 'name' /var/www/html/wikewechat/APP/Runtime/Cache/Home/a59b5e3d0bfe1e0eebc9ef04a084f7b9.php 第 123 行.
NOTIC: [8] Use of undefined constant tdev - assumed 'tdev' /var/www/html/wikewechat/APP/Runtime/Cache/Home/a59b5e3d0bfe1e0eebc9ef04a084f7b9.php 第 125 行.
INFO: Run Behavior\ParseTemplateBehavior [ RunTime:0.005947s ]
INFO: [ view_parse ] --END-- [ RunTime:0.005995s ]
INFO: [ view_filter ] --START--
INFO: Run Behavior\WriteHtmlCacheBehavior [ RunTime:0.000061s ]
INFO: [ view_filter ] --END-- [ RunTime:0.000108s ]
INFO: [ app_end ] --START--
INFO: Run Behavior\ShowPageTraceBehavior [ RunTime:0.000053s ]
INFO: [ app_end ] --END-- [ RunTime:0.000089s ]

[ 2016-06-06T19:27:07+08:00 ] 120.197.196.75 /wikewechat/Home/Course/course/id/4.html
INFO: [ app_begin ] --START--
INFO: Run Behavior\ReadHtmlCacheBehavior [ RunTime:0.000033s ]
INFO: [ app_begin ] --END-- [ RunTime:0.000090s ]
SQL: SHOW COLUMNS FROM `wike_course` [ RunTime:0.0104s ]
SQL: SELECT COUNT(*) AS tp_count FROM `wike_course` WHERE ( type=4 ) LIMIT 1   [ RunTime:0.0100s ]
SQL: SELECT * FROM `wike_course` WHERE ( type=4 ) ORDER BY id asc LIMIT 0,10   [ RunTime:0.0099s ]
INFO: [ view_parse ] --START--
INFO: [ template_filter ] --START--
INFO: Run Behavior\ContentReplaceBehavior [ RunTime:0.000033s ]
INFO: [ template_filter ] --END-- [ RunTime:0.000072s ]
NOTIC: [8] Use of undefined constant id - assumed 'id' /var/www/html/wikewechat/APP/Runtime/Cache/Home/45bde7b4f4d140873a5c46301455f372.php 第 68 行.
NOTIC: [8] Use of undefined constant pdev - assumed 'pdev' /var/www/html/wikewechat/APP/Runtime/Cache/Home/45bde7b4f4d140873a5c46301455f372.php 第 69 行.
NOTIC: [8] Use of undefined constant id - assumed 'id' /var/www/html/wikewechat/APP/Runtime/Cache/Home/45bde7b4f4d140873a5c46301455f372.php 第 74 行.
NOTIC: [8] Use of undefined constant cname - assumed 'cname' /var/www/html/wikewechat/APP/Runtime/Cache/Home/45bde7b4f4d140873a5c46301455f372.php 第 74 行.
NOTIC: [8] Use of undefined constant unum - assumed 'unum' /var/www/html/wikewechat/APP/Runtime/Cache/Home/45bde7b4f4d140873a5c46301455f372.php 第 79 行.
NOTIC: [8] Use of undefined constant describtion - assumed 'describtion' /var/www/html/wikewechat/APP/Runtime/Cache/Home/45bde7b4f4d140873a5c46301455f372.php 第 82 行.
INFO: Run Behavior\ParseTemplateBehavior [ RunTime:0.003599s ]
INFO: [ view_parse ] --END-- [ RunTime:0.003634s ]
INFO: [ view_filter ] --START--
INFO: Run Behavior\WriteHtmlCacheBehavior [ RunTime:0.000035s ]
INFO: [ view_filter ] --END-- [ RunTime:0.000063s ]
INFO: [ app_end ] --START--
INFO: Run Behavior\ShowPageTraceBehavior [ RunTime:0.000032s ]
INFO: [ app_end ] --END-- [ RunTime:0.000061s ]

[ 2016-06-06T19:27:09+08:00 ] 120.197.196.75 /wikewechat/Home/Course/chapter/id/4.html
INFO: [ app_begin ] --START--
INFO: Run Behavior\ReadHtmlCacheBehavior [ RunTime:0.000041s ]
INFO: [ app_begin ] --END-- [ RunTime:0.000106s ]
NOTIC: [8] A session had already been started - ignoring session_start() /var/www/html/wikewechat/APP/Home/Controller/CourseController.class.php 第 46 行.
SQL: SHOW COLUMNS FROM `wike_stu_course` [ RunTime:0.0100s ]
SQL: SELECT * FROM `wike_stu_course` WHERE `stu_id` = 'zhbit0201' AND `course_id` = 4  [ RunTime:0.0095s ]
ERR: SQLSTATE[23000]: Integrity constraint violation: 1048 Column 'stu_id' cannot be null

