[ 2016-10-23T15:52:25+08:00 ] 112.90.82.218 /wikewechat/
INFO: [ app_begin ] --START--
INFO: Run Behavior\ReadHtmlCacheBehavior [ RunTime:0.000056s ]
INFO: [ app_begin ] --END-- [ RunTime:0.000163s ]
NOTIC: [8] A session had already been started - ignoring session_start() /var/www/html/wikewechat/APP/Home/Controller/IndexController.class.php 第 4 行.
NOTIC: [8] A session had already been started - ignoring session_start() /var/www/html/wikewechat/APP/Home/Controller/IndexController.class.php 第 12 行.
SQL: SHOW COLUMNS FROM `wike_direction` [ RunTime:0.1341s ]
SQL: SELECT * FROM `wike_direction`  [ RunTime:0.0242s ]
SQL: SHOW COLUMNS FROM `wike_type` [ RunTime:0.0093s ]
SQL: SELECT * FROM `wike_type` WHERE ( did=1 )  [ RunTime:0.0145s ]
SQL: SELECT * FROM `wike_type` WHERE ( did=2 )  [ RunTime:0.0087s ]
SQL: SELECT * FROM `wike_type` WHERE ( did=3 )  [ RunTime:0.0087s ]
SQL: SELECT * FROM `wike_type` WHERE ( did=4 )  [ RunTime:0.0087s ]
SQL: SELECT * FROM `wike_type` WHERE ( did=5 )  [ RunTime:0.0087s ]
DEBUG: session:Array
(
)

NOTIC: [8] Undefined index: stu_id /var/www/html/wikewechat/APP/Home/Controller/IndexController.class.php 第 26 行.
NOTIC: [8] Undefined index: stu_id /var/www/html/wikewechat/APP/Home/Controller/IndexController.class.php 第 29 行.
INFO: [ view_parse ] --START--
INFO: [ template_filter ] --START--
INFO: Run Behavior\ContentReplaceBehavior [ RunTime:0.000041s ]
INFO: [ template_filter ] --END-- [ RunTime:0.000103s ]
NOTIC: [8] Use of undefined constant name - assumed 'name' /var/www/html/wikewechat/APP/Runtime/Cache/Home/a59b5e3d0bfe1e0eebc9ef04a084f7b9.php 第 119 行.
NOTIC: [8] Use of undefined constant course - assumed 'course' /var/www/html/wikewechat/APP/Runtime/Cache/Home/a59b5e3d0bfe1e0eebc9ef04a084f7b9.php 第 121 行.
NOTIC: [8] Use of undefined constant course - assumed 'course' /var/www/html/wikewechat/APP/Runtime/Cache/Home/a59b5e3d0bfe1e0eebc9ef04a084f7b9.php 第 121 行.
NOTIC: [8] Use of undefined constant id - assumed 'id' /var/www/html/wikewechat/APP/Runtime/Cache/Home/a59b5e3d0bfe1e0eebc9ef04a084f7b9.php 第 121 行.
NOTIC: [8] Use of undefined constant id - assumed 'id' /var/www/html/wikewechat/APP/Runtime/Cache/Home/a59b5e3d0bfe1e0eebc9ef04a084f7b9.php 第 121 行.
NOTIC: [8] Use of undefined constant name - assumed 'name' /var/www/html/wikewechat/APP/Runtime/Cache/Home/a59b5e3d0bfe1e0eebc9ef04a084f7b9.php 第 123 行.
NOTIC: [8] Use of undefined constant tdev - assumed 'tdev' /var/www/html/wikewechat/APP/Runtime/Cache/Home/a59b5e3d0bfe1e0eebc9ef04a084f7b9.php 第 125 行.
NOTIC: [8] Use of undefined constant id - assumed 'id' /var/www/html/wikewechat/APP/Runtime/Cache/Home/a59b5e3d0bfe1e0eebc9ef04a084f7b9.php 第 121 行.
NOTIC: [8] Use of undefined constant id - assumed 'id' /var/www/html/wikewechat/APP/Runtime/Cache/Home/a59b5e3d0bfe1e0eebc9ef04a084f7b9.php 第 121 行.
NOTIC: [8] Use of undefined constant name - assumed 'name' /var/www/html/wikewechat/APP/Runtime/Cache/Home/a59b5e3d0bfe1e0eebc9ef04a084f7b9.php 第 123 行.
NOTIC: [8] Use of undefined constant tdev - assumed 'tdev' /var/www/html/wikewechat/APP/Runtime/Cache/Home/a59b5e3d0bfe1e0eebc9ef04a084f7b9.php 第 125 行.
NOTIC: [8] Use of undefined constant id - assumed 'id' /var/www/html/wikewechat/APP/Runtime/Cache/Home/a59b5e3d0bfe1e0eebc9ef04a084f7b9.php 第 121 行.
NOTIC: [8] Use of undefined constant id - assumed 'id' /var/www/html/wikewechat/APP/Runtime/Cache/Home/a59b5e3d0bfe1e0eebc9ef04a084f7b9.php 第 121 行.
NOTIC: [8] Use of undefined constant name - assumed 'name' /var/www/html/wikewechat/APP/Runtime/Cache/Home/a59b5e3d0bfe1e0eebc9ef04a084f7b9.php 第 123 行.
NOTIC: [8] Use of undefined constant tdev - assumed 'tdev' /var/www/html/wikewechat/APP/Runtime/Cache/Home/a59b5e3d0bfe1e0eebc9ef04a084f7b9.php 第 125 行.
NOTIC: [8] Use of undefined constant name - assumed 'name' /var/www/html/wikewechat/APP/Runtime/Cache/Home/a59b5e3d0bfe1e0eebc9ef04a084f7b9.php 第 119 行.
NOTIC: [8] Use of undefined constant course - assumed 'course' /var/www/html/wikewechat/APP/Runtime/Cache/Home/a59b5e3d0bfe1e0eebc9ef04a084f7b9.php 第 121 行.
NOTIC: [8] Use of undefined constant course - assumed 'course' /var/www/html/wikewechat/APP/Runtime/Cache/Home/a59b5e3d0bfe1e0eebc9ef04a084f7b9.php 第 121 行.
NOTIC: [8] Use of undefined constant id - assumed 'id' /var/www/html/wikewechat/APP/Runtime/Cache/Home/a59b5e3d0bfe1e0eebc9ef04a084f7b9.php 第 121 行.
NOTIC: [8] Use of undefined constant id - assumed 'id' /var/www/html/wikewechat/APP/Runtime/Cache/Home/a59b5e3d0bfe1e0eebc9ef04a084f7b9.php 第 121 行.
NOTIC: [8] Use of undefined constant name - assumed 'name' /var/www/html/wikewechat/APP/Runtime/Cache/Home/a59b5e3d0bfe1e0eebc9ef04a084f7b9.php 第 123 行.
NOTIC: [8] Use of undefined constant tdev - assumed 'tdev' /var/www/html/wikewechat/APP/Runtime/Cache/Home/a59b5e3d0bfe1e0eebc9ef04a084f7b9.php 第 125 行.
NOTIC: [8] Use of undefined constant id - assumed 'id' /var/www/html/wikewechat/APP/Runtime/Cache/Home/a59b5e3d0bfe1e0eebc9ef04a084f7b9.php 第 121 行.
NOTIC: [8] Use of undefined constant id - assumed 'id' /var/www/html/wikewechat/APP/Runtime/Cache/Home/a59b5e3d0bfe1e0eebc9ef04a084f7b9.php 第 121 行.
NOTIC: [8] Use of undefined constant name - assumed 'name' /var/www/html/wikewechat/APP/Runtime/Cache/Home/a59b5e3d0bfe1e0eebc9ef04a084f7b9.php 第 123 行.
NOTIC: [8] Use of undefined constant tdev - assumed 'tdev' /var/www/html/wikewechat/APP/Runtime/Cache/Home/a59b5e3d0bfe1e0eebc9ef04a084f7b9.php 第 125 行.
NOTIC: [8] Use of undefined constant id - assumed 'id' /var/www/html/wikewechat/APP/Runtime/Cache/Home/a59b5e3d0bfe1e0eebc9ef04a084f7b9.php 第 121 行.
NOTIC: [8] Use of undefined constant id - assumed 'id' /var/www/html/wikewechat/APP/Runtime/Cache/Home/a59b5e3d0bfe1e0eebc9ef04a084f7b9.php 第 121 行.
NOTIC: [8] Use of undefined constant name - assumed 'name' /var/www/html/wikewechat/APP/Runtime/Cache/Home/a59b5e3d0bfe1e0eebc9ef04a084f7b9.php 第 123 行.
NOTIC: [8] Use of undefined constant tdev - assumed 'tdev' /var/www/html/wikewechat/APP/Runtime/Cache/Home/a59b5e3d0bfe1e0eebc9ef04a084f7b9.php 第 125 行.
NOTIC: [8] Use of undefined constant name - assumed 'name' /var/www/html/wikewechat/APP/Runtime/Cache/Home/a59b5e3d0bfe1e0eebc9ef04a084f7b9.php 第 119 行.
NOTIC: [8] Use of undefined constant course - assumed 'course' /var/www/html/wikewechat/APP/Runtime/Cache/Home/a59b5e3d0bfe1e0eebc9ef04a084f7b9.php 第 121 行.
NOTIC: [8] Use of undefined constant course - assumed 'course' /var/www/html/wikewechat/APP/Runtime/Cache/Home/a59b5e3d0bfe1e0eebc9ef04a084f7b9.php 第 121 行.
NOTIC: [8] Use of undefined constant id - assumed 'id' /var/www/html/wikewechat/APP/Runtime/Cache/Home/a59b5e3d0bfe1e0eebc9ef04a084f7b9.php 第 121 行.
NOTIC: [8] Use of undefined constant id - assumed 'id' /var/www/html/wikewechat/APP/Runtime/Cache/Home/a59b5e3d0bfe1e0eebc9ef04a084f7b9.php 第 121 行.
NOTIC: [8] Use of undefined constant name - assumed 'name' /var/www/html/wikewechat/APP/Runtime/Cache/Home/a59b5e3d0bfe1e0eebc9ef04a084f7b9.php 第 123 行.
NOTIC: [8] Use of undefined constant tdev - assumed 'tdev' /var/www/html/wikewechat/APP/Runtime/Cache/Home/a59b5e3d0bfe1e0eebc9ef04a084f7b9.php 第 125 行.
NOTIC: [8] Use of undefined constant id - assumed 'id' /var/www/html/wikewechat/APP/Runtime/Cache/Home/a59b5e3d0bfe1e0eebc9ef04a084f7b9.php 第 121 行.
NOTIC: [8] Use of undefined constant id - assumed 'id' /var/www/html/wikewechat/APP/Runtime/Cache/Home/a59b5e3d0bfe1e0eebc9ef04a084f7b9.php 第 121 行.
NOTIC: [8] Use of undefined constant name - assumed 'name' /var/www/html/wikewechat/APP/Runtime/Cache/Home/a59b5e3d0bfe1e0eebc9ef04a084f7b9.php 第 123 行.
NOTIC: [8] Use of undefined constant tdev - assumed 'tdev' /var/www/html/wikewechat/APP/Runtime/Cache/Home/a59b5e3d0bfe1e0eebc9ef04a084f7b9.php 第 125 行.
NOTIC: [8] Use of undefined constant name - assumed 'name' /var/www/html/wikewechat/APP/Runtime/Cache/Home/a59b5e3d0bfe1e0eebc9ef04a084f7b9.php 第 119 行.
NOTIC: [8] Use of undefined constant course - assumed 'course' /var/www/html/wikewechat/APP/Runtime/Cache/Home/a59b5e3d0bfe1e0eebc9ef04a084f7b9.php 第 121 行.
NOTIC: [8] Use of undefined constant course - assumed 'course' /var/www/html/wikewechat/APP/Runtime/Cache/Home/a59b5e3d0bfe1e0eebc9ef04a084f7b9.php 第 121 行.
NOTIC: [8] Use of undefined constant id - assumed 'id' /var/www/html/wikewechat/APP/Runtime/Cache/Home/a59b5e3d0bfe1e0eebc9ef04a084f7b9.php 第 121 行.
NOTIC: [8] Use of undefined constant id - assumed 'id' /var/www/html/wikewechat/APP/Runtime/Cache/Home/a59b5e3d0bfe1e0eebc9ef04a084f7b9.php 第 121 行.
NOTIC: [8] Use of undefined constant name - assumed 'name' /var/www/html/wikewechat/APP/Runtime/Cache/Home/a59b5e3d0bfe1e0eebc9ef04a084f7b9.php 第 123 行.
NOTIC: [8] Use of undefined constant tdev - assumed 'tdev' /var/www/html/wikewechat/APP/Runtime/Cache/Home/a59b5e3d0bfe1e0eebc9ef04a084f7b9.php 第 125 行.
NOTIC: [8] Use of undefined constant name - assumed 'name' /var/www/html/wikewechat/APP/Runtime/Cache/Home/a59b5e3d0bfe1e0eebc9ef04a084f7b9.php 第 119 行.
NOTIC: [8] Use of undefined constant course - assumed 'course' /var/www/html/wikewechat/APP/Runtime/Cache/Home/a59b5e3d0bfe1e0eebc9ef04a084f7b9.php 第 121 行.
NOTIC: [8] Use of undefined constant course - assumed 'course' /var/www/html/wikewechat/APP/Runtime/Cache/Home/a59b5e3d0bfe1e0eebc9ef04a084f7b9.php 第 121 行.
NOTIC: [8] Use of undefined constant id - assumed 'id' /var/www/html/wikewechat/APP/Runtime/Cache/Home/a59b5e3d0bfe1e0eebc9ef04a084f7b9.php 第 121 行.
NOTIC: [8] Use of undefined constant id - assumed 'id' /var/www/html/wikewechat/APP/Runtime/Cache/Home/a59b5e3d0bfe1e0eebc9ef04a084f7b9.php 第 121 行.
NOTIC: [8] Use of undefined constant name - assumed 'name' /var/www/html/wikewechat/APP/Runtime/Cache/Home/a59b5e3d0bfe1e0eebc9ef04a084f7b9.php 第 123 行.
NOTIC: [8] Use of undefined constant tdev - assumed 'tdev' /var/www/html/wikewechat/APP/Runtime/Cache/Home/a59b5e3d0bfe1e0eebc9ef04a084f7b9.php 第 125 行.
INFO: Run Behavior\ParseTemplateBehavior [ RunTime:0.083584s ]
INFO: [ view_parse ] --END-- [ RunTime:0.083695s ]
INFO: [ view_filter ] --START--
INFO: Run Behavior\WriteHtmlCacheBehavior [ RunTime:0.000074s ]
INFO: [ view_filter ] --END-- [ RunTime:0.000136s ]
INFO: [ app_end ] --START--
INFO: Run Behavior\ShowPageTraceBehavior [ RunTime:0.000037s ]
INFO: [ app_end ] --END-- [ RunTime:0.000065s ]

[ 2016-10-23T15:55:24+08:00 ] 180.153.212.13 /wikewechat/
INFO: [ app_begin ] --START--
INFO: Run Behavior\ReadHtmlCacheBehavior [ RunTime:0.000032s ]
INFO: [ app_begin ] --END-- [ RunTime:0.000082s ]
NOTIC: [8] A session had already been started - ignoring session_start() /var/www/html/wikewechat/APP/Home/Controller/IndexController.class.php 第 4 行.
NOTIC: [8] A session had already been started - ignoring session_start() /var/www/html/wikewechat/APP/Home/Controller/IndexController.class.php 第 12 行.
SQL: SHOW COLUMNS FROM `wike_direction` [ RunTime:0.0100s ]
SQL: SELECT * FROM `wike_direction`  [ RunTime:0.0094s ]
SQL: SHOW COLUMNS FROM `wike_type` [ RunTime:0.0098s ]
SQL: SELECT * FROM `wike_type` WHERE ( did=1 )  [ RunTime:0.0095s ]
SQL: SELECT * FROM `wike_type` WHERE ( did=2 )  [ RunTime:0.0098s ]
SQL: SELECT * FROM `wike_type` WHERE ( did=3 )  [ RunTime:0.0094s ]
SQL: SELECT * FROM `wike_type` WHERE ( did=4 )  [ RunTime:0.0095s ]
SQL: SELECT * FROM `wike_type` WHERE ( did=5 )  [ RunTime:0.0095s ]
DEBUG: session:Array
(
)

NOTIC: [8] Undefined index: stu_id /var/www/html/wikewechat/APP/Home/Controller/IndexController.class.php 第 26 行.
NOTIC: [8] Undefined index: stu_id /var/www/html/wikewechat/APP/Home/Controller/IndexController.class.php 第 29 行.
INFO: [ view_parse ] --START--
INFO: [ template_filter ] --START--
INFO: Run Behavior\ContentReplaceBehavior [ RunTime:0.000036s ]
INFO: [ template_filter ] --END-- [ RunTime:0.000069s ]
NOTIC: [8] Use of undefined constant name - assumed 'name' /var/www/html/wikewechat/APP/Runtime/Cache/Home/a59b5e3d0bfe1e0eebc9ef04a084f7b9.php 第 119 行.
NOTIC: [8] Use of undefined constant course - assumed 'course' /var/www/html/wikewechat/APP/Runtime/Cache/Home/a59b5e3d0bfe1e0eebc9ef04a084f7b9.php 第 121 行.
NOTIC: [8] Use of undefined constant course - assumed 'course' /var/www/html/wikewechat/APP/Runtime/Cache/Home/a59b5e3d0bfe1e0eebc9ef04a084f7b9.php 第 121 行.
NOTIC: [8] Use of undefined constant id - assumed 'id' /var/www/html/wikewechat/APP/Runtime/Cache/Home/a59b5e3d0bfe1e0eebc9ef04a084f7b9.php 第 121 行.
NOTIC: [8] Use of undefined constant id - assumed 'id' /var/www/html/wikewechat/APP/Runtime/Cache/Home/a59b5e3d0bfe1e0eebc9ef04a084f7b9.php 第 121 行.
NOTIC: [8] Use of undefined constant name - assumed 'name' /var/www/html/wikewechat/APP/Runtime/Cache/Home/a59b5e3d0bfe1e0eebc9ef04a084f7b9.php 第 123 行.
NOTIC: [8] Use of undefined constant tdev - assumed 'tdev' /var/www/html/wikewechat/APP/Runtime/Cache/Home/a59b5e3d0bfe1e0eebc9ef04a084f7b9.php 第 125 行.
NOTIC: [8] Use of undefined constant id - assumed 'id' /var/www/html/wikewechat/APP/Runtime/Cache/Home/a59b5e3d0bfe1e0eebc9ef04a084f7b9.php 第 121 行.
NOTIC: [8] Use of undefined constant id - assumed 'id' /var/www/html/wikewechat/APP/Runtime/Cache/Home/a59b5e3d0bfe1e0eebc9ef04a084f7b9.php 第 121 行.
NOTIC: [8] Use of undefined constant name - assumed 'name' /var/www/html/wikewechat/APP/Runtime/Cache/Home/a59b5e3d0bfe1e0eebc9ef04a084f7b9.php 第 123 行.
NOTIC: [8] Use of undefined constant tdev - assumed 'tdev' /var/www/html/wikewechat/APP/Runtime/Cache/Home/a59b5e3d0bfe1e0eebc9ef04a084f7b9.php 第 125 行.
NOTIC: [8] Use of undefined constant id - assumed 'id' /var/www/html/wikewechat/APP/Runtime/Cache/Home/a59b5e3d0bfe1e0eebc9ef04a084f7b9.php 第 121 行.
NOTIC: [8] Use of undefined constant id - assumed 'id' /var/www/html/wikewechat/APP/Runtime/Cache/Home/a59b5e3d0bfe1e0eebc9ef04a084f7b9.php 第 121 行.
NOTIC: [8] Use of undefined constant name - assumed 'name' /var/www/html/wikewechat/APP/Runtime/Cache/Home/a59b5e3d0bfe1e0eebc9ef04a084f7b9.php 第 123 行.
NOTIC: [8] Use of undefined constant tdev - assumed 'tdev' /var/www/html/wikewechat/APP/Runtime/Cache/Home/a59b5e3d0bfe1e0eebc9ef04a084f7b9.php 第 125 行.
NOTIC: [8] Use of undefined constant name - assumed 'name' /var/www/html/wikewechat/APP/Runtime/Cache/Home/a59b5e3d0bfe1e0eebc9ef04a084f7b9.php 第 119 行.
NOTIC: [8] Use of undefined constant course - assumed 'course' /var/www/html/wikewechat/APP/Runtime/Cache/Home/a59b5e3d0bfe1e0eebc9ef04a084f7b9.php 第 121 行.
NOTIC: [8] Use of undefined constant course - assumed 'course' /var/www/html/wikewechat/APP/Runtime/Cache/Home/a59b5e3d0bfe1e0eebc9ef04a084f7b9.php 第 121 行.
NOTIC: [8] Use of undefined constant id - assumed 'id' /var/www/html/wikewechat/APP/Runtime/Cache/Home/a59b5e3d0bfe1e0eebc9ef04a084f7b9.php 第 121 行.
NOTIC: [8] Use of undefined constant id - assumed 'id' /var/www/html/wikewechat/APP/Runtime/Cache/Home/a59b5e3d0bfe1e0eebc9ef04a084f7b9.php 第 121 行.
NOTIC: [8] Use of undefined constant name - assumed 'name' /var/www/html/wikewechat/APP/Runtime/Cache/Home/a59b5e3d0bfe1e0eebc9ef04a084f7b9.php 第 123 行.
NOTIC: [8] Use of undefined constant tdev - assumed 'tdev' /var/www/html/wikewechat/APP/Runtime/Cache/Home/a59b5e3d0bfe1e0eebc9ef04a084f7b9.php 第 125 行.
NOTIC: [8] Use of undefined constant id - assumed 'id' /var/www/html/wikewechat/APP/Runtime/Cache/Home/a59b5e3d0bfe1e0eebc9ef04a084f7b9.php 第 121 行.
NOTIC: [8] Use of undefined constant id - assumed 'id' /var/www/html/wikewechat/APP/Runtime/Cache/Home/a59b5e3d0bfe1e0eebc9ef04a084f7b9.php 第 121 行.
NOTIC: [8] Use of undefined constant name - assumed 'name' /var/www/html/wikewechat/APP/Runtime/Cache/Home/a59b5e3d0bfe1e0eebc9ef04a084f7b9.php 第 123 行.
NOTIC: [8] Use of undefined constant tdev - assumed 'tdev' /var/www/html/wikewechat/APP/Runtime/Cache/Home/a59b5e3d0bfe1e0eebc9ef04a084f7b9.php 第 125 行.
NOTIC: [8] Use of undefined constant id - assumed 'id' /var/www/html/wikewechat/APP/Runtime/Cache/Home/a59b5e3d0bfe1e0eebc9ef04a084f7b9.php 第 121 行.
NOTIC: [8] Use of undefined constant id - assumed 'id' /var/www/html/wikewechat/APP/Runtime/Cache/Home/a59b5e3d0bfe1e0eebc9ef04a084f7b9.php 第 121 行.
NOTIC: [8] Use of undefined constant name - assumed 'name' /var/www/html/wikewechat/APP/Runtime/Cache/Home/a59b5e3d0bfe1e0eebc9ef04a084f7b9.php 第 123 行.
NOTIC: [8] Use of undefined constant tdev - assumed 'tdev' /var/www/html/wikewechat/APP/Runtime/Cache/Home/a59b5e3d0bfe1e0eebc9ef04a084f7b9.php 第 125 行.
NOTIC: [8] Use of undefined constant name - assumed 'name' /var/www/html/wikewechat/APP/Runtime/Cache/Home/a59b5e3d0bfe1e0eebc9ef04a084f7b9.php 第 119 行.
NOTIC: [8] Use of undefined constant course - assumed 'course' /var/www/html/wikewechat/APP/Runtime/Cache/Home/a59b5e3d0bfe1e0eebc9ef04a084f7b9.php 第 121 行.
NOTIC: [8] Use of undefined constant course - assumed 'course' /var/www/html/wikewechat/APP/Runtime/Cache/Home/a59b5e3d0bfe1e0eebc9ef04a084f7b9.php 第 121 行.
NOTIC: [8] Use of undefined constant id - assumed 'id' /var/www/html/wikewechat/APP/Runtime/Cache/Home/a59b5e3d0bfe1e0eebc9ef04a084f7b9.php 第 121 行.
NOTIC: [8] Use of undefined constant id - assumed 'id' /var/www/html/wikewechat/APP/Runtime/Cache/Home/a59b5e3d0bfe1e0eebc9ef04a084f7b9.php 第 121 行.
NOTIC: [8] Use of undefined constant name - assumed 'name' /var/www/html/wikewechat/APP/Runtime/Cache/Home/a59b5e3d0bfe1e0eebc9ef04a084f7b9.php 第 123 行.
NOTIC: [8] Use of undefined constant tdev - assumed 'tdev' /var/www/html/wikewechat/APP/Runtime/Cache/Home/a59b5e3d0bfe1e0eebc9ef04a084f7b9.php 第 125 行.
NOTIC: [8] Use of undefined constant id - assumed 'id' /var/www/html/wikewechat/APP/Runtime/Cache/Home/a59b5e3d0bfe1e0eebc9ef04a084f7b9.php 第 121 行.
NOTIC: [8] Use of undefined constant id - assumed 'id' /var/www/html/wikewechat/APP/Runtime/Cache/Home/a59b5e3d0bfe1e0eebc9ef04a084f7b9.php 第 121 行.
NOTIC: [8] Use of undefined constant name - assumed 'name' /var/www/html/wikewechat/APP/Runtime/Cache/Home/a59b5e3d0bfe1e0eebc9ef04a084f7b9.php 第 123 行.
NOTIC: [8] Use of undefined constant tdev - assumed 'tdev' /var/www/html/wikewechat/APP/Runtime/Cache/Home/a59b5e3d0bfe1e0eebc9ef04a084f7b9.php 第 125 行.
NOTIC: [8] Use of undefined constant name - assumed 'name' /var/www/html/wikewechat/APP/Runtime/Cache/Home/a59b5e3d0bfe1e0eebc9ef04a084f7b9.php 第 119 行.
NOTIC: [8] Use of undefined constant course - assumed 'course' /var/www/html/wikewechat/APP/Runtime/Cache/Home/a59b5e3d0bfe1e0eebc9ef04a084f7b9.php 第 121 行.
NOTIC: [8] Use of undefined constant course - assumed 'course' /var/www/html/wikewechat/APP/Runtime/Cache/Home/a59b5e3d0bfe1e0eebc9ef04a084f7b9.php 第 121 行.
NOTIC: [8] Use of undefined constant id - assumed 'id' /var/www/html/wikewechat/APP/Runtime/Cache/Home/a59b5e3d0bfe1e0eebc9ef04a084f7b9.php 第 121 行.
NOTIC: [8] Use of undefined constant id - assumed 'id' /var/www/html/wikewechat/APP/Runtime/Cache/Home/a59b5e3d0bfe1e0eebc9ef04a084f7b9.php 第 121 行.
NOTIC: [8] Use of undefined constant name - assumed 'name' /var/www/html/wikewechat/APP/Runtime/Cache/Home/a59b5e3d0bfe1e0eebc9ef04a084f7b9.php 第 123 行.
NOTIC: [8] Use of undefined constant tdev - assumed 'tdev' /var/www/html/wikewechat/APP/Runtime/Cache/Home/a59b5e3d0bfe1e0eebc9ef04a084f7b9.php 第 125 行.
NOTIC: [8] Use of undefined constant name - assumed 'name' /var/www/html/wikewechat/APP/Runtime/Cache/Home/a59b5e3d0bfe1e0eebc9ef04a084f7b9.php 第 119 行.
NOTIC: [8] Use of undefined constant course - assumed 'course' /var/www/html/wikewechat/APP/Runtime/Cache/Home/a59b5e3d0bfe1e0eebc9ef04a084f7b9.php 第 121 行.
NOTIC: [8] Use of undefined constant course - assumed 'course' /var/www/html/wikewechat/APP/Runtime/Cache/Home/a59b5e3d0bfe1e0eebc9ef04a084f7b9.php 第 121 行.
NOTIC: [8] Use of undefined constant id - assumed 'id' /var/www/html/wikewechat/APP/Runtime/Cache/Home/a59b5e3d0bfe1e0eebc9ef04a084f7b9.php 第 121 行.
NOTIC: [8] Use of undefined constant id - assumed 'id' /var/www/html/wikewechat/APP/Runtime/Cache/Home/a59b5e3d0bfe1e0eebc9ef04a084f7b9.php 第 121 行.
NOTIC: [8] Use of undefined constant name - assumed 'name' /var/www/html/wikewechat/APP/Runtime/Cache/Home/a59b5e3d0bfe1e0eebc9ef04a084f7b9.php 第 123 行.
NOTIC: [8] Use of undefined constant tdev - assumed 'tdev' /var/www/html/wikewechat/APP/Runtime/Cache/Home/a59b5e3d0bfe1e0eebc9ef04a084f7b9.php 第 125 行.
INFO: Run Behavior\ParseTemplateBehavior [ RunTime:0.005063s ]
INFO: [ view_parse ] --END-- [ RunTime:0.005098s ]
INFO: [ view_filter ] --START--
INFO: Run Behavior\WriteHtmlCacheBehavior [ RunTime:0.000037s ]
INFO: [ view_filter ] --END-- [ RunTime:0.000061s ]
INFO: [ app_end ] --START--
INFO: Run Behavior\ShowPageTraceBehavior [ RunTime:0.000034s ]
INFO: [ app_end ] --END-- [ RunTime:0.000061s ]

[ 2016-10-23T15:58:25+08:00 ] 101.226.65.107 /wikewechat/
INFO: [ app_begin ] --START--
INFO: Run Behavior\ReadHtmlCacheBehavior [ RunTime:0.000034s ]
INFO: [ app_begin ] --END-- [ RunTime:0.000093s ]
NOTIC: [8] A session had already been started - ignoring session_start() /var/www/html/wikewechat/APP/Home/Controller/IndexController.class.php 第 4 行.
NOTIC: [8] A session had already been started - ignoring session_start() /var/www/html/wikewechat/APP/Home/Controller/IndexController.class.php 第 12 行.
SQL: SHOW COLUMNS FROM `wike_direction` [ RunTime:0.0096s ]
SQL: SELECT * FROM `wike_direction`  [ RunTime:0.0091s ]
SQL: SHOW COLUMNS FROM `wike_type` [ RunTime:0.0095s ]
SQL: SELECT * FROM `wike_type` WHERE ( did=1 )  [ RunTime:0.0093s ]
SQL: SELECT * FROM `wike_type` WHERE ( did=2 )  [ RunTime:0.0092s ]
SQL: SELECT * FROM `wike_type` WHERE ( did=3 )  [ RunTime:0.0091s ]
SQL: SELECT * FROM `wike_type` WHERE ( did=4 )  [ RunTime:0.0092s ]
SQL: SELECT * FROM `wike_type` WHERE ( did=5 )  [ RunTime:0.0093s ]
DEBUG: session:Array
(
)

NOTIC: [8] Undefined index: stu_id /var/www/html/wikewechat/APP/Home/Controller/IndexController.class.php 第 26 行.
NOTIC: [8] Undefined index: stu_id /var/www/html/wikewechat/APP/Home/Controller/IndexController.class.php 第 29 行.
INFO: [ view_parse ] --START--
INFO: [ template_filter ] --START--
INFO: Run Behavior\ContentReplaceBehavior [ RunTime:0.000037s ]
INFO: [ template_filter ] --END-- [ RunTime:0.000072s ]
NOTIC: [8] Use of undefined constant name - assumed 'name' /var/www/html/wikewechat/APP/Runtime/Cache/Home/a59b5e3d0bfe1e0eebc9ef04a084f7b9.php 第 119 行.
NOTIC: [8] Use of undefined constant course - assumed 'course' /var/www/html/wikewechat/APP/Runtime/Cache/Home/a59b5e3d0bfe1e0eebc9ef04a084f7b9.php 第 121 行.
NOTIC: [8] Use of undefined constant course - assumed 'course' /var/www/html/wikewechat/APP/Runtime/Cache/Home/a59b5e3d0bfe1e0eebc9ef04a084f7b9.php 第 121 行.
NOTIC: [8] Use of undefined constant id - assumed 'id' /var/www/html/wikewechat/APP/Runtime/Cache/Home/a59b5e3d0bfe1e0eebc9ef04a084f7b9.php 第 121 行.
NOTIC: [8] Use of undefined constant id - assumed 'id' /var/www/html/wikewechat/APP/Runtime/Cache/Home/a59b5e3d0bfe1e0eebc9ef04a084f7b9.php 第 121 行.
NOTIC: [8] Use of undefined constant name - assumed 'name' /var/www/html/wikewechat/APP/Runtime/Cache/Home/a59b5e3d0bfe1e0eebc9ef04a084f7b9.php 第 123 行.
NOTIC: [8] Use of undefined constant tdev - assumed 'tdev' /var/www/html/wikewechat/APP/Runtime/Cache/Home/a59b5e3d0bfe1e0eebc9ef04a084f7b9.php 第 125 行.
NOTIC: [8] Use of undefined constant id - assumed 'id' /var/www/html/wikewechat/APP/Runtime/Cache/Home/a59b5e3d0bfe1e0eebc9ef04a084f7b9.php 第 121 行.
NOTIC: [8] Use of undefined constant id - assumed 'id' /var/www/html/wikewechat/APP/Runtime/Cache/Home/a59b5e3d0bfe1e0eebc9ef04a084f7b9.php 第 121 行.
NOTIC: [8] Use of undefined constant name - assumed 'name' /var/www/html/wikewechat/APP/Runtime/Cache/Home/a59b5e3d0bfe1e0eebc9ef04a084f7b9.php 第 123 行.
NOTIC: [8] Use of undefined constant tdev - assumed 'tdev' /var/www/html/wikewechat/APP/Runtime/Cache/Home/a59b5e3d0bfe1e0eebc9ef04a084f7b9.php 第 125 行.
NOTIC: [8] Use of undefined constant id - assumed 'id' /var/www/html/wikewechat/APP/Runtime/Cache/Home/a59b5e3d0bfe1e0eebc9ef04a084f7b9.php 第 121 行.
NOTIC: [8] Use of undefined constant id - assumed 'id' /var/www/html/wikewechat/APP/Runtime/Cache/Home/a59b5e3d0bfe1e0eebc9ef04a084f7b9.php 第 121 行.
NOTIC: [8] Use of undefined constant name - assumed 'name' /var/www/html/wikewechat/APP/Runtime/Cache/Home/a59b5e3d0bfe1e0eebc9ef04a084f7b9.php 第 123 行.
NOTIC: [8] Use of undefined constant tdev - assumed 'tdev' /var/www/html/wikewechat/APP/Runtime/Cache/Home/a59b5e3d0bfe1e0eebc9ef04a084f7b9.php 第 125 行.
NOTIC: [8] Use of undefined constant name - assumed 'name' /var/www/html/wikewechat/APP/Runtime/Cache/Home/a59b5e3d0bfe1e0eebc9ef04a084f7b9.php 第 119 行.
NOTIC: [8] Use of undefined constant course - assumed 'course' /var/www/html/wikewechat/APP/Runtime/Cache/Home/a59b5e3d0bfe1e0eebc9ef04a084f7b9.php 第 121 行.
NOTIC: [8] Use of undefined constant course - assumed 'course' /var/www/html/wikewechat/APP/Runtime/Cache/Home/a59b5e3d0bfe1e0eebc9ef04a084f7b9.php 第 121 行.
NOTIC: [8] Use of undefined constant id - assumed 'id' /var/www/html/wikewechat/APP/Runtime/Cache/Home/a59b5e3d0bfe1e0eebc9ef04a084f7b9.php 第 121 行.
NOTIC: [8] Use of undefined constant id - assumed 'id' /var/www/html/wikewechat/APP/Runtime/Cache/Home/a59b5e3d0bfe1e0eebc9ef04a084f7b9.php 第 121 行.
NOTIC: [8] Use of undefined constant name - assumed 'name' /var/www/html/wikewechat/APP/Runtime/Cache/Home/a59b5e3d0bfe1e0eebc9ef04a084f7b9.php 第 123 行.
NOTIC: [8] Use of undefined constant tdev - assumed 'tdev' /var/www/html/wikewechat/APP/Runtime/Cache/Home/a59b5e3d0bfe1e0eebc9ef04a084f7b9.php 第 125 行.
NOTIC: [8] Use of undefined constant id - assumed 'id' /var/www/html/wikewechat/APP/Runtime/Cache/Home/a59b5e3d0bfe1e0eebc9ef04a084f7b9.php 第 121 行.
NOTIC: [8] Use of undefined constant id - assumed 'id' /var/www/html/wikewechat/APP/Runtime/Cache/Home/a59b5e3d0bfe1e0eebc9ef04a084f7b9.php 第 121 行.
NOTIC: [8] Use of undefined constant name - assumed 'name' /var/www/html/wikewechat/APP/Runtime/Cache/Home/a59b5e3d0bfe1e0eebc9ef04a084f7b9.php 第 123 行.
NOTIC: [8] Use of undefined constant tdev - assumed 'tdev' /var/www/html/wikewechat/APP/Runtime/Cache/Home/a59b5e3d0bfe1e0eebc9ef04a084f7b9.php 第 125 行.
NOTIC: [8] Use of undefined constant id - assumed 'id' /var/www/html/wikewechat/APP/Runtime/Cache/Home/a59b5e3d0bfe1e0eebc9ef04a084f7b9.php 第 121 行.
NOTIC: [8] Use of undefined constant id - assumed 'id' /var/www/html/wikewechat/APP/Runtime/Cache/Home/a59b5e3d0bfe1e0eebc9ef04a084f7b9.php 第 121 行.
NOTIC: [8] Use of undefined constant name - assumed 'name' /var/www/html/wikewechat/APP/Runtime/Cache/Home/a59b5e3d0bfe1e0eebc9ef04a084f7b9.php 第 123 行.
NOTIC: [8] Use of undefined constant tdev - assumed 'tdev' /var/www/html/wikewechat/APP/Runtime/Cache/Home/a59b5e3d0bfe1e0eebc9ef04a084f7b9.php 第 125 行.
NOTIC: [8] Use of undefined constant name - assumed 'name' /var/www/html/wikewechat/APP/Runtime/Cache/Home/a59b5e3d0bfe1e0eebc9ef04a084f7b9.php 第 119 行.
NOTIC: [8] Use of undefined constant course - assumed 'course' /var/www/html/wikewechat/APP/Runtime/Cache/Home/a59b5e3d0bfe1e0eebc9ef04a084f7b9.php 第 121 行.
NOTIC: [8] Use of undefined constant course - assumed 'course' /var/www/html/wikewechat/APP/Runtime/Cache/Home/a59b5e3d0bfe1e0eebc9ef04a084f7b9.php 第 121 行.
NOTIC: [8] Use of undefined constant id - assumed 'id' /var/www/html/wikewechat/APP/Runtime/Cache/Home/a59b5e3d0bfe1e0eebc9ef04a084f7b9.php 第 121 行.
NOTIC: [8] Use of undefined constant id - assumed 'id' /var/www/html/wikewechat/APP/Runtime/Cache/Home/a59b5e3d0bfe1e0eebc9ef04a084f7b9.php 第 121 行.
NOTIC: [8] Use of undefined constant name - assumed 'name' /var/www/html/wikewechat/APP/Runtime/Cache/Home/a59b5e3d0bfe1e0eebc9ef04a084f7b9.php 第 123 行.
NOTIC: [8] Use of undefined constant tdev - assumed 'tdev' /var/www/html/wikewechat/APP/Runtime/Cache/Home/a59b5e3d0bfe1e0eebc9ef04a084f7b9.php 第 125 行.
NOTIC: [8] Use of undefined constant id - assumed 'id' /var/www/html/wikewechat/APP/Runtime/Cache/Home/a59b5e3d0bfe1e0eebc9ef04a084f7b9.php 第 121 行.
NOTIC: [8] Use of undefined constant id - assumed 'id' /var/www/html/wikewechat/APP/Runtime/Cache/Home/a59b5e3d0bfe1e0eebc9ef04a084f7b9.php 第 121 行.
NOTIC: [8] Use of undefined constant name - assumed 'name' /var/www/html/wikewechat/APP/Runtime/Cache/Home/a59b5e3d0bfe1e0eebc9ef04a084f7b9.php 第 123 行.
NOTIC: [8] Use of undefined constant tdev - assumed 'tdev' /var/www/html/wikewechat/APP/Runtime/Cache/Home/a59b5e3d0bfe1e0eebc9ef04a084f7b9.php 第 125 行.
NOTIC: [8] Use of undefined constant name - assumed 'name' /var/www/html/wikewechat/APP/Runtime/Cache/Home/a59b5e3d0bfe1e0eebc9ef04a084f7b9.php 第 119 行.
NOTIC: [8] Use of undefined constant course - assumed 'course' /var/www/html/wikewechat/APP/Runtime/Cache/Home/a59b5e3d0bfe1e0eebc9ef04a084f7b9.php 第 121 行.
NOTIC: [8] Use of undefined constant course - assumed 'course' /var/www/html/wikewechat/APP/Runtime/Cache/Home/a59b5e3d0bfe1e0eebc9ef04a084f7b9.php 第 121 行.
NOTIC: [8] Use of undefined constant id - assumed 'id' /var/www/html/wikewechat/APP/Runtime/Cache/Home/a59b5e3d0bfe1e0eebc9ef04a084f7b9.php 第 121 行.
NOTIC: [8] Use of undefined constant id - assumed 'id' /var/www/html/wikewechat/APP/Runtime/Cache/Home/a59b5e3d0bfe1e0eebc9ef04a084f7b9.php 第 121 行.
NOTIC: [8] Use of undefined constant name - assumed 'name' /var/www/html/wikewechat/APP/Runtime/Cache/Home/a59b5e3d0bfe1e0eebc9ef04a084f7b9.php 第 123 行.
NOTIC: [8] Use of undefined constant tdev - assumed 'tdev' /var/www/html/wikewechat/APP/Runtime/Cache/Home/a59b5e3d0bfe1e0eebc9ef04a084f7b9.php 第 125 行.
NOTIC: [8] Use of undefined constant name - assumed 'name' /var/www/html/wikewechat/APP/Runtime/Cache/Home/a59b5e3d0bfe1e0eebc9ef04a084f7b9.php 第 119 行.
NOTIC: [8] Use of undefined constant course - assumed 'course' /var/www/html/wikewechat/APP/Runtime/Cache/Home/a59b5e3d0bfe1e0eebc9ef04a084f7b9.php 第 121 行.
NOTIC: [8] Use of undefined constant course - assumed 'course' /var/www/html/wikewechat/APP/Runtime/Cache/Home/a59b5e3d0bfe1e0eebc9ef04a084f7b9.php 第 121 行.
NOTIC: [8] Use of undefined constant id - assumed 'id' /var/www/html/wikewechat/APP/Runtime/Cache/Home/a59b5e3d0bfe1e0eebc9ef04a084f7b9.php 第 121 行.
NOTIC: [8] Use of undefined constant id - assumed 'id' /var/www/html/wikewechat/APP/Runtime/Cache/Home/a59b5e3d0bfe1e0eebc9ef04a084f7b9.php 第 121 行.
NOTIC: [8] Use of undefined constant name - assumed 'name' /var/www/html/wikewechat/APP/Runtime/Cache/Home/a59b5e3d0bfe1e0eebc9ef04a084f7b9.php 第 123 行.
NOTIC: [8] Use of undefined constant tdev - assumed 'tdev' /var/www/html/wikewechat/APP/Runtime/Cache/Home/a59b5e3d0bfe1e0eebc9ef04a084f7b9.php 第 125 行.
INFO: Run Behavior\ParseTemplateBehavior [ RunTime:0.005099s ]
INFO: [ view_parse ] --END-- [ RunTime:0.005135s ]
INFO: [ view_filter ] --START--
INFO: Run Behavior\WriteHtmlCacheBehavior [ RunTime:0.000036s ]
INFO: [ view_filter ] --END-- [ RunTime:0.000060s ]
INFO: [ app_end ] --START--
INFO: Run Behavior\ShowPageTraceBehavior [ RunTime:0.000048s ]
INFO: [ app_end ] --END-- [ RunTime:0.000077s ]

