[ 2017-03-14T15:23:55+08:00 ] 172.18.91.2 /WikeServer/
INFO: [ app_begin ] --START--
INFO: Run Behavior\ReadHtmlCacheBehavior [ RunTime:0.000753s ]
INFO: [ app_begin ] --END-- [ RunTime:0.001357s ]
NOTIC: [8] A session had already been started - ignoring session_start() D:\wamp\www\WikeServer\APP\Home\Controller\IndexController.class.php 第 4 行.
NOTIC: [8] A session had already been started - ignoring session_start() D:\wamp\www\WikeServer\APP\Home\Controller\IndexController.class.php 第 12 行.
SQL: SHOW COLUMNS FROM `wike_direction` [ RunTime:0.0435s ]
SQL: SELECT * FROM `wike_direction`  [ RunTime:0.0006s ]
SQL: SHOW COLUMNS FROM `wike_type` [ RunTime:0.0229s ]
SQL: SELECT * FROM `wike_type` WHERE ( did=1 )  [ RunTime:0.0021s ]
SQL: SELECT * FROM `wike_type` WHERE ( did=2 )  [ RunTime:0.0002s ]
SQL: SELECT * FROM `wike_type` WHERE ( did=3 )  [ RunTime:0.0002s ]
SQL: SELECT * FROM `wike_type` WHERE ( did=4 )  [ RunTime:0.0002s ]
SQL: SELECT * FROM `wike_type` WHERE ( did=5 )  [ RunTime:0.0002s ]
DEBUG: session:Array
(
)

NOTIC: [8] Undefined index: stu_id D:\wamp\www\WikeServer\APP\Home\Controller\IndexController.class.php 第 26 行.
NOTIC: [8] Undefined index: stu_id D:\wamp\www\WikeServer\APP\Home\Controller\IndexController.class.php 第 29 行.
INFO: [ view_parse ] --START--
INFO: [ template_filter ] --START--
INFO: Run Behavior\ContentReplaceBehavior [ RunTime:0.000092s ]
INFO: [ template_filter ] --END-- [ RunTime:0.000206s ]
NOTIC: [8] Use of undefined constant name - assumed 'name' D:\wamp\www\WikeServer\APP\Runtime\Cache\Home\a59b5e3d0bfe1e0eebc9ef04a084f7b9.php 第 119 行.
NOTIC: [8] Use of undefined constant course - assumed 'course' D:\wamp\www\WikeServer\APP\Runtime\Cache\Home\a59b5e3d0bfe1e0eebc9ef04a084f7b9.php 第 121 行.
NOTIC: [8] Use of undefined constant course - assumed 'course' D:\wamp\www\WikeServer\APP\Runtime\Cache\Home\a59b5e3d0bfe1e0eebc9ef04a084f7b9.php 第 121 行.
NOTIC: [8] Use of undefined constant id - assumed 'id' D:\wamp\www\WikeServer\APP\Runtime\Cache\Home\a59b5e3d0bfe1e0eebc9ef04a084f7b9.php 第 121 行.
NOTIC: [8] Use of undefined constant id - assumed 'id' D:\wamp\www\WikeServer\APP\Runtime\Cache\Home\a59b5e3d0bfe1e0eebc9ef04a084f7b9.php 第 121 行.
NOTIC: [8] Use of undefined constant name - assumed 'name' D:\wamp\www\WikeServer\APP\Runtime\Cache\Home\a59b5e3d0bfe1e0eebc9ef04a084f7b9.php 第 123 行.
NOTIC: [8] Use of undefined constant tdev - assumed 'tdev' D:\wamp\www\WikeServer\APP\Runtime\Cache\Home\a59b5e3d0bfe1e0eebc9ef04a084f7b9.php 第 125 行.
NOTIC: [8] Use of undefined constant id - assumed 'id' D:\wamp\www\WikeServer\APP\Runtime\Cache\Home\a59b5e3d0bfe1e0eebc9ef04a084f7b9.php 第 121 行.
NOTIC: [8] Use of undefined constant id - assumed 'id' D:\wamp\www\WikeServer\APP\Runtime\Cache\Home\a59b5e3d0bfe1e0eebc9ef04a084f7b9.php 第 121 行.
NOTIC: [8] Use of undefined constant name - assumed 'name' D:\wamp\www\WikeServer\APP\Runtime\Cache\Home\a59b5e3d0bfe1e0eebc9ef04a084f7b9.php 第 123 行.
NOTIC: [8] Use of undefined constant tdev - assumed 'tdev' D:\wamp\www\WikeServer\APP\Runtime\Cache\Home\a59b5e3d0bfe1e0eebc9ef04a084f7b9.php 第 125 行.
NOTIC: [8] Use of undefined constant id - assumed 'id' D:\wamp\www\WikeServer\APP\Runtime\Cache\Home\a59b5e3d0bfe1e0eebc9ef04a084f7b9.php 第 121 行.
NOTIC: [8] Use of undefined constant id - assumed 'id' D:\wamp\www\WikeServer\APP\Runtime\Cache\Home\a59b5e3d0bfe1e0eebc9ef04a084f7b9.php 第 121 行.
NOTIC: [8] Use of undefined constant name - assumed 'name' D:\wamp\www\WikeServer\APP\Runtime\Cache\Home\a59b5e3d0bfe1e0eebc9ef04a084f7b9.php 第 123 行.
NOTIC: [8] Use of undefined constant tdev - assumed 'tdev' D:\wamp\www\WikeServer\APP\Runtime\Cache\Home\a59b5e3d0bfe1e0eebc9ef04a084f7b9.php 第 125 行.
NOTIC: [8] Use of undefined constant name - assumed 'name' D:\wamp\www\WikeServer\APP\Runtime\Cache\Home\a59b5e3d0bfe1e0eebc9ef04a084f7b9.php 第 119 行.
NOTIC: [8] Use of undefined constant course - assumed 'course' D:\wamp\www\WikeServer\APP\Runtime\Cache\Home\a59b5e3d0bfe1e0eebc9ef04a084f7b9.php 第 121 行.
NOTIC: [8] Use of undefined constant course - assumed 'course' D:\wamp\www\WikeServer\APP\Runtime\Cache\Home\a59b5e3d0bfe1e0eebc9ef04a084f7b9.php 第 121 行.
NOTIC: [8] Use of undefined constant id - assumed 'id' D:\wamp\www\WikeServer\APP\Runtime\Cache\Home\a59b5e3d0bfe1e0eebc9ef04a084f7b9.php 第 121 行.
NOTIC: [8] Use of undefined constant id - assumed 'id' D:\wamp\www\WikeServer\APP\Runtime\Cache\Home\a59b5e3d0bfe1e0eebc9ef04a084f7b9.php 第 121 行.
NOTIC: [8] Use of undefined constant name - assumed 'name' D:\wamp\www\WikeServer\APP\Runtime\Cache\Home\a59b5e3d0bfe1e0eebc9ef04a084f7b9.php 第 123 行.
NOTIC: [8] Use of undefined constant tdev - assumed 'tdev' D:\wamp\www\WikeServer\APP\Runtime\Cache\Home\a59b5e3d0bfe1e0eebc9ef04a084f7b9.php 第 125 行.
NOTIC: [8] Use of undefined constant id - assumed 'id' D:\wamp\www\WikeServer\APP\Runtime\Cache\Home\a59b5e3d0bfe1e0eebc9ef04a084f7b9.php 第 121 行.
NOTIC: [8] Use of undefined constant id - assumed 'id' D:\wamp\www\WikeServer\APP\Runtime\Cache\Home\a59b5e3d0bfe1e0eebc9ef04a084f7b9.php 第 121 行.
NOTIC: [8] Use of undefined constant name - assumed 'name' D:\wamp\www\WikeServer\APP\Runtime\Cache\Home\a59b5e3d0bfe1e0eebc9ef04a084f7b9.php 第 123 行.
NOTIC: [8] Use of undefined constant tdev - assumed 'tdev' D:\wamp\www\WikeServer\APP\Runtime\Cache\Home\a59b5e3d0bfe1e0eebc9ef04a084f7b9.php 第 125 行.
NOTIC: [8] Use of undefined constant name - assumed 'name' D:\wamp\www\WikeServer\APP\Runtime\Cache\Home\a59b5e3d0bfe1e0eebc9ef04a084f7b9.php 第 119 行.
NOTIC: [8] Use of undefined constant course - assumed 'course' D:\wamp\www\WikeServer\APP\Runtime\Cache\Home\a59b5e3d0bfe1e0eebc9ef04a084f7b9.php 第 121 行.
NOTIC: [8] Use of undefined constant course - assumed 'course' D:\wamp\www\WikeServer\APP\Runtime\Cache\Home\a59b5e3d0bfe1e0eebc9ef04a084f7b9.php 第 121 行.
NOTIC: [8] Use of undefined constant id - assumed 'id' D:\wamp\www\WikeServer\APP\Runtime\Cache\Home\a59b5e3d0bfe1e0eebc9ef04a084f7b9.php 第 121 行.
NOTIC: [8] Use of undefined constant id - assumed 'id' D:\wamp\www\WikeServer\APP\Runtime\Cache\Home\a59b5e3d0bfe1e0eebc9ef04a084f7b9.php 第 121 行.
NOTIC: [8] Use of undefined constant name - assumed 'name' D:\wamp\www\WikeServer\APP\Runtime\Cache\Home\a59b5e3d0bfe1e0eebc9ef04a084f7b9.php 第 123 行.
NOTIC: [8] Use of undefined constant tdev - assumed 'tdev' D:\wamp\www\WikeServer\APP\Runtime\Cache\Home\a59b5e3d0bfe1e0eebc9ef04a084f7b9.php 第 125 行.
NOTIC: [8] Use of undefined constant id - assumed 'id' D:\wamp\www\WikeServer\APP\Runtime\Cache\Home\a59b5e3d0bfe1e0eebc9ef04a084f7b9.php 第 121 行.
NOTIC: [8] Use of undefined constant id - assumed 'id' D:\wamp\www\WikeServer\APP\Runtime\Cache\Home\a59b5e3d0bfe1e0eebc9ef04a084f7b9.php 第 121 行.
NOTIC: [8] Use of undefined constant name - assumed 'name' D:\wamp\www\WikeServer\APP\Runtime\Cache\Home\a59b5e3d0bfe1e0eebc9ef04a084f7b9.php 第 123 行.
NOTIC: [8] Use of undefined constant tdev - assumed 'tdev' D:\wamp\www\WikeServer\APP\Runtime\Cache\Home\a59b5e3d0bfe1e0eebc9ef04a084f7b9.php 第 125 行.
NOTIC: [8] Use of undefined constant name - assumed 'name' D:\wamp\www\WikeServer\APP\Runtime\Cache\Home\a59b5e3d0bfe1e0eebc9ef04a084f7b9.php 第 119 行.
NOTIC: [8] Use of undefined constant course - assumed 'course' D:\wamp\www\WikeServer\APP\Runtime\Cache\Home\a59b5e3d0bfe1e0eebc9ef04a084f7b9.php 第 121 行.
NOTIC: [8] Use of undefined constant course - assumed 'course' D:\wamp\www\WikeServer\APP\Runtime\Cache\Home\a59b5e3d0bfe1e0eebc9ef04a084f7b9.php 第 121 行.
NOTIC: [8] Use of undefined constant id - assumed 'id' D:\wamp\www\WikeServer\APP\Runtime\Cache\Home\a59b5e3d0bfe1e0eebc9ef04a084f7b9.php 第 121 行.
NOTIC: [8] Use of undefined constant id - assumed 'id' D:\wamp\www\WikeServer\APP\Runtime\Cache\Home\a59b5e3d0bfe1e0eebc9ef04a084f7b9.php 第 121 行.
NOTIC: [8] Use of undefined constant name - assumed 'name' D:\wamp\www\WikeServer\APP\Runtime\Cache\Home\a59b5e3d0bfe1e0eebc9ef04a084f7b9.php 第 123 行.
NOTIC: [8] Use of undefined constant tdev - assumed 'tdev' D:\wamp\www\WikeServer\APP\Runtime\Cache\Home\a59b5e3d0bfe1e0eebc9ef04a084f7b9.php 第 125 行.
NOTIC: [8] Use of undefined constant name - assumed 'name' D:\wamp\www\WikeServer\APP\Runtime\Cache\Home\a59b5e3d0bfe1e0eebc9ef04a084f7b9.php 第 119 行.
NOTIC: [8] Use of undefined constant course - assumed 'course' D:\wamp\www\WikeServer\APP\Runtime\Cache\Home\a59b5e3d0bfe1e0eebc9ef04a084f7b9.php 第 121 行.
NOTIC: [8] Use of undefined constant course - assumed 'course' D:\wamp\www\WikeServer\APP\Runtime\Cache\Home\a59b5e3d0bfe1e0eebc9ef04a084f7b9.php 第 121 行.
NOTIC: [8] Use of undefined constant id - assumed 'id' D:\wamp\www\WikeServer\APP\Runtime\Cache\Home\a59b5e3d0bfe1e0eebc9ef04a084f7b9.php 第 121 行.
NOTIC: [8] Use of undefined constant id - assumed 'id' D:\wamp\www\WikeServer\APP\Runtime\Cache\Home\a59b5e3d0bfe1e0eebc9ef04a084f7b9.php 第 121 行.
NOTIC: [8] Use of undefined constant name - assumed 'name' D:\wamp\www\WikeServer\APP\Runtime\Cache\Home\a59b5e3d0bfe1e0eebc9ef04a084f7b9.php 第 123 行.
NOTIC: [8] Use of undefined constant tdev - assumed 'tdev' D:\wamp\www\WikeServer\APP\Runtime\Cache\Home\a59b5e3d0bfe1e0eebc9ef04a084f7b9.php 第 125 行.
INFO: Run Behavior\ParseTemplateBehavior [ RunTime:0.046296s ]
INFO: [ view_parse ] --END-- [ RunTime:0.046420s ]
INFO: [ view_filter ] --START--
INFO: Run Behavior\WriteHtmlCacheBehavior [ RunTime:0.000755s ]
INFO: [ view_filter ] --END-- [ RunTime:0.000835s ]
INFO: [ app_end ] --START--
INFO: Run Behavior\ShowPageTraceBehavior [ RunTime:0.000728s ]
INFO: [ app_end ] --END-- [ RunTime:0.000815s ]

[ 2017-03-14T18:03:33+08:00 ] 172.18.91.2 /WikeServer/Home/User/registerByPhone
ERR: 日志
[ 2017-03-14T18:03:34+08:00 ] 172.18.91.2 /WikeServer/Home/User/registerByPhone
INFO: [ app_begin ] --START--
INFO: Run Behavior\ReadHtmlCacheBehavior [ RunTime:0.001288s ]
INFO: [ app_begin ] --END-- [ RunTime:0.002324s ]
NOTIC: [8] Undefined index: name D:\wamp\www\WikeServer\APP\Home\Controller\UserController.class.php 第 80 行.
SQL: SHOW COLUMNS FROM `wike_stu` [ RunTime:0.0563s ]
SQL: INSERT INTO `wike_stu` (`password`,`gender`,`nickName`,`phone`,`self_describe`,`head_img`,`page_img`) VALUES ('e10adc3949ba59abbe56e057f20f883e','1','Liberty','13750050322','','','') [ RunTime:0.1508s ]
INFO: [ app_end ] --START--
INFO: Run Behavior\ShowPageTraceBehavior [ RunTime:0.002706s ]
INFO: [ app_end ] --END-- [ RunTime:0.003056s ]

[ 2017-03-14T18:10:13+08:00 ] 172.18.91.2 /WikeServer/Home/User/registerByPhone
ERR: 日志
[ 2017-03-14T18:10:13+08:00 ] 172.18.91.2 /WikeServer/Home/User/registerByPhone
INFO: [ app_begin ] --START--
INFO: Run Behavior\ReadHtmlCacheBehavior [ RunTime:0.001146s ]
INFO: [ app_begin ] --END-- [ RunTime:0.002027s ]
NOTIC: [8] Undefined index: name D:\wamp\www\WikeServer\APP\Home\Controller\UserController.class.php 第 80 行.
SQL: SHOW COLUMNS FROM `wike_stu` [ RunTime:0.0057s ]
SQL: INSERT INTO `wike_stu` (`password`,`gender`,`nickName`,`phone`,`self_describe`,`head_img`,`page_img`) VALUES ('e10adc3949ba59abbe56e057f20f883e','1','JAVA','13829171896','','','') [ RunTime:0.1833s ]
INFO: [ app_end ] --START--
INFO: Run Behavior\ShowPageTraceBehavior [ RunTime:0.000798s ]
INFO: [ app_end ] --END-- [ RunTime:0.000889s ]

[ 2017-03-14T18:50:11+08:00 ] 172.18.91.2 /WikeServer/Home/User/registerByPhone
ERR: 日志
[ 2017-03-14T18:50:11+08:00 ] 172.18.91.2 /WikeServer/Home/User/registerByPhone
INFO: [ app_begin ] --START--
INFO: Run Behavior\ReadHtmlCacheBehavior [ RunTime:0.001060s ]
INFO: [ app_begin ] --END-- [ RunTime:0.001948s ]
NOTIC: [8] Undefined index: name D:\wamp\www\WikeServer\APP\Home\Controller\UserController.class.php 第 80 行.
SQL: SHOW COLUMNS FROM `wike_stu` [ RunTime:0.0052s ]
SQL: INSERT INTO `wike_stu` (`password`,`gender`,`nickName`,`phone`,`self_describe`,`head_img`,`page_img`) VALUES ('e10adc3949ba59abbe56e057f20f883e','1','Jason','13712108126','','','') [ RunTime:0.1638s ]
INFO: [ app_end ] --START--
INFO: Run Behavior\ShowPageTraceBehavior [ RunTime:0.001443s ]
INFO: [ app_end ] --END-- [ RunTime:0.001633s ]

[ 2017-03-14T19:07:23+08:00 ] 172.18.91.2 /WikeServer/Home/User/registerByPhone
ERR: 日志
[ 2017-03-14T19:07:23+08:00 ] 172.18.91.2 /WikeServer/Home/User/registerByPhone
INFO: [ app_begin ] --START--
INFO: Run Behavior\ReadHtmlCacheBehavior [ RunTime:0.001035s ]
INFO: [ app_begin ] --END-- [ RunTime:0.001775s ]
NOTIC: [8] Undefined index: name D:\wamp\www\WikeServer\APP\Home\Controller\UserController.class.php 第 80 行.
SQL: SHOW COLUMNS FROM `wike_stu` [ RunTime:0.0130s ]
SQL: INSERT INTO `wike_stu` (`password`,`gender`,`nickName`,`phone`,`self_describe`,`head_img`,`page_img`) VALUES ('e10adc3949ba59abbe56e057f20f883e','2','live','13750050311','','','') [ RunTime:0.1067s ]
INFO: [ app_end ] --START--
INFO: Run Behavior\ShowPageTraceBehavior [ RunTime:0.002465s ]
INFO: [ app_end ] --END-- [ RunTime:0.002753s ]

[ 2017-03-14T21:15:38+08:00 ] 172.18.91.2 /WikeServer/Home/User/registerByPhone
ERR: 日志
[ 2017-03-14T21:15:38+08:00 ] 172.18.91.2 /WikeServer/Home/User/registerByPhone
INFO: [ app_begin ] --START--
INFO: Run Behavior\ReadHtmlCacheBehavior [ RunTime:0.001949s ]
INFO: [ app_begin ] --END-- [ RunTime:0.003438s ]
NOTIC: [8] Undefined index: name D:\wamp\www\WikeServer\APP\Home\Controller\UserController.class.php 第 80 行.
SQL: SHOW COLUMNS FROM `wike_stu` [ RunTime:0.0148s ]
SQL: INSERT INTO `wike_stu` (`password`,`gender`,`nickName`,`phone`,`self_describe`,`head_img`,`page_img`) VALUES ('e10adc3949ba59abbe56e057f20f883e','2','Michael','13750051936','','','') [ RunTime:0.0915s ]
INFO: [ app_end ] --START--
INFO: Run Behavior\ShowPageTraceBehavior [ RunTime:0.001982s ]
INFO: [ app_end ] --END-- [ RunTime:0.002274s ]

[ 2017-03-14T21:17:39+08:00 ] 172.18.91.2 /WikeServer/Home/User/registerByPhone
ERR: 日志
[ 2017-03-14T21:17:39+08:00 ] 172.18.91.2 /WikeServer/Home/User/registerByPhone
INFO: [ app_begin ] --START--
INFO: Run Behavior\ReadHtmlCacheBehavior [ RunTime:0.002375s ]
INFO: [ app_begin ] --END-- [ RunTime:0.003959s ]
SQL: SHOW COLUMNS FROM `wike_stu` [ RunTime:0.0064s ]
SQL: INSERT INTO `wike_stu` (`password`,`gender`,`nickName`,`phone`,`self_describe`,`head_img`,`page_img`) VALUES ('e10adc3949ba59abbe56e057f20f883e','1','Liberty','13750050322','','','') [ RunTime:0.0946s ]
INFO: [ app_end ] --START--
INFO: Run Behavior\ShowPageTraceBehavior [ RunTime:0.002410s ]
INFO: [ app_end ] --END-- [ RunTime:0.002706s ]

[ 2017-03-14T21:28:32+08:00 ] 172.18.91.2 /WikeServer/Home/User/registerByPhone
ERR: 日志
[ 2017-03-14T21:28:32+08:00 ] 172.18.91.2 /WikeServer/Home/User/registerByPhone
ERR: 
[ 2017-03-14T21:28:32+08:00 ] 172.18.91.2 /WikeServer/Home/User/registerByPhone
INFO: [ app_begin ] --START--
INFO: Run Behavior\ReadHtmlCacheBehavior [ RunTime:0.001115s ]
INFO: [ app_begin ] --END-- [ RunTime:0.001900s ]
SQL: SHOW COLUMNS FROM `wike_stu` [ RunTime:0.0165s ]
SQL: INSERT INTO `wike_stu` (`password`,`gender`,`nickName`,`phone`,`self_describe`,`head_img`,`page_img`) VALUES ('e10adc3949ba59abbe56e057f20f883e','2','live','13751151936','','','') [ RunTime:0.0670s ]
INFO: [ app_end ] --START--
INFO: Run Behavior\ShowPageTraceBehavior [ RunTime:0.002592s ]
INFO: [ app_end ] --END-- [ RunTime:0.002878s ]

[ 2017-03-14T21:31:47+08:00 ] 172.18.91.2 /WikeServer/Home/User/registerByPhone
ERR: 日志
[ 2017-03-14T21:31:47+08:00 ] 172.18.91.2 /WikeServer/Home/User/registerByPhone
ERR: 
[ 2017-03-14T21:31:47+08:00 ] 172.18.91.2 /WikeServer/Home/User/registerByPhone
INFO: [ app_begin ] --START--
INFO: Run Behavior\ReadHtmlCacheBehavior [ RunTime:0.001263s ]
INFO: [ app_begin ] --END-- [ RunTime:0.002070s ]
SQL: SHOW COLUMNS FROM `wike_stu` [ RunTime:0.0094s ]
SQL: INSERT INTO `wike_stu` (`password`,`gender`,`nickName`,`phone`,`self_describe`,`head_img`,`page_img`,`name`) VALUES ('e10adc3949ba59abbe56e057f20f883e','1','LIBERTY','13750050322','','','','林锦丰') [ RunTime:0.0888s ]
INFO: [ app_end ] --START--
INFO: Run Behavior\ShowPageTraceBehavior [ RunTime:0.002833s ]
INFO: [ app_end ] --END-- [ RunTime:0.003119s ]

[ 2017-03-14T21:32:43+08:00 ] 172.18.91.2 /WikeServer/Home/User/registerByEmail
INFO: [ app_begin ] --START--
INFO: Run Behavior\ReadHtmlCacheBehavior [ RunTime:0.001137s ]
INFO: [ app_begin ] --END-- [ RunTime:0.001867s ]
SQL: SHOW COLUMNS FROM `wike_stu` [ RunTime:0.0081s ]
SQL: INSERT INTO `wike_stu` (`password`,`gender`,`nickName`,`email`,`self_describe`,`head_img`,`page_img`,`name`) VALUES ('e10adc3949ba59abbe56e057f20f883e','1','live','13829171896@163.com','','','','林冠宏') [ RunTime:0.0770s ]
INFO: [ app_end ] --START--
INFO: Run Behavior\ShowPageTraceBehavior [ RunTime:0.003138s ]
INFO: [ app_end ] --END-- [ RunTime:0.003437s ]

