[ 2017-03-13T10:24:21+08:00 ] ::1 /WikeServer/index.php/Admin/Login/login.html
ERR: 日志
[ 2017-03-13T11:27:10+08:00 ] ::1 /WikeServer/Admin/Login/login.html
ERR: 日志
[ 2017-03-13T11:51:06+08:00 ] ::1 /WikeServer/Admin/Tndex/index.html
ERR: 无法加载控制器:Tndex

[ 2017-03-13T15:39:56+08:00 ] ::1 /WikeServer/Admin/Login/login.html
ERR: 日志
[ 2017-03-13T15:45:41+08:00 ] ::1 /WikeServer/Admin/Login/login.html
ERR: 日志
[ 2017-03-13T17:11:37+08:00 ] ::1 /WikeServer/Admin/Login/login.html
ERR: 日志
[ 2017-03-13T17:12:18+08:00 ] ::1 /WikeServer/Admin/Login/login.html
ERR: 日志
[ 2017-03-13T19:46:33+08:00 ] ::1 /WikeServer/Admin/Login/login.html
ERR: 日志
[ 2017-03-13T21:31:01+08:00 ] ::1 /WikeServer/Admin/Login/login.html
ERR: 日志
[ 2017-03-13T22:40:52+08:00 ] ::1 /WikeServer/Admin/Login/login.html
ERR: 日志
